[2m2021-11-23 00:01:29.442[0;39m [32m INFO[0;39m [35m29003[0;39m [2m---[0;39m [2m[nio-9999-exec-1][0;39m [36mc.s.vue.controller.HouseMapController   [0;39m [2m:[0;39m sido - 호출
[2m2021-11-23 00:01:35.319[0;39m [32m INFO[0;39m [35m29003[0;39m [2m---[0;39m [2m[nio-9999-exec-2][0;39m [36mc.s.vue.controller.HouseMapController   [0;39m [2m:[0;39m gugun - 호출
[2m2021-11-23 00:03:00.764[0;39m [33m WARN[0;39m [35m29003[0;39m [2m---[0;39m [2m[l-1 housekeeper][0;39m [36mcom.zaxxer.hikari.pool.HikariPool       [0;39m [2m:[0;39m HikariPool-1 - Retrograde clock change detected (housekeeper delta=27s839ms), soft-evicting connections from pool.
[2m2021-11-23 00:14:50.863[0;39m [32m INFO[0;39m [35m29003[0;39m [2m---[0;39m [2m[nio-9999-exec-5][0;39m [36mc.s.vue.controller.HouseMapController   [0;39m [2m:[0;39m sido - 호출
[2m2021-11-23 00:16:33.238[0;39m [32m INFO[0;39m [35m29003[0;39m [2m---[0;39m [2m[nio-9999-exec-7][0;39m [36mc.s.vue.controller.HouseMapController   [0;39m [2m:[0;39m sido - 호출
[2m2021-11-23 00:16:49.237[0;39m [32m INFO[0;39m [35m29003[0;39m [2m---[0;39m [2m[nio-9999-exec-8][0;39m [36mc.s.vue.controller.HouseMapController   [0;39m [2m:[0;39m sido - 호출
[2m2021-11-23 00:19:54.893[0;39m [32m INFO[0;39m [35m29003[0;39m [2m---[0;39m [2m[io-9999-exec-10][0;39m [36mc.s.vue.controller.HouseMapController   [0;39m [2m:[0;39m gugun - 호출
[2m2021-11-23 00:20:12.938[0;39m [32m INFO[0;39m [35m29003[0;39m [2m---[0;39m [2m[nio-9999-exec-2][0;39m [36mc.s.vue.controller.HouseMapController   [0;39m [2m:[0;39m sido - 호출
[2m2021-11-23 00:20:15.672[0;39m [32m INFO[0;39m [35m29003[0;39m [2m---[0;39m [2m[nio-9999-exec-3][0;39m [36mc.s.vue.controller.HouseMapController   [0;39m [2m:[0;39m sido - 호출
[2m2021-11-23 00:20:19.130[0;39m [32m INFO[0;39m [35m29003[0;39m [2m---[0;39m [2m[nio-9999-exec-4][0;39m [36mc.s.vue.controller.HouseMapController   [0;39m [2m:[0;39m gugun - 호출
[2m2021-11-23 00:35:11.768[0;39m [32m INFO[0;39m [35m29003[0;39m [2m---[0;39m [2m[nio-9999-exec-6][0;39m [36mc.s.vue.controller.HouseMapController   [0;39m [2m:[0;39m sido - 호출
[2m2021-11-23 00:35:19.226[0;39m [32m INFO[0;39m [35m29003[0;39m [2m---[0;39m [2m[nio-9999-exec-7][0;39m [36mc.s.vue.controller.HouseMapController   [0;39m [2m:[0;39m gugun - 호출
[2m2021-11-23 00:37:29.875[0;39m [32m INFO[0;39m [35m29003[0;39m [2m---[0;39m [2m[io-9999-exec-10][0;39m [36mc.s.vue.controller.HouseMapController   [0;39m [2m:[0;39m sido - 호출
[2m2021-11-23 00:37:46.185[0;39m [32m INFO[0;39m [35m29003[0;39m [2m---[0;39m [2m[nio-9999-exec-1][0;39m [36mc.s.vue.controller.HouseMapController   [0;39m [2m:[0;39m sido - 호출
[2m2021-11-23 00:38:17.732[0;39m [32m INFO[0;39m [35m29003[0;39m [2m---[0;39m [2m[nio-9999-exec-2][0;39m [36mc.s.vue.controller.HouseMapController   [0;39m [2m:[0;39m gugun - 호출
[2m2021-11-23 00:38:48.740[0;39m [32m INFO[0;39m [35m29003[0;39m [2m---[0;39m [2m[nio-9999-exec-4][0;39m [36mc.s.vue.controller.HouseMapController   [0;39m [2m:[0;39m sido - 호출
[2m2021-11-23 00:38:54.003[0;39m [32m INFO[0;39m [35m29003[0;39m [2m---[0;39m [2m[nio-9999-exec-5][0;39m [36mc.s.vue.controller.HouseMapController   [0;39m [2m:[0;39m gugun - 호출
[2m2021-11-23 00:39:33.530[0;39m [32m INFO[0;39m [35m29003[0;39m [2m---[0;39m [2m[nio-9999-exec-7][0;39m [36mc.s.vue.controller.HouseMapController   [0;39m [2m:[0;39m sido - 호출
[2m2021-11-23 00:39:46.615[0;39m [32m INFO[0;39m [35m29003[0;39m [2m---[0;39m [2m[nio-9999-exec-8][0;39m [36mc.s.vue.controller.HouseMapController   [0;39m [2m:[0;39m gugun - 호출
[2m2021-11-23 00:42:18.167[0;39m [32m INFO[0;39m [35m29003[0;39m [2m---[0;39m [2m[nio-9999-exec-1][0;39m [36mc.s.vue.controller.HouseMapController   [0;39m [2m:[0;39m sido - 호출
[2m2021-11-23 00:42:20.705[0;39m [32m INFO[0;39m [35m29003[0;39m [2m---[0;39m [2m[nio-9999-exec-2][0;39m [36mc.s.vue.controller.HouseMapController   [0;39m [2m:[0;39m gugun - 호출
[2m2021-11-23 00:49:07.807[0;39m [32m INFO[0;39m [35m29003[0;39m [2m---[0;39m [2m[nio-9999-exec-5][0;39m [36mc.s.vue.controller.HouseMapController   [0;39m [2m:[0;39m sido - 호출
[2m2021-11-23 00:49:11.676[0;39m [32m INFO[0;39m [35m29003[0;39m [2m---[0;39m [2m[nio-9999-exec-6][0;39m [36mc.s.vue.controller.HouseMapController   [0;39m [2m:[0;39m sido - 호출
[2m2021-11-23 00:49:13.481[0;39m [32m INFO[0;39m [35m29003[0;39m [2m---[0;39m [2m[nio-9999-exec-7][0;39m [36mc.s.vue.controller.HouseMapController   [0;39m [2m:[0;39m gugun - 호출
[2m2021-11-23 00:49:30.912[0;39m [32m INFO[0;39m [35m29003[0;39m [2m---[0;39m [2m[nio-9999-exec-9][0;39m [36mc.s.vue.controller.HouseMapController   [0;39m [2m:[0;39m sido - 호출
[2m2021-11-23 00:49:57.853[0;39m [32m INFO[0;39m [35m29003[0;39m [2m---[0;39m [2m[io-9999-exec-10][0;39m [36mc.s.vue.controller.HouseMapController   [0;39m [2m:[0;39m gugun - 호출
[2m2021-11-23 01:01:20.572[0;39m [32m INFO[0;39m [35m29003[0;39m [2m---[0;39m [2m[nio-9999-exec-3][0;39m [36mc.s.vue.controller.HouseMapController   [0;39m [2m:[0;39m sido - 호출
[2m2021-11-23 01:04:10.016[0;39m [32m INFO[0;39m [35m29003[0;39m [2m---[0;39m [2m[nio-9999-exec-5][0;39m [36mc.s.vue.controller.HouseMapController   [0;39m [2m:[0;39m gugun - 호출
[2m2021-11-23 01:08:32.212[0;39m [32m INFO[0;39m [35m29003[0;39m [2m---[0;39m [2m[nio-9999-exec-8][0;39m [36mc.s.vue.controller.HouseMapController   [0;39m [2m:[0;39m sido - 호출
[2m2021-11-23 01:10:27.148[0;39m [32m INFO[0;39m [35m29003[0;39m [2m---[0;39m [2m[nio-9999-exec-8][0;39m [36mc.s.vue.controller.HouseMapController   [0;39m [2m:[0;39m sido - 호출
[2m2021-11-23 01:10:47.862[0;39m [32m INFO[0;39m [35m29003[0;39m [2m---[0;39m [2m[nio-9999-exec-4][0;39m [36mc.s.vue.controller.HouseMapController   [0;39m [2m:[0;39m sido - 호출
[2m2021-11-23 01:11:28.425[0;39m [32m INFO[0;39m [35m29003[0;39m [2m---[0;39m [2m[nio-9999-exec-7][0;39m [36mc.s.vue.controller.HouseMapController   [0;39m [2m:[0;39m sido - 호출
[2m2021-11-23 01:17:07.146[0;39m [32m INFO[0;39m [35m29003[0;39m [2m---[0;39m [2m[io-9999-exec-10][0;39m [36mc.s.vue.controller.HouseMapController   [0;39m [2m:[0;39m sido - 호출
[2m2021-11-23 01:19:42.601[0;39m [32mDEBUG[0;39m [35m29003[0;39m [2m---[0;39m [2m[nio-9999-exec-3][0;39m [36mc.ssafy.vue.controller.MemberController [0;39m [2m:[0;39m 로그인 토큰정보 : eyJ0eXAiOiJKV1QiLCJyZWdEYXRlIjoxNjM3NTk3OTgyNTc1LCJhbGciOiJIUzI1NiJ9.eyJleHAiOjE2Mzc2MDE1ODIsInN1YiI6ImFjY2Vzcy10b2tlbiIsInVzZXJpZCI6InNzIn0.zONRZMrMCZHtzVarXVpY7caY0QmrGNPmEdk5FomrazA
[2m2021-11-23 01:19:42.637[0;39m [32m INFO[0;39m [35m29003[0;39m [2m---[0;39m [2m[nio-9999-exec-5][0;39m [36mc.ssafy.vue.controller.MemberController [0;39m [2m:[0;39m 사용 가능한 토큰!!!
[2m2021-11-23 01:19:48.744[0;39m [32m INFO[0;39m [35m29003[0;39m [2m---[0;39m [2m[nio-9999-exec-6][0;39m [36mcom.ssafy.vue.controller.QnaController  [0;39m [2m:[0;39m listArticle - 호출
[2m2021-11-23 01:21:16.012[0;39m [32m INFO[0;39m [35m29003[0;39m [2m---[0;39m [2m[nio-9999-exec-8][0;39m [36mcom.ssafy.vue.controller.QnaController  [0;39m [2m:[0;39m listArticle - 호출
[2m2021-11-23 01:28:59.592[0;39m [32m INFO[0;39m [35m29003[0;39m [2m---[0;39m [2m[io-9999-exec-10][0;39m [36mcom.ssafy.vue.controller.QnaController  [0;39m [2m:[0;39m listArticle - 호출
[2m2021-11-23 01:29:05.586[0;39m [32m INFO[0;39m [35m29003[0;39m [2m---[0;39m [2m[nio-9999-exec-1][0;39m [36mc.s.vue.controller.HouseMapController   [0;39m [2m:[0;39m sido - 호출
[2m2021-11-23 01:29:16.617[0;39m [32m INFO[0;39m [35m29003[0;39m [2m---[0;39m [2m[nio-9999-exec-2][0;39m [36mcom.ssafy.vue.controller.QnaController  [0;39m [2m:[0;39m listArticle - 호출
[2m2021-11-23 01:29:18.999[0;39m [32m INFO[0;39m [35m29003[0;39m [2m---[0;39m [2m[nio-9999-exec-3][0;39m [36mc.s.vue.controller.HouseMapController   [0;39m [2m:[0;39m sido - 호출
[2m2021-11-23 01:29:31.346[0;39m [32m INFO[0;39m [35m29003[0;39m [2m---[0;39m [2m[nio-9999-exec-4][0;39m [36mc.ssafy.vue.controller.BoardController  [0;39m [2m:[0;39m listArticle - 호출
[2m2021-11-23 01:29:33.394[0;39m [32m INFO[0;39m [35m29003[0;39m [2m---[0;39m [2m[nio-9999-exec-5][0;39m [36mc.s.vue.controller.HouseMapController   [0;39m [2m:[0;39m sido - 호출
[2m2021-11-23 01:31:53.700[0;39m [32m INFO[0;39m [35m29003[0;39m [2m---[0;39m [2m[nio-9999-exec-7][0;39m [36mcom.ssafy.vue.controller.QnaController  [0;39m [2m:[0;39m listArticle - 호출
[2m2021-11-23 01:32:06.700[0;39m [32m INFO[0;39m [35m29003[0;39m [2m---[0;39m [2m[nio-9999-exec-8][0;39m [36mc.s.vue.controller.HouseMapController   [0;39m [2m:[0;39m sido - 호출
[2m2021-11-23 01:54:24.610[0;39m [32m INFO[0;39m [35m29003[0;39m [2m---[0;39m [2m[(306)-127.0.0.1][0;39m [36minMXBeanRegistrar$SpringApplicationAdmin[0;39m [2m:[0;39m Application shutdown requested.
[2m2021-11-23 09:17:24.377[0;39m [32m INFO[0;39m [35m2883[0;39m [2m---[0;39m [2m[  restartedMain][0;39m [36m.e.DevToolsPropertyDefaultsPostProcessor[0;39m [2m:[0;39m Devtools property defaults active! Set 'spring.devtools.add-properties' to 'false' to disable
[2m2021-11-23 09:17:24.378[0;39m [32m INFO[0;39m [35m2883[0;39m [2m---[0;39m [2m[  restartedMain][0;39m [36m.e.DevToolsPropertyDefaultsPostProcessor[0;39m [2m:[0;39m For additional web related logging consider setting the 'logging.level.web' property to 'DEBUG'
[2m2021-11-23 09:17:24.974[0;39m [32m INFO[0;39m [35m2883[0;39m [2m---[0;39m [2m[  restartedMain][0;39m [36mo.s.b.w.embedded.tomcat.TomcatWebServer [0;39m [2m:[0;39m Tomcat initialized with port(s): 9999 (http)
[2m2021-11-23 09:17:25.004[0;39m [32m INFO[0;39m [35m2883[0;39m [2m---[0;39m [2m[  restartedMain][0;39m [36mw.s.c.ServletWebServerApplicationContext[0;39m [2m:[0;39m Root WebApplicationContext: initialization completed in 625 ms
[2m2021-11-23 09:17:25.384[0;39m [32m INFO[0;39m [35m2883[0;39m [2m---[0;39m [2m[  restartedMain][0;39m [36mo.s.b.d.a.OptionalLiveReloadServer      [0;39m [2m:[0;39m LiveReload server is running on port 35729
[2m2021-11-23 09:17:25.488[0;39m [32m INFO[0;39m [35m2883[0;39m [2m---[0;39m [2m[  restartedMain][0;39m [36mo.s.b.w.embedded.tomcat.TomcatWebServer [0;39m [2m:[0;39m Tomcat started on port(s): 9999 (http) with context path '/vue'
[2m2021-11-23 09:20:11.204[0;39m [32m INFO[0;39m [35m2883[0;39m [2m---[0;39m [2m[nio-9999-exec-1][0;39m [36mo.s.web.servlet.DispatcherServlet       [0;39m [2m:[0;39m Initializing Servlet 'dispatcherServlet'
[2m2021-11-23 09:20:11.212[0;39m [32m INFO[0;39m [35m2883[0;39m [2m---[0;39m [2m[nio-9999-exec-1][0;39m [36mo.s.web.servlet.DispatcherServlet       [0;39m [2m:[0;39m Completed initialization in 8 ms
[2m2021-11-23 09:20:11.251[0;39m [32m INFO[0;39m [35m2883[0;39m [2m---[0;39m [2m[nio-9999-exec-1][0;39m [36mc.s.vue.controller.HouseMapController   [0;39m [2m:[0;39m sido - 호출
[2m2021-11-23 09:21:51.814[0;39m [32m INFO[0;39m [35m2883[0;39m [2m---[0;39m [2m[nio-9999-exec-3][0;39m [36mc.s.vue.controller.HouseMapController   [0;39m [2m:[0;39m gugun - 호출
[2m2021-11-23 09:38:41.723[0;39m [33m WARN[0;39m [35m2883[0;39m [2m---[0;39m [2m[l-1 housekeeper][0;39m [36mcom.zaxxer.hikari.pool.HikariPool       [0;39m [2m:[0;39m HikariPool-1 - Retrograde clock change detected (housekeeper delta=29s822ms), soft-evicting connections from pool.
[2m2021-11-23 09:53:41.639[0;39m [33m WARN[0;39m [35m2883[0;39m [2m---[0;39m [2m[l-1 housekeeper][0;39m [36mcom.zaxxer.hikari.pool.HikariPool       [0;39m [2m:[0;39m HikariPool-1 - Retrograde clock change detected (housekeeper delta=29s810ms), soft-evicting connections from pool.
[2m2021-11-23 11:16:19.574[0;39m [32m INFO[0;39m [35m2883[0;39m [2m---[0;39m [2m[nio-9999-exec-6][0;39m [36mc.s.vue.controller.HouseMapController   [0;39m [2m:[0;39m sido - 호출
[2m2021-11-23 11:16:25.071[0;39m [32m INFO[0;39m [35m2883[0;39m [2m---[0;39m [2m[nio-9999-exec-7][0;39m [36mc.s.vue.controller.HouseMapController   [0;39m [2m:[0;39m gugun - 호출
[2m2021-11-23 11:21:07.011[0;39m [32m INFO[0;39m [35m2883[0;39m [2m---[0;39m [2m[io-9999-exec-10][0;39m [36mc.s.vue.controller.HouseMapController   [0;39m [2m:[0;39m sido - 호출
[2m2021-11-23 11:21:10.348[0;39m [32m INFO[0;39m [35m2883[0;39m [2m---[0;39m [2m[nio-9999-exec-1][0;39m [36mc.s.vue.controller.HouseMapController   [0;39m [2m:[0;39m gugun - 호출
[2m2021-11-23 11:29:04.646[0;39m [32m INFO[0;39m [35m2883[0;39m [2m---[0;39m [2m[nio-9999-exec-4][0;39m [36mc.s.vue.controller.HouseMapController   [0;39m [2m:[0;39m sido - 호출
[2m2021-11-23 11:29:17.337[0;39m [32m INFO[0;39m [35m2883[0;39m [2m---[0;39m [2m[nio-9999-exec-5][0;39m [36mc.s.vue.controller.HouseMapController   [0;39m [2m:[0;39m gugun - 호출
[2m2021-11-23 11:41:00.885[0;39m [32m INFO[0;39m [35m2883[0;39m [2m---[0;39m [2m[nio-9999-exec-8][0;39m [36mc.s.vue.controller.HouseMapController   [0;39m [2m:[0;39m sido - 호출
[2m2021-11-23 11:41:03.217[0;39m [32m INFO[0;39m [35m2883[0;39m [2m---[0;39m [2m[nio-9999-exec-9][0;39m [36mc.s.vue.controller.HouseMapController   [0;39m [2m:[0;39m gugun - 호출
[2m2021-11-23 11:42:21.974[0;39m [32m INFO[0;39m [35m2883[0;39m [2m---[0;39m [2m[nio-9999-exec-2][0;39m [36mc.s.vue.controller.HouseMapController   [0;39m [2m:[0;39m sido - 호출
[2m2021-11-23 11:42:24.689[0;39m [32m INFO[0;39m [35m2883[0;39m [2m---[0;39m [2m[nio-9999-exec-3][0;39m [36mc.s.vue.controller.HouseMapController   [0;39m [2m:[0;39m gugun - 호출
[2m2021-11-23 11:43:46.606[0;39m [32m INFO[0;39m [35m2883[0;39m [2m---[0;39m [2m[nio-9999-exec-6][0;39m [36mc.s.vue.controller.HouseMapController   [0;39m [2m:[0;39m sido - 호출
[2m2021-11-23 11:43:48.598[0;39m [32m INFO[0;39m [35m2883[0;39m [2m---[0;39m [2m[nio-9999-exec-7][0;39m [36mc.s.vue.controller.HouseMapController   [0;39m [2m:[0;39m gugun - 호출
[2m2021-11-23 11:46:37.662[0;39m [32m INFO[0;39m [35m2883[0;39m [2m---[0;39m [2m[io-9999-exec-10][0;39m [36mc.s.vue.controller.HouseMapController   [0;39m [2m:[0;39m sido - 호출
[2m2021-11-23 11:46:41.802[0;39m [32m INFO[0;39m [35m2883[0;39m [2m---[0;39m [2m[nio-9999-exec-1][0;39m [36mc.s.vue.controller.HouseMapController   [0;39m [2m:[0;39m gugun - 호출
[2m2021-11-23 13:32:17.346[0;39m [32m INFO[0;39m [35m2883[0;39m [2m---[0;39m [2m[nio-9999-exec-4][0;39m [36mc.s.vue.controller.HouseMapController   [0;39m [2m:[0;39m sido - 호출
[2m2021-11-23 13:32:20.024[0;39m [32m INFO[0;39m [35m2883[0;39m [2m---[0;39m [2m[nio-9999-exec-5][0;39m [36mc.s.vue.controller.HouseMapController   [0;39m [2m:[0;39m gugun - 호출
[2m2021-11-23 13:33:22.250[0;39m [32m INFO[0;39m [35m2883[0;39m [2m---[0;39m [2m[nio-9999-exec-8][0;39m [36mc.s.vue.controller.HouseMapController   [0;39m [2m:[0;39m sido - 호출
[2m2021-11-23 13:33:25.505[0;39m [32m INFO[0;39m [35m2883[0;39m [2m---[0;39m [2m[nio-9999-exec-9][0;39m [36mc.s.vue.controller.HouseMapController   [0;39m [2m:[0;39m gugun - 호출
[2m2021-11-23 13:33:43.866[0;39m [32m INFO[0;39m [35m2883[0;39m [2m---[0;39m [2m[nio-9999-exec-1][0;39m [36mc.s.vue.controller.HouseMapController   [0;39m [2m:[0;39m sido - 호출
[2m2021-11-23 13:33:45.983[0;39m [32m INFO[0;39m [35m2883[0;39m [2m---[0;39m [2m[nio-9999-exec-2][0;39m [36mc.s.vue.controller.HouseMapController   [0;39m [2m:[0;39m gugun - 호출
[2m2021-11-23 13:33:55.448[0;39m [32m INFO[0;39m [35m2883[0;39m [2m---[0;39m [2m[nio-9999-exec-4][0;39m [36mc.s.vue.controller.HouseMapController   [0;39m [2m:[0;39m sido - 호출
[2m2021-11-23 13:33:58.309[0;39m [32m INFO[0;39m [35m2883[0;39m [2m---[0;39m [2m[nio-9999-exec-5][0;39m [36mc.s.vue.controller.HouseMapController   [0;39m [2m:[0;39m gugun - 호출
[2m2021-11-23 13:34:08.240[0;39m [32m INFO[0;39m [35m2883[0;39m [2m---[0;39m [2m[nio-9999-exec-7][0;39m [36mc.s.vue.controller.HouseMapController   [0;39m [2m:[0;39m sido - 호출
[2m2021-11-23 13:35:45.035[0;39m [32m INFO[0;39m [35m2883[0;39m [2m---[0;39m [2m[nio-9999-exec-9][0;39m [36mc.s.vue.controller.HouseMapController   [0;39m [2m:[0;39m sido - 호출
[2m2021-11-23 13:35:47.355[0;39m [32m INFO[0;39m [35m2883[0;39m [2m---[0;39m [2m[io-9999-exec-10][0;39m [36mc.s.vue.controller.HouseMapController   [0;39m [2m:[0;39m gugun - 호출
[2m2021-11-23 13:36:39.360[0;39m [32m INFO[0;39m [35m2883[0;39m [2m---[0;39m [2m[nio-9999-exec-2][0;39m [36mc.s.vue.controller.HouseMapController   [0;39m [2m:[0;39m sido - 호출
[2m2021-11-23 13:36:41.298[0;39m [32m INFO[0;39m [35m2883[0;39m [2m---[0;39m [2m[nio-9999-exec-3][0;39m [36mc.s.vue.controller.HouseMapController   [0;39m [2m:[0;39m gugun - 호출
[2m2021-11-23 13:38:23.067[0;39m [32m INFO[0;39m [35m2883[0;39m [2m---[0;39m [2m[nio-9999-exec-6][0;39m [36mc.s.vue.controller.HouseMapController   [0;39m [2m:[0;39m sido - 호출
[2m2021-11-23 13:38:25.574[0;39m [32m INFO[0;39m [35m2883[0;39m [2m---[0;39m [2m[nio-9999-exec-7][0;39m [36mc.s.vue.controller.HouseMapController   [0;39m [2m:[0;39m gugun - 호출
[2m2021-11-23 13:57:36.092[0;39m [32m INFO[0;39m [35m2883[0;39m [2m---[0;39m [2m[io-9999-exec-10][0;39m [36mc.s.vue.controller.HouseMapController   [0;39m [2m:[0;39m sido - 호출
[2m2021-11-23 13:59:03.762[0;39m [32m INFO[0;39m [35m2883[0;39m [2m---[0;39m [2m[nio-9999-exec-2][0;39m [36mc.s.vue.controller.HouseMapController   [0;39m [2m:[0;39m sido - 호출
[2m2021-11-23 13:59:09.109[0;39m [32m INFO[0;39m [35m2883[0;39m [2m---[0;39m [2m[nio-9999-exec-3][0;39m [36mc.s.vue.controller.HouseMapController   [0;39m [2m:[0;39m sido - 호출
[2m2021-11-23 13:59:11.029[0;39m [32m INFO[0;39m [35m2883[0;39m [2m---[0;39m [2m[nio-9999-exec-4][0;39m [36mc.s.vue.controller.HouseMapController   [0;39m [2m:[0;39m gugun - 호출
[2m2021-11-23 14:05:07.070[0;39m [32m INFO[0;39m [35m2883[0;39m [2m---[0;39m [2m[nio-9999-exec-7][0;39m [36mc.s.vue.controller.HouseMapController   [0;39m [2m:[0;39m sido - 호출
[2m2021-11-23 14:08:25.840[0;39m [32m INFO[0;39m [35m2883[0;39m [2m---[0;39m [2m[nio-9999-exec-9][0;39m [36mc.s.vue.controller.HouseMapController   [0;39m [2m:[0;39m sido - 호출
[2m2021-11-23 14:08:36.075[0;39m [32m INFO[0;39m [35m2883[0;39m [2m---[0;39m [2m[io-9999-exec-10][0;39m [36mc.s.vue.controller.HouseMapController   [0;39m [2m:[0;39m sido - 호출
[2m2021-11-23 14:08:38.579[0;39m [32m INFO[0;39m [35m2883[0;39m [2m---[0;39m [2m[nio-9999-exec-1][0;39m [36mc.s.vue.controller.HouseMapController   [0;39m [2m:[0;39m gugun - 호출
[2m2021-11-23 14:23:07.552[0;39m [32m INFO[0;39m [35m2883[0;39m [2m---[0;39m [2m[nio-9999-exec-4][0;39m [36mc.s.vue.controller.HouseMapController   [0;39m [2m:[0;39m sido - 호출
[2m2021-11-23 14:54:53.953[0;39m [32m INFO[0;39m [35m2883[0;39m [2m---[0;39m [2m[nio-9999-exec-6][0;39m [36mc.s.vue.controller.HouseMapController   [0;39m [2m:[0;39m sido - 호출
[2m2021-11-23 14:54:58.116[0;39m [32m INFO[0;39m [35m2883[0;39m [2m---[0;39m [2m[nio-9999-exec-7][0;39m [36mc.s.vue.controller.HouseMapController   [0;39m [2m:[0;39m gugun - 호출
[2m2021-11-23 14:59:32.024[0;39m [32m INFO[0;39m [35m2883[0;39m [2m---[0;39m [2m[io-9999-exec-10][0;39m [36mc.s.vue.controller.HouseMapController   [0;39m [2m:[0;39m sido - 호출
[2m2021-11-23 14:59:40.650[0;39m [32m INFO[0;39m [35m2883[0;39m [2m---[0;39m [2m[nio-9999-exec-1][0;39m [36mc.s.vue.controller.HouseMapController   [0;39m [2m:[0;39m gugun - 호출
[2m2021-11-23 15:00:39.787[0;39m [32m INFO[0;39m [35m2883[0;39m [2m---[0;39m [2m[nio-9999-exec-3][0;39m [36mc.s.vue.controller.HouseMapController   [0;39m [2m:[0;39m sido - 호출
[2m2021-11-23 15:00:44.096[0;39m [32m INFO[0;39m [35m2883[0;39m [2m---[0;39m [2m[nio-9999-exec-4][0;39m [36mc.s.vue.controller.HouseMapController   [0;39m [2m:[0;39m gugun - 호출
[2m2021-11-23 15:08:11.399[0;39m [32m INFO[0;39m [35m2883[0;39m [2m---[0;39m [2m[nio-9999-exec-7][0;39m [36mc.s.vue.controller.HouseMapController   [0;39m [2m:[0;39m sido - 호출
[2m2021-11-23 15:08:21.575[0;39m [32m INFO[0;39m [35m2883[0;39m [2m---[0;39m [2m[nio-9999-exec-8][0;39m [36mc.s.vue.controller.HouseMapController   [0;39m [2m:[0;39m gugun - 호출
[2m2021-11-23 15:42:25.293[0;39m [32m INFO[0;39m [35m2883[0;39m [2m---[0;39m [2m[nio-9999-exec-1][0;39m [36mc.s.vue.controller.HouseMapController   [0;39m [2m:[0;39m sido - 호출
[2m2021-11-23 15:42:27.632[0;39m [32m INFO[0;39m [35m2883[0;39m [2m---[0;39m [2m[nio-9999-exec-2][0;39m [36mc.s.vue.controller.HouseMapController   [0;39m [2m:[0;39m gugun - 호출
[2m2021-11-23 16:03:46.398[0;39m [32m INFO[0;39m [35m2883[0;39m [2m---[0;39m [2m[nio-9999-exec-5][0;39m [36mc.s.vue.controller.HouseMapController   [0;39m [2m:[0;39m sido - 호출
[2m2021-11-23 16:03:55.365[0;39m [32m INFO[0;39m [35m2883[0;39m [2m---[0;39m [2m[nio-9999-exec-6][0;39m [36mc.s.vue.controller.HouseMapController   [0;39m [2m:[0;39m gugun - 호출
[2m2021-11-23 16:44:11.341[0;39m [32m INFO[0;39m [35m2883[0;39m [2m---[0;39m [2m[nio-9999-exec-9][0;39m [36mc.s.vue.controller.HouseMapController   [0;39m [2m:[0;39m sido - 호출
[2m2021-11-23 16:44:15.445[0;39m [32m INFO[0;39m [35m2883[0;39m [2m---[0;39m [2m[io-9999-exec-10][0;39m [36mc.s.vue.controller.HouseMapController   [0;39m [2m:[0;39m gugun - 호출
[2m2021-11-23 16:52:18.828[0;39m [32m INFO[0;39m [35m2883[0;39m [2m---[0;39m [2m[nio-9999-exec-3][0;39m [36mc.s.vue.controller.HouseMapController   [0;39m [2m:[0;39m sido - 호출
[2m2021-11-23 16:52:21.095[0;39m [32m INFO[0;39m [35m2883[0;39m [2m---[0;39m [2m[nio-9999-exec-4][0;39m [36mc.s.vue.controller.HouseMapController   [0;39m [2m:[0;39m gugun - 호출
[2m2021-11-23 17:16:12.211[0;39m [32m INFO[0;39m [35m2883[0;39m [2m---[0;39m [2m[nio-9999-exec-7][0;39m [36mc.s.vue.controller.HouseMapController   [0;39m [2m:[0;39m sido - 호출
[2m2021-11-23 17:16:15.337[0;39m [32m INFO[0;39m [35m2883[0;39m [2m---[0;39m [2m[nio-9999-exec-8][0;39m [36mc.s.vue.controller.HouseMapController   [0;39m [2m:[0;39m gugun - 호출
[2m2021-11-23 17:19:15.604[0;39m [32m INFO[0;39m [35m2883[0;39m [2m---[0;39m [2m[nio-9999-exec-1][0;39m [36mc.s.vue.controller.HouseMapController   [0;39m [2m:[0;39m sido - 호출
[2m2021-11-23 17:38:15.029[0;39m [32m INFO[0;39m [35m2883[0;39m [2m---[0;39m [2m[nio-9999-exec-3][0;39m [36mc.s.vue.controller.HouseMapController   [0;39m [2m:[0;39m sido - 호출
[2m2021-11-23 17:38:19.174[0;39m [32m INFO[0;39m [35m2883[0;39m [2m---[0;39m [2m[nio-9999-exec-4][0;39m [36mc.s.vue.controller.HouseMapController   [0;39m [2m:[0;39m gugun - 호출
[2m2021-11-23 17:46:00.715[0;39m [32m INFO[0;39m [35m2883[0;39m [2m---[0;39m [2m[nio-9999-exec-7][0;39m [36mc.s.vue.controller.HouseMapController   [0;39m [2m:[0;39m sido - 호출
[2m2021-11-23 17:46:03.992[0;39m [32m INFO[0;39m [35m2883[0;39m [2m---[0;39m [2m[nio-9999-exec-8][0;39m [36mc.s.vue.controller.HouseMapController   [0;39m [2m:[0;39m sido - 호출
[2m2021-11-23 17:49:39.767[0;39m [32m INFO[0;39m [35m2883[0;39m [2m---[0;39m [2m[io-9999-exec-10][0;39m [36mc.s.vue.controller.HouseMapController   [0;39m [2m:[0;39m sido - 호출
[2m2021-11-23 17:56:10.137[0;39m [32m INFO[0;39m [35m2883[0;39m [2m---[0;39m [2m[nio-9999-exec-2][0;39m [36mc.s.vue.controller.HouseMapController   [0;39m [2m:[0;39m sido - 호출
[2m2021-11-23 17:56:26.972[0;39m [32m INFO[0;39m [35m2883[0;39m [2m---[0;39m [2m[nio-9999-exec-3][0;39m [36mc.s.vue.controller.HouseMapController   [0;39m [2m:[0;39m gugun - 호출
[2m2021-11-23 18:00:50.276[0;39m [32m INFO[0;39m [35m2883[0;39m [2m---[0;39m [2m[(534)-127.0.0.1][0;39m [36minMXBeanRegistrar$SpringApplicationAdmin[0;39m [2m:[0;39m Application shutdown requested.
[2m2021-11-23 20:59:33.832[0;39m [32m INFO[0;39m [35m4084[0;39m [2m---[0;39m [2m[  restartedMain][0;39m [36m.e.DevToolsPropertyDefaultsPostProcessor[0;39m [2m:[0;39m Devtools property defaults active! Set 'spring.devtools.add-properties' to 'false' to disable
[2m2021-11-23 20:59:33.833[0;39m [32m INFO[0;39m [35m4084[0;39m [2m---[0;39m [2m[  restartedMain][0;39m [36m.e.DevToolsPropertyDefaultsPostProcessor[0;39m [2m:[0;39m For additional web related logging consider setting the 'logging.level.web' property to 'DEBUG'
[2m2021-11-23 20:59:34.507[0;39m [32m INFO[0;39m [35m4084[0;39m [2m---[0;39m [2m[  restartedMain][0;39m [36mo.s.b.w.embedded.tomcat.TomcatWebServer [0;39m [2m:[0;39m Tomcat initialized with port(s): 9999 (http)
[2m2021-11-23 20:59:34.537[0;39m [32m INFO[0;39m [35m4084[0;39m [2m---[0;39m [2m[  restartedMain][0;39m [36mw.s.c.ServletWebServerApplicationContext[0;39m [2m:[0;39m Root WebApplicationContext: initialization completed in 703 ms
[2m2021-11-23 20:59:34.909[0;39m [32m INFO[0;39m [35m4084[0;39m [2m---[0;39m [2m[  restartedMain][0;39m [36mo.s.b.d.a.OptionalLiveReloadServer      [0;39m [2m:[0;39m LiveReload server is running on port 35729
[2m2021-11-23 20:59:35.013[0;39m [32m INFO[0;39m [35m4084[0;39m [2m---[0;39m [2m[  restartedMain][0;39m [36mo.s.b.w.embedded.tomcat.TomcatWebServer [0;39m [2m:[0;39m Tomcat started on port(s): 9999 (http) with context path '/vue'
[2m2021-11-23 20:59:58.419[0;39m [32m INFO[0;39m [35m4084[0;39m [2m---[0;39m [2m[nio-9999-exec-1][0;39m [36mo.s.web.servlet.DispatcherServlet       [0;39m [2m:[0;39m Initializing Servlet 'dispatcherServlet'
[2m2021-11-23 20:59:58.421[0;39m [32m INFO[0;39m [35m4084[0;39m [2m---[0;39m [2m[nio-9999-exec-1][0;39m [36mo.s.web.servlet.DispatcherServlet       [0;39m [2m:[0;39m Completed initialization in 2 ms
[2m2021-11-23 20:59:58.841[0;39m [32mDEBUG[0;39m [35m4084[0;39m [2m---[0;39m [2m[nio-9999-exec-2][0;39m [36mc.ssafy.vue.controller.MemberController [0;39m [2m:[0;39m 로그인 토큰정보 : eyJ0eXAiOiJKV1QiLCJyZWdEYXRlIjoxNjM3NjY4Nzk4ODI4LCJhbGciOiJIUzI1NiJ9.eyJleHAiOjE2Mzc2NzIzOTgsInN1YiI6ImFjY2Vzcy10b2tlbiIsInVzZXJpZCI6InNzYWZ5In0.abJpP401tzdFXsxuCcfy3xbVLHJrH1XBTaSeO_bKy7A
[2m2021-11-23 20:59:58.882[0;39m [32m INFO[0;39m [35m4084[0;39m [2m---[0;39m [2m[nio-9999-exec-4][0;39m [36mc.ssafy.vue.controller.MemberController [0;39m [2m:[0;39m 사용 가능한 토큰!!!
[2m2021-11-23 21:01:37.919[0;39m [32m INFO[0;39m [35m4084[0;39m [2m---[0;39m [2m[nio-9999-exec-6][0;39m [36mc.s.vue.controller.HouseMapController   [0;39m [2m:[0;39m sido - 호출
[2m2021-11-23 21:01:44.146[0;39m [32m INFO[0;39m [35m4084[0;39m [2m---[0;39m [2m[nio-9999-exec-7][0;39m [36mc.s.vue.controller.HouseMapController   [0;39m [2m:[0;39m gugun - 호출
[2m2021-11-23 21:31:34.040[0;39m [32m INFO[0;39m [35m4084[0;39m [2m---[0;39m [2m[io-9999-exec-10][0;39m [36mc.s.vue.controller.HouseMapController   [0;39m [2m:[0;39m sido - 호출
[2m2021-11-23 21:31:36.334[0;39m [32m INFO[0;39m [35m4084[0;39m [2m---[0;39m [2m[nio-9999-exec-1][0;39m [36mc.s.vue.controller.HouseMapController   [0;39m [2m:[0;39m gugun - 호출
[2m2021-11-23 21:39:45.342[0;39m [32m INFO[0;39m [35m4084[0;39m [2m---[0;39m [2m[nio-9999-exec-4][0;39m [36mc.s.vue.controller.HouseMapController   [0;39m [2m:[0;39m sido - 호출
[2m2021-11-23 21:40:53.455[0;39m [32m INFO[0;39m [35m4084[0;39m [2m---[0;39m [2m[nio-9999-exec-6][0;39m [36mc.s.vue.controller.HouseMapController   [0;39m [2m:[0;39m gugun - 호출
[2m2021-11-23 22:47:48.818[0;39m [32m INFO[0;39m [35m4084[0;39m [2m---[0;39m [2m[nio-9999-exec-9][0;39m [36mc.ssafy.vue.controller.BoardController  [0;39m [2m:[0;39m listArticle - 호출
[2m2021-11-23 22:47:50.255[0;39m [32m INFO[0;39m [35m4084[0;39m [2m---[0;39m [2m[io-9999-exec-10][0;39m [36mcom.ssafy.vue.controller.QnaController  [0;39m [2m:[0;39m listArticle - 호출
[2m2021-11-23 22:47:50.781[0;39m [32m INFO[0;39m [35m4084[0;39m [2m---[0;39m [2m[nio-9999-exec-1][0;39m [36mc.ssafy.vue.controller.BoardController  [0;39m [2m:[0;39m listArticle - 호출
[2m2021-11-23 22:55:52.487[0;39m [32m INFO[0;39m [35m4084[0;39m [2m---[0;39m [2m[nio-9999-exec-3][0;39m [36mc.s.vue.controller.HouseMapController   [0;39m [2m:[0;39m sido - 호출
[2m2021-11-23 22:55:56.342[0;39m [32m INFO[0;39m [35m4084[0;39m [2m---[0;39m [2m[nio-9999-exec-4][0;39m [36mc.s.vue.controller.HouseMapController   [0;39m [2m:[0;39m gugun - 호출
[2m2021-11-23 23:06:24.647[0;39m [32m INFO[0;39m [35m4084[0;39m [2m---[0;39m [2m[nio-9999-exec-7][0;39m [36mc.s.vue.controller.HouseMapController   [0;39m [2m:[0;39m sido - 호출
[2m2021-11-23 23:13:09.470[0;39m [32m INFO[0;39m [35m4084[0;39m [2m---[0;39m [2m[nio-9999-exec-9][0;39m [36mc.s.vue.controller.HouseMapController   [0;39m [2m:[0;39m gugun - 호출
[2m2021-11-23 23:17:16.603[0;39m [32m INFO[0;39m [35m4084[0;39m [2m---[0;39m [2m[nio-9999-exec-2][0;39m [36mc.s.vue.controller.HouseMapController   [0;39m [2m:[0;39m sido - 호출
[2m2021-11-23 23:17:42.151[0;39m [32m INFO[0;39m [35m4084[0;39m [2m---[0;39m [2m[nio-9999-exec-3][0;39m [36mc.s.vue.controller.HouseMapController   [0;39m [2m:[0;39m sido - 호출
[2m2021-11-23 23:18:40.449[0;39m [32m INFO[0;39m [35m4084[0;39m [2m---[0;39m [2m[nio-9999-exec-4][0;39m [36mc.s.vue.controller.HouseMapController   [0;39m [2m:[0;39m gugun - 호출
[2m2021-11-23 23:19:27.901[0;39m [32mDEBUG[0;39m [35m4084[0;39m [2m---[0;39m [2m[nio-9999-exec-2][0;39m [36mc.ssafy.vue.controller.MemberController [0;39m [2m:[0;39m 로그인 토큰정보 : eyJ0eXAiOiJKV1QiLCJyZWdEYXRlIjoxNjM3Njc3MTY3OTAwLCJhbGciOiJIUzI1NiJ9.eyJleHAiOjE2Mzc2ODA3NjcsInN1YiI6ImFjY2Vzcy10b2tlbiIsInVzZXJpZCI6InNzYWZ5In0.SKwSBRp4otIHpV-cBQUeeTqDdStebqQbdQiXYA3nXGg
[2m2021-11-23 23:19:27.930[0;39m [32m INFO[0;39m [35m4084[0;39m [2m---[0;39m [2m[nio-9999-exec-4][0;39m [36mc.ssafy.vue.controller.MemberController [0;39m [2m:[0;39m 사용 가능한 토큰!!!
[2m2021-11-23 23:20:22.868[0;39m [32m INFO[0;39m [35m4084[0;39m [2m---[0;39m [2m[nio-9999-exec-5][0;39m [36mc.s.vue.controller.HouseMapController   [0;39m [2m:[0;39m sido - 호출
[2m2021-11-23 23:20:26.319[0;39m [32m INFO[0;39m [35m4084[0;39m [2m---[0;39m [2m[nio-9999-exec-6][0;39m [36mc.s.vue.controller.HouseMapController   [0;39m [2m:[0;39m gugun - 호출
[2m2021-11-23 23:21:40.680[0;39m [32m INFO[0;39m [35m4084[0;39m [2m---[0;39m [2m[nio-9999-exec-9][0;39m [36mc.s.vue.controller.HouseMapController   [0;39m [2m:[0;39m sido - 호출
[2m2021-11-23 23:21:49.536[0;39m [32m INFO[0;39m [35m4084[0;39m [2m---[0;39m [2m[io-9999-exec-10][0;39m [36mc.s.vue.controller.HouseMapController   [0;39m [2m:[0;39m sido - 호출
[2m2021-11-23 23:33:38.492[0;39m [32m INFO[0;39m [35m4084[0;39m [2m---[0;39m [2m[nio-9999-exec-2][0;39m [36mc.s.vue.controller.HouseMapController   [0;39m [2m:[0;39m gugun - 호출
