[2m2021-11-21 00:05:00.575[0;39m [32mDEBUG[0;39m [35m15224[0;39m [2m---[0;39m [2m[nio-9999-exec-3][0;39m [36mc.ssafy.vue.controller.MemberController [0;39m [2m:[0;39m 로그인 토큰정보 : eyJ0eXAiOiJKV1QiLCJyZWdEYXRlIjoxNjM3NDIwNzAwNTc1LCJhbGciOiJIUzI1NiJ9.eyJleHAiOjE2Mzc0MjQzMDAsInN1YiI6ImFjY2Vzcy10b2tlbiIsInVzZXJpZCI6InNzYWZ5In0.aIYYCWFnTqB_jXsuH7VieYh4MIJZ0uMHCtHNm8Vmvmk
[2m2021-11-21 00:05:00.607[0;39m [32m INFO[0;39m [35m15224[0;39m [2m---[0;39m [2m[nio-9999-exec-4][0;39m [36mc.ssafy.vue.controller.MemberController [0;39m [2m:[0;39m 사용 가능한 토큰!!!
[2m2021-11-21 00:10:28.512[0;39m [32m INFO[0;39m [35m15224[0;39m [2m---[0;39m [2m[nio-9999-exec-6][0;39m [36mc.ssafy.vue.controller.BoardController  [0;39m [2m:[0;39m listArticle - 호출
[2m2021-11-21 00:10:37.378[0;39m [32m INFO[0;39m [35m15224[0;39m [2m---[0;39m [2m[nio-9999-exec-7][0;39m [36mc.s.vue.controller.HouseMapController   [0;39m [2m:[0;39m sido - 호출
[2m2021-11-21 00:12:10.277[0;39m [32mDEBUG[0;39m [35m15224[0;39m [2m---[0;39m [2m[io-9999-exec-10][0;39m [36mc.ssafy.vue.controller.MemberController [0;39m [2m:[0;39m 로그인 토큰정보 : eyJ0eXAiOiJKV1QiLCJyZWdEYXRlIjoxNjM3NDIxMTMwMjc3LCJhbGciOiJIUzI1NiJ9.eyJleHAiOjE2Mzc0MjQ3MzAsInN1YiI6ImFjY2Vzcy10b2tlbiIsInVzZXJpZCI6InNzYWZ5In0.esxCH-Lvmi7Np8liVWGI6pB6q-kvs5L4_YrCI-xjyZ8
[2m2021-11-21 00:12:10.302[0;39m [32m INFO[0;39m [35m15224[0;39m [2m---[0;39m [2m[nio-9999-exec-2][0;39m [36mc.ssafy.vue.controller.MemberController [0;39m [2m:[0;39m 사용 가능한 토큰!!!
[2m2021-11-21 00:12:11.420[0;39m [32m INFO[0;39m [35m15224[0;39m [2m---[0;39m [2m[nio-9999-exec-3][0;39m [36mc.ssafy.vue.controller.BoardController  [0;39m [2m:[0;39m listArticle - 호출
[2m2021-11-21 00:12:33.907[0;39m [32m INFO[0;39m [35m15224[0;39m [2m---[0;39m [2m[nio-9999-exec-4][0;39m [36mc.ssafy.vue.controller.BoardController  [0;39m [2m:[0;39m listArticle - 호출
[2m2021-11-21 01:21:49.512[0;39m [32m INFO[0;39m [35m15224[0;39m [2m---[0;39m [2m[nio-9999-exec-6][0;39m [36mc.ssafy.vue.controller.BoardController  [0;39m [2m:[0;39m listArticle - 호출
[2m2021-11-21 01:21:50.831[0;39m [31mERROR[0;39m [35m15224[0;39m [2m---[0;39m [2m[nio-9999-exec-8][0;39m [36mc.s.vue.model.service.JwtServiceImpl    [0;39m [2m:[0;39m JWT expired at 2021-11-21T01:05:00Z. Current time: 2021-11-21T01:21:50Z, a difference of 1010828 milliseconds.  Allowed clock skew: 0 milliseconds.
[2m2021-11-21 01:21:50.831[0;39m [31mERROR[0;39m [35m15224[0;39m [2m---[0;39m [2m[nio-9999-exec-8][0;39m [36mc.ssafy.vue.controller.MemberController [0;39m [2m:[0;39m 사용 불가능 토큰!!!
[2m2021-11-21 01:22:14.403[0;39m [32m INFO[0;39m [35m15224[0;39m [2m---[0;39m [2m[nio-9999-exec-9][0;39m [36mc.ssafy.vue.controller.BoardController  [0;39m [2m:[0;39m listArticle - 호출
[2m2021-11-21 01:22:33.927[0;39m [32mDEBUG[0;39m [35m15224[0;39m [2m---[0;39m [2m[nio-9999-exec-1][0;39m [36mc.ssafy.vue.controller.MemberController [0;39m [2m:[0;39m 로그인 토큰정보 : eyJ0eXAiOiJKV1QiLCJyZWdEYXRlIjoxNjM3NDI1MzUzOTI3LCJhbGciOiJIUzI1NiJ9.eyJleHAiOjE2Mzc0Mjg5NTMsInN1YiI6ImFjY2Vzcy10b2tlbiIsInVzZXJpZCI6ImFkbWluIn0.sBbdKfIMwfT6GXGY7hVAFa_I4XAVQ8-FVwVg2ttwNv0
[2m2021-11-21 01:22:33.947[0;39m [32m INFO[0;39m [35m15224[0;39m [2m---[0;39m [2m[nio-9999-exec-3][0;39m [36mc.ssafy.vue.controller.MemberController [0;39m [2m:[0;39m 사용 가능한 토큰!!!
[2m2021-11-21 01:22:35.596[0;39m [32m INFO[0;39m [35m15224[0;39m [2m---[0;39m [2m[nio-9999-exec-4][0;39m [36mc.ssafy.vue.controller.BoardController  [0;39m [2m:[0;39m listArticle - 호출
[2m2021-11-21 01:22:37.583[0;39m [32m INFO[0;39m [35m15224[0;39m [2m---[0;39m [2m[nio-9999-exec-5][0;39m [36mc.ssafy.vue.controller.MemberController [0;39m [2m:[0;39m 사용 가능한 토큰!!!
[2m2021-11-21 01:22:48.264[0;39m [32m INFO[0;39m [35m15224[0;39m [2m---[0;39m [2m[nio-9999-exec-6][0;39m [36mc.ssafy.vue.controller.BoardController  [0;39m [2m:[0;39m listArticle - 호출
[2m2021-11-21 01:40:13.353[0;39m [32m INFO[0;39m [35m15224[0;39m [2m---[0;39m [2m[nio-9999-exec-8][0;39m [36mc.ssafy.vue.controller.BoardController  [0;39m [2m:[0;39m listArticle - 호출
[2m2021-11-21 01:46:37.996[0;39m [32m INFO[0;39m [35m15224[0;39m [2m---[0;39m [2m[io-9999-exec-10][0;39m [36mc.ssafy.vue.controller.BoardController  [0;39m [2m:[0;39m listArticle - 호출
[2m2021-11-21 01:52:54.349[0;39m [32m INFO[0;39m [35m15224[0;39m [2m---[0;39m [2m[nio-9999-exec-2][0;39m [36mc.ssafy.vue.controller.BoardController  [0;39m [2m:[0;39m listArticle - 호출
[2m2021-11-21 01:54:58.733[0;39m [32m INFO[0;39m [35m15224[0;39m [2m---[0;39m [2m[nio-9999-exec-4][0;39m [36mc.ssafy.vue.controller.BoardController  [0;39m [2m:[0;39m listArticle - 호출
[2m2021-11-21 01:55:19.871[0;39m [32m INFO[0;39m [35m15224[0;39m [2m---[0;39m [2m[nio-9999-exec-5][0;39m [36mc.ssafy.vue.controller.BoardController  [0;39m [2m:[0;39m listArticle - 호출
[2m2021-11-21 01:55:27.737[0;39m [32m INFO[0;39m [35m15224[0;39m [2m---[0;39m [2m[nio-9999-exec-6][0;39m [36mc.ssafy.vue.controller.BoardController  [0;39m [2m:[0;39m listArticle - 호출
[2m2021-11-21 01:56:14.979[0;39m [32m INFO[0;39m [35m15224[0;39m [2m---[0;39m [2m[nio-9999-exec-7][0;39m [36mc.ssafy.vue.controller.BoardController  [0;39m [2m:[0;39m listArticle - 호출
[2m2021-11-21 02:01:49.828[0;39m [32m INFO[0;39m [35m15224[0;39m [2m---[0;39m [2m[nio-9999-exec-9][0;39m [36mc.ssafy.vue.controller.BoardController  [0;39m [2m:[0;39m listArticle - 호출
[2m2021-11-21 02:18:02.293[0;39m [32m INFO[0;39m [35m15224[0;39m [2m---[0;39m [2m[nio-9999-exec-1][0;39m [36mc.ssafy.vue.controller.BoardController  [0;39m [2m:[0;39m listArticle - 호출
[2m2021-11-21 02:18:06.553[0;39m [32m INFO[0;39m [35m15224[0;39m [2m---[0;39m [2m[nio-9999-exec-2][0;39m [36mc.ssafy.vue.controller.BoardController  [0;39m [2m:[0;39m listArticle - 호출
[2m2021-11-21 02:19:00.123[0;39m [32m INFO[0;39m [35m15224[0;39m [2m---[0;39m [2m[nio-9999-exec-3][0;39m [36mc.ssafy.vue.controller.BoardController  [0;39m [2m:[0;39m listArticle - 호출
[2m2021-11-21 02:20:55.054[0;39m [32m INFO[0;39m [35m15224[0;39m [2m---[0;39m [2m[nio-9999-exec-5][0;39m [36mc.ssafy.vue.controller.BoardController  [0;39m [2m:[0;39m listArticle - 호출
[2m2021-11-21 02:21:13.958[0;39m [32m INFO[0;39m [35m15224[0;39m [2m---[0;39m [2m[nio-9999-exec-6][0;39m [36mc.ssafy.vue.controller.BoardController  [0;39m [2m:[0;39m listArticle - 호출
[2m2021-11-21 02:21:42.610[0;39m [32m INFO[0;39m [35m15224[0;39m [2m---[0;39m [2m[nio-9999-exec-7][0;39m [36mc.ssafy.vue.controller.BoardController  [0;39m [2m:[0;39m listArticle - 호출
[2m2021-11-21 02:24:10.505[0;39m [32m INFO[0;39m [35m15224[0;39m [2m---[0;39m [2m[nio-9999-exec-9][0;39m [36mc.ssafy.vue.controller.BoardController  [0;39m [2m:[0;39m listArticle - 호출
[2m2021-11-21 02:28:42.102[0;39m [32m INFO[0;39m [35m15224[0;39m [2m---[0;39m [2m[nio-9999-exec-1][0;39m [36mc.s.vue.controller.HouseMapController   [0;39m [2m:[0;39m sido - 호출
[2m2021-11-21 02:50:51.103[0;39m [32m INFO[0;39m [35m15224[0;39m [2m---[0;39m [2m[nio-9999-exec-3][0;39m [36mc.s.vue.controller.HouseMapController   [0;39m [2m:[0;39m sido - 호출
[2m2021-11-21 02:50:54.219[0;39m [32m INFO[0;39m [35m15224[0;39m [2m---[0;39m [2m[nio-9999-exec-4][0;39m [36mc.s.vue.controller.HouseMapController   [0;39m [2m:[0;39m gugun - 호출
[2m2021-11-21 02:51:03.748[0;39m [32m INFO[0;39m [35m15224[0;39m [2m---[0;39m [2m[nio-9999-exec-5][0;39m [36mc.s.vue.controller.HouseMapController   [0;39m [2m:[0;39m sido - 호출
[2m2021-11-21 02:51:43.919[0;39m [32m INFO[0;39m [35m15224[0;39m [2m---[0;39m [2m[nio-9999-exec-6][0;39m [36mc.s.vue.controller.HouseMapController   [0;39m [2m:[0;39m gugun - 호출
[2m2021-11-21 02:54:02.064[0;39m [32m INFO[0;39m [35m15224[0;39m [2m---[0;39m [2m[nio-9999-exec-8][0;39m [36mc.s.vue.controller.HouseMapController   [0;39m [2m:[0;39m gugun - 호출
[2m2021-11-21 02:57:12.502[0;39m [32m INFO[0;39m [35m15224[0;39m [2m---[0;39m [2m[io-9999-exec-10][0;39m [36mc.s.vue.controller.HouseMapController   [0;39m [2m:[0;39m sido - 호출
[2m2021-11-21 02:57:14.710[0;39m [32m INFO[0;39m [35m15224[0;39m [2m---[0;39m [2m[nio-9999-exec-1][0;39m [36mc.s.vue.controller.HouseMapController   [0;39m [2m:[0;39m gugun - 호출
[2m2021-11-21 03:02:25.820[0;39m [32m INFO[0;39m [35m15224[0;39m [2m---[0;39m [2m[nio-9999-exec-3][0;39m [36mc.s.vue.controller.HouseMapController   [0;39m [2m:[0;39m sido - 호출
[2m2021-11-21 03:02:29.847[0;39m [32m INFO[0;39m [35m15224[0;39m [2m---[0;39m [2m[nio-9999-exec-4][0;39m [36mc.s.vue.controller.HouseMapController   [0;39m [2m:[0;39m gugun - 호출
[2m2021-11-21 03:02:31.529[0;39m [32m INFO[0;39m [35m15224[0;39m [2m---[0;39m [2m[nio-9999-exec-5][0;39m [36mc.s.vue.controller.HouseMapController   [0;39m [2m:[0;39m sido - 호출
[2m2021-11-21 03:02:33.262[0;39m [32m INFO[0;39m [35m15224[0;39m [2m---[0;39m [2m[nio-9999-exec-6][0;39m [36mc.s.vue.controller.HouseMapController   [0;39m [2m:[0;39m gugun - 호출
[2m2021-11-21 03:02:52.095[0;39m [32m INFO[0;39m [35m15224[0;39m [2m---[0;39m [2m[nio-9999-exec-7][0;39m [36mc.ssafy.vue.controller.BoardController  [0;39m [2m:[0;39m listArticle - 호출
[2m2021-11-21 03:03:07.496[0;39m [32m INFO[0;39m [35m15224[0;39m [2m---[0;39m [2m[nio-9999-exec-8][0;39m [36mc.s.vue.controller.HouseMapController   [0;39m [2m:[0;39m sido - 호출
[2m2021-11-21 03:03:28.126[0;39m [32m INFO[0;39m [35m15224[0;39m [2m---[0;39m [2m[nio-9999-exec-9][0;39m [36mc.ssafy.vue.controller.BoardController  [0;39m [2m:[0;39m listArticle - 호출
[2m2021-11-21 03:12:21.723[0;39m [32mDEBUG[0;39m [35m15224[0;39m [2m---[0;39m [2m[nio-9999-exec-2][0;39m [36mc.ssafy.vue.controller.MemberController [0;39m [2m:[0;39m 로그인 토큰정보 : eyJ0eXAiOiJKV1QiLCJyZWdEYXRlIjoxNjM3NDMxOTQxNzIzLCJhbGciOiJIUzI1NiJ9.eyJleHAiOjE2Mzc0MzU1NDEsInN1YiI6ImFjY2Vzcy10b2tlbiIsInVzZXJpZCI6InNzYWZ5In0.b3FIW8VjvKzoiSadg71HLUxPpUXi8R3eWyfWq4bJP7A
[2m2021-11-21 03:12:21.746[0;39m [32m INFO[0;39m [35m15224[0;39m [2m---[0;39m [2m[nio-9999-exec-4][0;39m [36mc.ssafy.vue.controller.MemberController [0;39m [2m:[0;39m 사용 가능한 토큰!!!
[2m2021-11-21 03:12:47.571[0;39m [32mDEBUG[0;39m [35m15224[0;39m [2m---[0;39m [2m[nio-9999-exec-6][0;39m [36mc.ssafy.vue.controller.MemberController [0;39m [2m:[0;39m 로그인 토큰정보 : eyJ0eXAiOiJKV1QiLCJyZWdEYXRlIjoxNjM3NDMxOTY3NTcxLCJhbGciOiJIUzI1NiJ9.eyJleHAiOjE2Mzc0MzU1NjcsInN1YiI6ImFjY2Vzcy10b2tlbiIsInVzZXJpZCI6InNzYWZ5In0.fQbwVLvJ1IPGCbWZHvsWLnoaiZe-vkAVwcKqBp0J2nI
[2m2021-11-21 03:12:47.586[0;39m [32m INFO[0;39m [35m15224[0;39m [2m---[0;39m [2m[nio-9999-exec-7][0;39m [36mc.ssafy.vue.controller.MemberController [0;39m [2m:[0;39m 사용 가능한 토큰!!!
[2m2021-11-21 03:22:10.794[0;39m [32mDEBUG[0;39m [35m15224[0;39m [2m---[0;39m [2m[nio-9999-exec-9][0;39m [36mc.ssafy.vue.controller.MemberController [0;39m [2m:[0;39m 로그인 토큰정보 : eyJ0eXAiOiJKV1QiLCJyZWdEYXRlIjoxNjM3NDMyNTMwNzk0LCJhbGciOiJIUzI1NiJ9.eyJleHAiOjE2Mzc0MzYxMzAsInN1YiI6ImFjY2Vzcy10b2tlbiIsInVzZXJpZCI6InNzYWZ5In0.kcYd2P5vc68zvk3htAjrO2JZ5OeFKzseFs1acBH6tBA
[2m2021-11-21 03:22:10.809[0;39m [32m INFO[0;39m [35m15224[0;39m [2m---[0;39m [2m[io-9999-exec-10][0;39m [36mc.ssafy.vue.controller.MemberController [0;39m [2m:[0;39m 사용 가능한 토큰!!!
[2m2021-11-21 03:22:59.260[0;39m [32m INFO[0;39m [35m15224[0;39m [2m---[0;39m [2m[nio-9999-exec-1][0;39m [36mc.ssafy.vue.controller.BoardController  [0;39m [2m:[0;39m listArticle - 호출
[2m2021-11-21 03:23:06.056[0;39m [32m INFO[0;39m [35m15224[0;39m [2m---[0;39m [2m[nio-9999-exec-2][0;39m [36mc.s.vue.controller.HouseMapController   [0;39m [2m:[0;39m sido - 호출
[2m2021-11-21 03:23:08.033[0;39m [32m INFO[0;39m [35m15224[0;39m [2m---[0;39m [2m[nio-9999-exec-3][0;39m [36mc.s.vue.controller.HouseMapController   [0;39m [2m:[0;39m gugun - 호출
[2m2021-11-21 03:41:31.083[0;39m [32m INFO[0;39m [35m15224[0;39m [2m---[0;39m [2m[nio-9999-exec-5][0;39m [36mc.ssafy.vue.controller.BoardController  [0;39m [2m:[0;39m listArticle - 호출
[2m2021-11-21 03:46:23.456[0;39m [32m INFO[0;39m [35m15224[0;39m [2m---[0;39m [2m[nio-9999-exec-7][0;39m [36mc.ssafy.vue.controller.BoardController  [0;39m [2m:[0;39m listArticle - 호출
[2m2021-11-21 03:50:21.973[0;39m [32mDEBUG[0;39m [35m15224[0;39m [2m---[0;39m [2m[nio-9999-exec-9][0;39m [36mc.ssafy.vue.controller.MemberController [0;39m [2m:[0;39m 로그인 토큰정보 : eyJ0eXAiOiJKV1QiLCJyZWdEYXRlIjoxNjM3NDM0MjIxOTczLCJhbGciOiJIUzI1NiJ9.eyJleHAiOjE2Mzc0Mzc4MjEsInN1YiI6ImFjY2Vzcy10b2tlbiIsInVzZXJpZCI6InNzYWZ5In0.L42Wy8OlwrFzZTZeBpwJa7nhNF5s4tdkkZF96UtiEWM
[2m2021-11-21 03:50:22.001[0;39m [32m INFO[0;39m [35m15224[0;39m [2m---[0;39m [2m[io-9999-exec-10][0;39m [36mc.ssafy.vue.controller.MemberController [0;39m [2m:[0;39m 사용 가능한 토큰!!!
[2m2021-11-21 03:51:29.117[0;39m [32m INFO[0;39m [35m15224[0;39m [2m---[0;39m [2m[nio-9999-exec-2][0;39m [36mc.s.vue.controller.HouseMapController   [0;39m [2m:[0;39m sido - 호출
[2m2021-11-21 03:51:31.128[0;39m [32m INFO[0;39m [35m15224[0;39m [2m---[0;39m [2m[nio-9999-exec-3][0;39m [36mc.s.vue.controller.HouseMapController   [0;39m [2m:[0;39m gugun - 호출
[2m2021-11-21 03:51:38.192[0;39m [32m INFO[0;39m [35m15224[0;39m [2m---[0;39m [2m[nio-9999-exec-4][0;39m [36mc.ssafy.vue.controller.BoardController  [0;39m [2m:[0;39m listArticle - 호출
[2m2021-11-21 03:51:49.692[0;39m [32mDEBUG[0;39m [35m15224[0;39m [2m---[0;39m [2m[nio-9999-exec-5][0;39m [36mc.ssafy.vue.controller.MemberController [0;39m [2m:[0;39m 로그인 토큰정보 : eyJ0eXAiOiJKV1QiLCJyZWdEYXRlIjoxNjM3NDM0MzA5NjkyLCJhbGciOiJIUzI1NiJ9.eyJleHAiOjE2Mzc0Mzc5MDksInN1YiI6ImFjY2Vzcy10b2tlbiIsInVzZXJpZCI6ImFkbWluIn0.S4f3JYPYuVa8yLmIcSpYRyV_ITGPLiy4AAqOYJuP5WI
[2m2021-11-21 03:51:49.712[0;39m [32m INFO[0;39m [35m15224[0;39m [2m---[0;39m [2m[nio-9999-exec-7][0;39m [36mc.ssafy.vue.controller.MemberController [0;39m [2m:[0;39m 사용 가능한 토큰!!!
[2m2021-11-21 04:06:51.881[0;39m [32m INFO[0;39m [35m15224[0;39m [2m---[0;39m [2m[nio-9999-exec-9][0;39m [36mc.s.vue.controller.HouseMapController   [0;39m [2m:[0;39m sido - 호출
[2m2021-11-21 04:10:58.335[0;39m [32m INFO[0;39m [35m15224[0;39m [2m---[0;39m [2m[nio-9999-exec-1][0;39m [36mc.s.vue.controller.HouseMapController   [0;39m [2m:[0;39m gugun - 호출
[2m2021-11-21 04:11:56.082[0;39m [32m INFO[0;39m [35m15224[0;39m [2m---[0;39m [2m[nio-9999-exec-2][0;39m [36mc.s.vue.controller.HouseMapController   [0;39m [2m:[0;39m sido - 호출
[2m2021-11-21 04:13:00.868[0;39m [32m INFO[0;39m [35m15224[0;39m [2m---[0;39m [2m[nio-9999-exec-4][0;39m [36mc.s.vue.controller.HouseMapController   [0;39m [2m:[0;39m gugun - 호출
[2m2021-11-21 04:13:03.123[0;39m [32m INFO[0;39m [35m15224[0;39m [2m---[0;39m [2m[nio-9999-exec-5][0;39m [36mc.s.vue.controller.HouseMapController   [0;39m [2m:[0;39m sido - 호출
[2m2021-11-21 04:20:30.971[0;39m [32m INFO[0;39m [35m15224[0;39m [2m---[0;39m [2m[nio-9999-exec-7][0;39m [36mc.s.vue.controller.HouseMapController   [0;39m [2m:[0;39m sido - 호출
[2m2021-11-21 04:21:27.986[0;39m [32m INFO[0;39m [35m15224[0;39m [2m---[0;39m [2m[nio-9999-exec-8][0;39m [36mc.s.vue.controller.HouseMapController   [0;39m [2m:[0;39m sido - 호출
[2m2021-11-21 04:21:57.500[0;39m [32m INFO[0;39m [35m15224[0;39m [2m---[0;39m [2m[nio-9999-exec-9][0;39m [36mc.s.vue.controller.HouseMapController   [0;39m [2m:[0;39m sido - 호출
[2m2021-11-21 04:21:58.997[0;39m [32m INFO[0;39m [35m15224[0;39m [2m---[0;39m [2m[io-9999-exec-10][0;39m [36mc.s.vue.controller.HouseMapController   [0;39m [2m:[0;39m gugun - 호출
[2m2021-11-21 04:22:19.453[0;39m [32m INFO[0;39m [35m15224[0;39m [2m---[0;39m [2m[nio-9999-exec-1][0;39m [36mc.s.vue.controller.HouseMapController   [0;39m [2m:[0;39m sido - 호출
[2m2021-11-21 04:22:20.906[0;39m [32m INFO[0;39m [35m15224[0;39m [2m---[0;39m [2m[nio-9999-exec-2][0;39m [36mc.s.vue.controller.HouseMapController   [0;39m [2m:[0;39m gugun - 호출
[2m2021-11-21 04:22:49.725[0;39m [32m INFO[0;39m [35m15224[0;39m [2m---[0;39m [2m[(423)-127.0.0.1][0;39m [36minMXBeanRegistrar$SpringApplicationAdmin[0;39m [2m:[0;39m Application shutdown requested.
[2m2021-11-21 16:26:02.844[0;39m [32m INFO[0;39m [35m21264[0;39m [2m---[0;39m [2m[  restartedMain][0;39m [36m.e.DevToolsPropertyDefaultsPostProcessor[0;39m [2m:[0;39m Devtools property defaults active! Set 'spring.devtools.add-properties' to 'false' to disable
[2m2021-11-21 16:26:02.859[0;39m [32m INFO[0;39m [35m21264[0;39m [2m---[0;39m [2m[  restartedMain][0;39m [36m.e.DevToolsPropertyDefaultsPostProcessor[0;39m [2m:[0;39m For additional web related logging consider setting the 'logging.level.web' property to 'DEBUG'
[2m2021-11-21 16:26:03.763[0;39m [32m INFO[0;39m [35m21264[0;39m [2m---[0;39m [2m[  restartedMain][0;39m [36mo.s.b.w.embedded.tomcat.TomcatWebServer [0;39m [2m:[0;39m Tomcat initialized with port(s): 9999 (http)
[2m2021-11-21 16:26:03.822[0;39m [32m INFO[0;39m [35m21264[0;39m [2m---[0;39m [2m[  restartedMain][0;39m [36mw.s.c.ServletWebServerApplicationContext[0;39m [2m:[0;39m Root WebApplicationContext: initialization completed in 962 ms
[2m2021-11-21 16:26:04.321[0;39m [32m INFO[0;39m [35m21264[0;39m [2m---[0;39m [2m[  restartedMain][0;39m [36mo.s.b.d.a.OptionalLiveReloadServer      [0;39m [2m:[0;39m LiveReload server is running on port 35729
[2m2021-11-21 16:26:04.456[0;39m [32m INFO[0;39m [35m21264[0;39m [2m---[0;39m [2m[  restartedMain][0;39m [36mo.s.b.w.embedded.tomcat.TomcatWebServer [0;39m [2m:[0;39m Tomcat started on port(s): 9999 (http) with context path '/vue'
[2m2021-11-21 16:26:22.939[0;39m [32m INFO[0;39m [35m21264[0;39m [2m---[0;39m [2m[nio-9999-exec-1][0;39m [36mo.s.web.servlet.DispatcherServlet       [0;39m [2m:[0;39m Initializing Servlet 'dispatcherServlet'
[2m2021-11-21 16:26:22.941[0;39m [32m INFO[0;39m [35m21264[0;39m [2m---[0;39m [2m[nio-9999-exec-1][0;39m [36mo.s.web.servlet.DispatcherServlet       [0;39m [2m:[0;39m Completed initialization in 2 ms
[2m2021-11-21 16:26:23.255[0;39m [32mDEBUG[0;39m [35m21264[0;39m [2m---[0;39m [2m[nio-9999-exec-2][0;39m [36mc.ssafy.vue.controller.MemberController [0;39m [2m:[0;39m 로그인 토큰정보 : eyJ0eXAiOiJKV1QiLCJyZWdEYXRlIjoxNjM3NDc5NTgzMjMyLCJhbGciOiJIUzI1NiJ9.eyJleHAiOjE2Mzc0ODMxODMsInN1YiI6ImFjY2Vzcy10b2tlbiIsInVzZXJpZCI6InNzYWZ5In0.o80D40i2cSFFDTOYeKYmqd7QGeVqtD_1tJwz6kh4MzA
[2m2021-11-21 16:26:23.322[0;39m [32m INFO[0;39m [35m21264[0;39m [2m---[0;39m [2m[nio-9999-exec-4][0;39m [36mc.ssafy.vue.controller.MemberController [0;39m [2m:[0;39m 사용 가능한 토큰!!!
[2m2021-11-21 16:32:53.176[0;39m [32mDEBUG[0;39m [35m21264[0;39m [2m---[0;39m [2m[nio-9999-exec-6][0;39m [36mc.ssafy.vue.controller.MemberController [0;39m [2m:[0;39m 로그인 토큰정보 : eyJ0eXAiOiJKV1QiLCJyZWdEYXRlIjoxNjM3NDc5OTczMTc1LCJhbGciOiJIUzI1NiJ9.eyJleHAiOjE2Mzc0ODM1NzMsInN1YiI6ImFjY2Vzcy10b2tlbiIsInVzZXJpZCI6InNzYWZ5In0.KeyU0f6xGITpIrc0pk4UcQsWO0Hag3UG09fRSxBkD7M
[2m2021-11-21 16:32:53.199[0;39m [32m INFO[0;39m [35m21264[0;39m [2m---[0;39m [2m[nio-9999-exec-7][0;39m [36mc.ssafy.vue.controller.MemberController [0;39m [2m:[0;39m 사용 가능한 토큰!!!
[2m2021-11-21 16:34:02.518[0;39m [32mDEBUG[0;39m [35m21264[0;39m [2m---[0;39m [2m[nio-9999-exec-9][0;39m [36mc.ssafy.vue.controller.MemberController [0;39m [2m:[0;39m 로그인 토큰정보 : eyJ0eXAiOiJKV1QiLCJyZWdEYXRlIjoxNjM3NDgwMDQyNTE4LCJhbGciOiJIUzI1NiJ9.eyJleHAiOjE2Mzc0ODM2NDIsInN1YiI6ImFjY2Vzcy10b2tlbiIsInVzZXJpZCI6InNzYWZ5In0.5HRO-PQtotlEM-wZpyxphhF6CM7ad0dSoROkbew57mY
[2m2021-11-21 16:34:02.534[0;39m [32m INFO[0;39m [35m21264[0;39m [2m---[0;39m [2m[io-9999-exec-10][0;39m [36mc.ssafy.vue.controller.MemberController [0;39m [2m:[0;39m 사용 가능한 토큰!!!
[2m2021-11-21 16:34:27.325[0;39m [32mDEBUG[0;39m [35m21264[0;39m [2m---[0;39m [2m[nio-9999-exec-1][0;39m [36mc.ssafy.vue.controller.MemberController [0;39m [2m:[0;39m 로그인 토큰정보 : eyJ0eXAiOiJKV1QiLCJyZWdEYXRlIjoxNjM3NDgwMDY3MzI1LCJhbGciOiJIUzI1NiJ9.eyJleHAiOjE2Mzc0ODM2NjcsInN1YiI6ImFjY2Vzcy10b2tlbiIsInVzZXJpZCI6InNzYWZ5In0.NRyq0Avq9r1wTwLfT9XxepJHOhqb1fpGQTrMV1vF7AI
[2m2021-11-21 16:34:27.341[0;39m [32m INFO[0;39m [35m21264[0;39m [2m---[0;39m [2m[nio-9999-exec-2][0;39m [36mc.ssafy.vue.controller.MemberController [0;39m [2m:[0;39m 사용 가능한 토큰!!!
[2m2021-11-21 16:46:23.997[0;39m [32mDEBUG[0;39m [35m21264[0;39m [2m---[0;39m [2m[nio-9999-exec-4][0;39m [36mc.ssafy.vue.controller.MemberController [0;39m [2m:[0;39m 로그인 토큰정보 : eyJ0eXAiOiJKV1QiLCJyZWdEYXRlIjoxNjM3NDgwNzgzOTk3LCJhbGciOiJIUzI1NiJ9.eyJleHAiOjE2Mzc0ODQzODMsInN1YiI6ImFjY2Vzcy10b2tlbiIsInVzZXJpZCI6InNzYWZ5In0.7bwSgg0R-twYyBjM4tELrjiAQ8KQjuEVDv5L11nsglU
[2m2021-11-21 16:46:24.016[0;39m [32m INFO[0;39m [35m21264[0;39m [2m---[0;39m [2m[nio-9999-exec-5][0;39m [36mc.ssafy.vue.controller.MemberController [0;39m [2m:[0;39m 사용 가능한 토큰!!!
[2m2021-11-21 16:46:47.219[0;39m [32mDEBUG[0;39m [35m21264[0;39m [2m---[0;39m [2m[nio-9999-exec-8][0;39m [36mc.ssafy.vue.controller.MemberController [0;39m [2m:[0;39m 로그인 토큰정보 : eyJ0eXAiOiJKV1QiLCJyZWdEYXRlIjoxNjM3NDgwODA3MjE5LCJhbGciOiJIUzI1NiJ9.eyJleHAiOjE2Mzc0ODQ0MDcsInN1YiI6ImFjY2Vzcy10b2tlbiIsInVzZXJpZCI6InNzYWZ5In0.jHh7aEWwZ1Dw4eyUnGn9Q7wRZpNRGmA7jCwdz1b20jE
[2m2021-11-21 16:46:47.236[0;39m [32m INFO[0;39m [35m21264[0;39m [2m---[0;39m [2m[nio-9999-exec-9][0;39m [36mc.ssafy.vue.controller.MemberController [0;39m [2m:[0;39m 사용 가능한 토큰!!!
[2m2021-11-21 16:47:24.443[0;39m [32mDEBUG[0;39m [35m21264[0;39m [2m---[0;39m [2m[io-9999-exec-10][0;39m [36mc.ssafy.vue.controller.MemberController [0;39m [2m:[0;39m 로그인 토큰정보 : eyJ0eXAiOiJKV1QiLCJyZWdEYXRlIjoxNjM3NDgwODQ0NDQzLCJhbGciOiJIUzI1NiJ9.eyJleHAiOjE2Mzc0ODQ0NDQsInN1YiI6ImFjY2Vzcy10b2tlbiIsInVzZXJpZCI6InNzYWZ5In0.n55iDEYFnZ2qIYe9v57andAnEDRt-0fMQY1FSMeuqCM
[2m2021-11-21 16:47:24.458[0;39m [32m INFO[0;39m [35m21264[0;39m [2m---[0;39m [2m[nio-9999-exec-1][0;39m [36mc.ssafy.vue.controller.MemberController [0;39m [2m:[0;39m 사용 가능한 토큰!!!
[2m2021-11-21 16:48:06.659[0;39m [32mDEBUG[0;39m [35m21264[0;39m [2m---[0;39m [2m[nio-9999-exec-2][0;39m [36mc.ssafy.vue.controller.MemberController [0;39m [2m:[0;39m 로그인 토큰정보 : eyJ0eXAiOiJKV1QiLCJyZWdEYXRlIjoxNjM3NDgwODg2NjU5LCJhbGciOiJIUzI1NiJ9.eyJleHAiOjE2Mzc0ODQ0ODYsInN1YiI6ImFjY2Vzcy10b2tlbiIsInVzZXJpZCI6InNzYWZ5In0.p_yoItmLFWu6sn3VMmGB2DlUDGX7NWkysghAjvv3Kgs
[2m2021-11-21 16:48:06.673[0;39m [32m INFO[0;39m [35m21264[0;39m [2m---[0;39m [2m[nio-9999-exec-3][0;39m [36mc.ssafy.vue.controller.MemberController [0;39m [2m:[0;39m 사용 가능한 토큰!!!
[2m2021-11-21 16:49:12.636[0;39m [32mDEBUG[0;39m [35m21264[0;39m [2m---[0;39m [2m[nio-9999-exec-5][0;39m [36mc.ssafy.vue.controller.MemberController [0;39m [2m:[0;39m 로그인 토큰정보 : eyJ0eXAiOiJKV1QiLCJyZWdEYXRlIjoxNjM3NDgwOTUyNjM2LCJhbGciOiJIUzI1NiJ9.eyJleHAiOjE2Mzc0ODQ1NTIsInN1YiI6ImFjY2Vzcy10b2tlbiIsInVzZXJpZCI6InNzYWZ5In0.Ix5s0FTgMVkOT-T1nb2wAMUCviRK31EmzdjGd5d2BZE
[2m2021-11-21 16:49:12.654[0;39m [32m INFO[0;39m [35m21264[0;39m [2m---[0;39m [2m[nio-9999-exec-6][0;39m [36mc.ssafy.vue.controller.MemberController [0;39m [2m:[0;39m 사용 가능한 토큰!!!
[2m2021-11-21 16:50:41.925[0;39m [32m INFO[0;39m [35m21264[0;39m [2m---[0;39m [2m[nio-9999-exec-8][0;39m [36mc.s.vue.controller.HouseMapController   [0;39m [2m:[0;39m sido - 호출
[2m2021-11-21 16:50:45.303[0;39m [32m INFO[0;39m [35m21264[0;39m [2m---[0;39m [2m[nio-9999-exec-9][0;39m [36mc.s.vue.controller.HouseMapController   [0;39m [2m:[0;39m gugun - 호출
[2m2021-11-21 16:51:04.497[0;39m [32m INFO[0;39m [35m21264[0;39m [2m---[0;39m [2m[io-9999-exec-10][0;39m [36mc.s.vue.controller.HouseMapController   [0;39m [2m:[0;39m sido - 호출
[2m2021-11-21 16:51:10.301[0;39m [32m INFO[0;39m [35m21264[0;39m [2m---[0;39m [2m[nio-9999-exec-1][0;39m [36mc.s.vue.controller.HouseMapController   [0;39m [2m:[0;39m gugun - 호출
[2m2021-11-21 16:56:46.166[0;39m [32mDEBUG[0;39m [35m21264[0;39m [2m---[0;39m [2m[nio-9999-exec-3][0;39m [36mc.ssafy.vue.controller.MemberController [0;39m [2m:[0;39m 로그인 토큰정보 : eyJ0eXAiOiJKV1QiLCJyZWdEYXRlIjoxNjM3NDgxNDA2MTY1LCJhbGciOiJIUzI1NiJ9.eyJleHAiOjE2Mzc0ODUwMDYsInN1YiI6ImFjY2Vzcy10b2tlbiIsInVzZXJpZCI6InNzYWZ5In0.pNJxcDN99NfPdB3Ebr50N62XLbldLi6a3LCVAb6CSzQ
[2m2021-11-21 16:56:46.188[0;39m [32m INFO[0;39m [35m21264[0;39m [2m---[0;39m [2m[nio-9999-exec-4][0;39m [36mc.ssafy.vue.controller.MemberController [0;39m [2m:[0;39m 사용 가능한 토큰!!!
[2m2021-11-21 16:57:28.364[0;39m [32mDEBUG[0;39m [35m21264[0;39m [2m---[0;39m [2m[nio-9999-exec-5][0;39m [36mc.ssafy.vue.controller.MemberController [0;39m [2m:[0;39m 로그인 토큰정보 : eyJ0eXAiOiJKV1QiLCJyZWdEYXRlIjoxNjM3NDgxNDQ4MzY0LCJhbGciOiJIUzI1NiJ9.eyJleHAiOjE2Mzc0ODUwNDgsInN1YiI6ImFjY2Vzcy10b2tlbiIsInVzZXJpZCI6InNzYWZ5In0.bUUVFTLTiF4FY7Xwhve6FyMl6Q76ZMqxMhcNaARIEDk
[2m2021-11-21 16:57:28.385[0;39m [32m INFO[0;39m [35m21264[0;39m [2m---[0;39m [2m[nio-9999-exec-6][0;39m [36mc.ssafy.vue.controller.MemberController [0;39m [2m:[0;39m 사용 가능한 토큰!!!
[2m2021-11-21 16:58:09.778[0;39m [32mDEBUG[0;39m [35m21264[0;39m [2m---[0;39m [2m[nio-9999-exec-7][0;39m [36mc.ssafy.vue.controller.MemberController [0;39m [2m:[0;39m 로그인 토큰정보 : eyJ0eXAiOiJKV1QiLCJyZWdEYXRlIjoxNjM3NDgxNDg5Nzc4LCJhbGciOiJIUzI1NiJ9.eyJleHAiOjE2Mzc0ODUwODksInN1YiI6ImFjY2Vzcy10b2tlbiIsInVzZXJpZCI6InNzYWZ5In0.NZCbD0mnkWr6dfJe7is0TzzZQKzEstzf8otSV_eHwJ8
[2m2021-11-21 16:58:09.794[0;39m [32m INFO[0;39m [35m21264[0;39m [2m---[0;39m [2m[nio-9999-exec-8][0;39m [36mc.ssafy.vue.controller.MemberController [0;39m [2m:[0;39m 사용 가능한 토큰!!!
[2m2021-11-21 17:02:56.619[0;39m [32m INFO[0;39m [35m21264[0;39m [2m---[0;39m [2m[io-9999-exec-10][0;39m [36mc.s.vue.controller.HouseMapController   [0;39m [2m:[0;39m sido - 호출
[2m2021-11-21 17:02:58.237[0;39m [32m INFO[0;39m [35m21264[0;39m [2m---[0;39m [2m[nio-9999-exec-1][0;39m [36mc.s.vue.controller.HouseMapController   [0;39m [2m:[0;39m gugun - 호출
[2m2021-11-21 17:05:50.937[0;39m [32m INFO[0;39m [35m21264[0;39m [2m---[0;39m [2m[nio-9999-exec-3][0;39m [36mc.ssafy.vue.controller.BoardController  [0;39m [2m:[0;39m listArticle - 호출
[2m2021-11-21 17:05:52.191[0;39m [32m INFO[0;39m [35m21264[0;39m [2m---[0;39m [2m[nio-9999-exec-4][0;39m [36mc.s.vue.controller.HouseMapController   [0;39m [2m:[0;39m sido - 호출
[2m2021-11-21 17:05:53.693[0;39m [32m INFO[0;39m [35m21264[0;39m [2m---[0;39m [2m[nio-9999-exec-5][0;39m [36mc.s.vue.controller.HouseMapController   [0;39m [2m:[0;39m gugun - 호출
[2m2021-11-21 17:07:11.305[0;39m [32m INFO[0;39m [35m21264[0;39m [2m---[0;39m [2m[nio-9999-exec-7][0;39m [36mc.s.vue.controller.HouseMapController   [0;39m [2m:[0;39m sido - 호출
[2m2021-11-21 17:07:14.276[0;39m [32m INFO[0;39m [35m21264[0;39m [2m---[0;39m [2m[nio-9999-exec-8][0;39m [36mc.s.vue.controller.HouseMapController   [0;39m [2m:[0;39m gugun - 호출
[2m2021-11-21 17:08:31.753[0;39m [32m INFO[0;39m [35m21264[0;39m [2m---[0;39m [2m[io-9999-exec-10][0;39m [36mc.s.vue.controller.HouseMapController   [0;39m [2m:[0;39m sido - 호출
[2m2021-11-21 17:08:33.611[0;39m [32m INFO[0;39m [35m21264[0;39m [2m---[0;39m [2m[nio-9999-exec-1][0;39m [36mc.s.vue.controller.HouseMapController   [0;39m [2m:[0;39m gugun - 호출
[2m2021-11-21 17:08:46.984[0;39m [32m INFO[0;39m [35m21264[0;39m [2m---[0;39m [2m[nio-9999-exec-2][0;39m [36mc.s.vue.controller.HouseMapController   [0;39m [2m:[0;39m sido - 호출
[2m2021-11-21 17:11:05.815[0;39m [32m INFO[0;39m [35m21264[0;39m [2m---[0;39m [2m[nio-9999-exec-4][0;39m [36mc.s.vue.controller.HouseMapController   [0;39m [2m:[0;39m gugun - 호출
[2m2021-11-21 17:24:14.994[0;39m [32m INFO[0;39m [35m21264[0;39m [2m---[0;39m [2m[nio-9999-exec-6][0;39m [36mc.s.vue.controller.HouseMapController   [0;39m [2m:[0;39m gugun - 호출
[2m2021-11-21 17:24:20.386[0;39m [32m INFO[0;39m [35m21264[0;39m [2m---[0;39m [2m[nio-9999-exec-7][0;39m [36mc.s.vue.controller.HouseMapController   [0;39m [2m:[0;39m gugun - 호출
[2m2021-11-21 20:01:19.379[0;39m [32m INFO[0;39m [35m21264[0;39m [2m---[0;39m [2m[nio-9999-exec-9][0;39m [36mc.ssafy.vue.controller.BoardController  [0;39m [2m:[0;39m listArticle - 호출
[2m2021-11-21 20:01:21.693[0;39m [32m INFO[0;39m [35m21264[0;39m [2m---[0;39m [2m[io-9999-exec-10][0;39m [36mc.s.vue.controller.HouseMapController   [0;39m [2m:[0;39m sido - 호출
[2m2021-11-21 20:09:44.495[0;39m [32m INFO[0;39m [35m21264[0;39m [2m---[0;39m [2m[nio-9999-exec-2][0;39m [36mc.s.vue.controller.HouseMapController   [0;39m [2m:[0;39m sido - 호출
[2m2021-11-21 20:09:47.231[0;39m [32m INFO[0;39m [35m21264[0;39m [2m---[0;39m [2m[nio-9999-exec-3][0;39m [36mc.s.vue.controller.HouseMapController   [0;39m [2m:[0;39m gugun - 호출
[2m2021-11-21 20:12:16.684[0;39m [32mDEBUG[0;39m [35m21264[0;39m [2m---[0;39m [2m[nio-9999-exec-6][0;39m [36mc.ssafy.vue.controller.MemberController [0;39m [2m:[0;39m 로그인 토큰정보 : eyJ0eXAiOiJKV1QiLCJyZWdEYXRlIjoxNjM3NDkzMTM2NjgzLCJhbGciOiJIUzI1NiJ9.eyJleHAiOjE2Mzc0OTY3MzYsInN1YiI6ImFjY2Vzcy10b2tlbiIsInVzZXJpZCI6InNzYWZ5In0.5K0o4EJJ_3u8p3u1T5yjiUySJR4abhmJjDVB1DF7z3w
[2m2021-11-21 20:12:16.707[0;39m [32m INFO[0;39m [35m21264[0;39m [2m---[0;39m [2m[nio-9999-exec-8][0;39m [36mc.ssafy.vue.controller.MemberController [0;39m [2m:[0;39m 사용 가능한 토큰!!!
[2m2021-11-21 20:22:11.274[0;39m [32mDEBUG[0;39m [35m21264[0;39m [2m---[0;39m [2m[nio-9999-exec-1][0;39m [36mc.ssafy.vue.controller.MemberController [0;39m [2m:[0;39m 로그인 토큰정보 : eyJ0eXAiOiJKV1QiLCJyZWdEYXRlIjoxNjM3NDkzNzMxMjc0LCJhbGciOiJIUzI1NiJ9.eyJleHAiOjE2Mzc0OTczMzEsInN1YiI6ImFjY2Vzcy10b2tlbiIsInVzZXJpZCI6InNzYWZ5In0.sEEUpyJ-b_XfWUbwm4-Y4p3P6lq4mzC9EzB05ELtjOI
[2m2021-11-21 20:22:11.291[0;39m [32m INFO[0;39m [35m21264[0;39m [2m---[0;39m [2m[nio-9999-exec-3][0;39m [36mc.ssafy.vue.controller.MemberController [0;39m [2m:[0;39m 사용 가능한 토큰!!!
[2m2021-11-21 20:53:32.071[0;39m [32mDEBUG[0;39m [35m21264[0;39m [2m---[0;39m [2m[nio-9999-exec-6][0;39m [36mc.ssafy.vue.controller.MemberController [0;39m [2m:[0;39m memberDto info : com.ssafy.vue.model.MemberDto@30f50624
[2m2021-11-21 20:53:33.297[0;39m [32m INFO[0;39m [35m21264[0;39m [2m---[0;39m [2m[nio-9999-exec-7][0;39m [36mc.ssafy.vue.controller.MemberController [0;39m [2m:[0;39m 사용 가능한 토큰!!!
[2m2021-11-21 20:54:57.721[0;39m [32mDEBUG[0;39m [35m21264[0;39m [2m---[0;39m [2m[nio-9999-exec-9][0;39m [36mc.ssafy.vue.controller.MemberController [0;39m [2m:[0;39m memberDto info : com.ssafy.vue.model.MemberDto@46e4d5c7
[2m2021-11-21 20:54:58.633[0;39m [32m INFO[0;39m [35m21264[0;39m [2m---[0;39m [2m[io-9999-exec-10][0;39m [36mc.ssafy.vue.controller.MemberController [0;39m [2m:[0;39m 사용 가능한 토큰!!!
[2m2021-11-21 20:55:54.353[0;39m [32mDEBUG[0;39m [35m21264[0;39m [2m---[0;39m [2m[nio-9999-exec-1][0;39m [36mc.ssafy.vue.controller.MemberController [0;39m [2m:[0;39m memberDto info : com.ssafy.vue.model.MemberDto@13f09dd0
[2m2021-11-21 20:55:55.113[0;39m [32m INFO[0;39m [35m21264[0;39m [2m---[0;39m [2m[nio-9999-exec-2][0;39m [36mc.ssafy.vue.controller.MemberController [0;39m [2m:[0;39m 사용 가능한 토큰!!!
[2m2021-11-21 20:56:25.249[0;39m [32mDEBUG[0;39m [35m21264[0;39m [2m---[0;39m [2m[nio-9999-exec-3][0;39m [36mc.ssafy.vue.controller.MemberController [0;39m [2m:[0;39m 로그인 토큰정보 : eyJ0eXAiOiJKV1QiLCJyZWdEYXRlIjoxNjM3NDk1Nzg1MjQ5LCJhbGciOiJIUzI1NiJ9.eyJleHAiOjE2Mzc0OTkzODUsInN1YiI6ImFjY2Vzcy10b2tlbiIsInVzZXJpZCI6InNzYWZ5MiJ9.etJJCMc5oR2E3kmlp_ZLWF61-Tg62LHsD5tUt1H5vco
[2m2021-11-21 20:56:25.266[0;39m [32m INFO[0;39m [35m21264[0;39m [2m---[0;39m [2m[nio-9999-exec-5][0;39m [36mc.ssafy.vue.controller.MemberController [0;39m [2m:[0;39m 사용 가능한 토큰!!!
[2m2021-11-21 20:56:40.626[0;39m [32mDEBUG[0;39m [35m21264[0;39m [2m---[0;39m [2m[nio-9999-exec-6][0;39m [36mc.ssafy.vue.controller.MemberController [0;39m [2m:[0;39m 로그인 토큰정보 : eyJ0eXAiOiJKV1QiLCJyZWdEYXRlIjoxNjM3NDk1ODAwNjI1LCJhbGciOiJIUzI1NiJ9.eyJleHAiOjE2Mzc0OTk0MDAsInN1YiI6ImFjY2Vzcy10b2tlbiIsInVzZXJpZCI6InNzYWZ5MiJ9.7DRgYQ4Ib_1vLJMhEeX1bSn_sWKNJ3iSMKNVRtMJ1vg
[2m2021-11-21 20:56:40.644[0;39m [32m INFO[0;39m [35m21264[0;39m [2m---[0;39m [2m[nio-9999-exec-7][0;39m [36mc.ssafy.vue.controller.MemberController [0;39m [2m:[0;39m 사용 가능한 토큰!!!
[2m2021-11-21 20:57:53.249[0;39m [32mDEBUG[0;39m [35m21264[0;39m [2m---[0;39m [2m[nio-9999-exec-4][0;39m [36mc.ssafy.vue.controller.MemberController [0;39m [2m:[0;39m 로그인 토큰정보 : eyJ0eXAiOiJKV1QiLCJyZWdEYXRlIjoxNjM3NDk1ODczMjQ5LCJhbGciOiJIUzI1NiJ9.eyJleHAiOjE2Mzc0OTk0NzMsInN1YiI6ImFjY2Vzcy10b2tlbiIsInVzZXJpZCI6ImFkbWluIn0.qQnUoIp1c3OFbzCzgJtCjwmJ00cLtfjJ1jNUQvJVwiI
[2m2021-11-21 20:57:53.266[0;39m [32m INFO[0;39m [35m21264[0;39m [2m---[0;39m [2m[nio-9999-exec-6][0;39m [36mc.ssafy.vue.controller.MemberController [0;39m [2m:[0;39m 사용 가능한 토큰!!!
[2m2021-11-21 20:58:21.528[0;39m [32m INFO[0;39m [35m21264[0;39m [2m---[0;39m [2m[nio-9999-exec-8][0;39m [36mc.ssafy.vue.controller.BoardController  [0;39m [2m:[0;39m listArticle - 호출
[2m2021-11-21 20:58:23.527[0;39m [32m INFO[0;39m [35m21264[0;39m [2m---[0;39m [2m[nio-9999-exec-9][0;39m [36mc.ssafy.vue.controller.MemberController [0;39m [2m:[0;39m 사용 가능한 토큰!!!
[2m2021-11-21 20:58:39.060[0;39m [32m INFO[0;39m [35m21264[0;39m [2m---[0;39m [2m[io-9999-exec-10][0;39m [36mc.ssafy.vue.controller.BoardController  [0;39m [2m:[0;39m listArticle - 호출
[2m2021-11-21 20:58:48.075[0;39m [32m INFO[0;39m [35m21264[0;39m [2m---[0;39m [2m[nio-9999-exec-1][0;39m [36mc.ssafy.vue.controller.BoardController  [0;39m [2m:[0;39m listArticle - 호출
[2m2021-11-21 20:59:31.013[0;39m [32m INFO[0;39m [35m21264[0;39m [2m---[0;39m [2m[nio-9999-exec-2][0;39m [36mc.ssafy.vue.controller.BoardController  [0;39m [2m:[0;39m listArticle - 호출
[2m2021-11-21 20:59:37.299[0;39m [32m INFO[0;39m [35m21264[0;39m [2m---[0;39m [2m[nio-9999-exec-3][0;39m [36mc.ssafy.vue.controller.BoardController  [0;39m [2m:[0;39m listArticle - 호출
[2m2021-11-21 20:59:38.975[0;39m [32m INFO[0;39m [35m21264[0;39m [2m---[0;39m [2m[nio-9999-exec-4][0;39m [36mc.ssafy.vue.controller.MemberController [0;39m [2m:[0;39m 사용 가능한 토큰!!!
[2m2021-11-21 20:59:55.297[0;39m [32mDEBUG[0;39m [35m21264[0;39m [2m---[0;39m [2m[nio-9999-exec-5][0;39m [36mc.ssafy.vue.controller.MemberController [0;39m [2m:[0;39m 로그인 토큰정보 : eyJ0eXAiOiJKV1QiLCJyZWdEYXRlIjoxNjM3NDk1OTk1Mjk3LCJhbGciOiJIUzI1NiJ9.eyJleHAiOjE2Mzc0OTk1OTUsInN1YiI6ImFjY2Vzcy10b2tlbiIsInVzZXJpZCI6InNzYWZ5In0.JYKyv4Yc61Hplg2SMNcgEANeG6-L6pBe9b9_er_14lQ
[2m2021-11-21 20:59:55.313[0;39m [32m INFO[0;39m [35m21264[0;39m [2m---[0;39m [2m[nio-9999-exec-6][0;39m [36mc.ssafy.vue.controller.MemberController [0;39m [2m:[0;39m 사용 가능한 토큰!!!
[2m2021-11-21 20:59:58.608[0;39m [32m INFO[0;39m [35m21264[0;39m [2m---[0;39m [2m[nio-9999-exec-7][0;39m [36mc.ssafy.vue.controller.BoardController  [0;39m [2m:[0;39m listArticle - 호출
[2m2021-11-21 21:00:00.535[0;39m [32m INFO[0;39m [35m21264[0;39m [2m---[0;39m [2m[nio-9999-exec-8][0;39m [36mc.ssafy.vue.controller.MemberController [0;39m [2m:[0;39m 사용 가능한 토큰!!!
[2m2021-11-21 21:00:11.077[0;39m [32m INFO[0;39m [35m21264[0;39m [2m---[0;39m [2m[nio-9999-exec-9][0;39m [36mc.ssafy.vue.controller.BoardController  [0;39m [2m:[0;39m listArticle - 호출
[2m2021-11-21 21:00:20.192[0;39m [32mDEBUG[0;39m [35m21264[0;39m [2m---[0;39m [2m[io-9999-exec-10][0;39m [36mc.ssafy.vue.controller.MemberController [0;39m [2m:[0;39m 로그인 토큰정보 : eyJ0eXAiOiJKV1QiLCJyZWdEYXRlIjoxNjM3NDk2MDIwMTkyLCJhbGciOiJIUzI1NiJ9.eyJleHAiOjE2Mzc0OTk2MjAsInN1YiI6ImFjY2Vzcy10b2tlbiIsInVzZXJpZCI6ImFkbWluIn0.5RA6LUEXQ6i_lpitWOjVk2PcSpHBnkf2jp2Kc6SfseY
[2m2021-11-21 21:00:20.206[0;39m [32m INFO[0;39m [35m21264[0;39m [2m---[0;39m [2m[nio-9999-exec-1][0;39m [36mc.ssafy.vue.controller.MemberController [0;39m [2m:[0;39m 사용 가능한 토큰!!!
[2m2021-11-21 21:00:22.469[0;39m [32m INFO[0;39m [35m21264[0;39m [2m---[0;39m [2m[nio-9999-exec-2][0;39m [36mc.ssafy.vue.controller.BoardController  [0;39m [2m:[0;39m listArticle - 호출
[2m2021-11-21 21:01:27.424[0;39m [32m INFO[0;39m [35m21264[0;39m [2m---[0;39m [2m[nio-9999-exec-4][0;39m [36mc.ssafy.vue.controller.BoardController  [0;39m [2m:[0;39m listArticle - 호출
[2m2021-11-21 21:03:52.965[0;39m [32m INFO[0;39m [35m21264[0;39m [2m---[0;39m [2m[nio-9999-exec-6][0;39m [36mc.ssafy.vue.controller.BoardController  [0;39m [2m:[0;39m listArticle - 호출
[2m2021-11-21 21:04:01.630[0;39m [32m INFO[0;39m [35m21264[0;39m [2m---[0;39m [2m[nio-9999-exec-7][0;39m [36mc.ssafy.vue.controller.BoardController  [0;39m [2m:[0;39m listArticle - 호출
[2m2021-11-21 21:04:42.487[0;39m [32m INFO[0;39m [35m21264[0;39m [2m---[0;39m [2m[nio-9999-exec-8][0;39m [36mc.ssafy.vue.controller.BoardController  [0;39m [2m:[0;39m listArticle - 호출
[2m2021-11-21 21:05:43.352[0;39m [32m INFO[0;39m [35m21264[0;39m [2m---[0;39m [2m[io-9999-exec-10][0;39m [36mc.ssafy.vue.controller.BoardController  [0;39m [2m:[0;39m listArticle - 호출
[2m2021-11-21 21:05:56.703[0;39m [32m INFO[0;39m [35m21264[0;39m [2m---[0;39m [2m[nio-9999-exec-1][0;39m [36mc.ssafy.vue.controller.BoardController  [0;39m [2m:[0;39m listArticle - 호출
[2m2021-11-21 21:16:45.707[0;39m [32m INFO[0;39m [35m21264[0;39m [2m---[0;39m [2m[nio-9999-exec-3][0;39m [36mc.ssafy.vue.controller.BoardController  [0;39m [2m:[0;39m listArticle - 호출
[2m2021-11-21 21:16:47.112[0;39m [32m INFO[0;39m [35m21264[0;39m [2m---[0;39m [2m[nio-9999-exec-4][0;39m [36mc.ssafy.vue.controller.BoardController  [0;39m [2m:[0;39m listArticle - 호출
[2m2021-11-21 21:17:12.378[0;39m [32m INFO[0;39m [35m21264[0;39m [2m---[0;39m [2m[nio-9999-exec-6][0;39m [36mc.ssafy.vue.controller.BoardController  [0;39m [2m:[0;39m writeArticle - 호출
[2m2021-11-21 21:17:13.331[0;39m [32m INFO[0;39m [35m21264[0;39m [2m---[0;39m [2m[nio-9999-exec-7][0;39m [36mc.ssafy.vue.controller.BoardController  [0;39m [2m:[0;39m listArticle - 호출
[2m2021-11-21 21:17:22.375[0;39m [32m INFO[0;39m [35m21264[0;39m [2m---[0;39m [2m[nio-9999-exec-8][0;39m [36mc.ssafy.vue.controller.BoardController  [0;39m [2m:[0;39m listArticle - 호출
[2m2021-11-21 21:18:53.027[0;39m [32m INFO[0;39m [35m21264[0;39m [2m---[0;39m [2m[io-9999-exec-10][0;39m [36mc.ssafy.vue.controller.BoardController  [0;39m [2m:[0;39m listArticle - 호출
[2m2021-11-21 21:18:54.871[0;39m [32m INFO[0;39m [35m21264[0;39m [2m---[0;39m [2m[nio-9999-exec-1][0;39m [36mc.ssafy.vue.controller.BoardController  [0;39m [2m:[0;39m listArticle - 호출
[2m2021-11-21 21:19:22.408[0;39m [32m INFO[0;39m [35m21264[0;39m [2m---[0;39m [2m[nio-9999-exec-2][0;39m [36mc.ssafy.vue.controller.BoardController  [0;39m [2m:[0;39m listArticle - 호출
[2m2021-11-21 21:19:24.215[0;39m [32m INFO[0;39m [35m21264[0;39m [2m---[0;39m [2m[nio-9999-exec-3][0;39m [36mc.ssafy.vue.controller.BoardController  [0;39m [2m:[0;39m listArticle - 호출
[2m2021-11-21 21:20:56.344[0;39m [32m INFO[0;39m [35m21264[0;39m [2m---[0;39m [2m[nio-9999-exec-5][0;39m [36mc.ssafy.vue.controller.BoardController  [0;39m [2m:[0;39m listArticle - 호출
[2m2021-11-21 21:21:54.617[0;39m [32m INFO[0;39m [35m21264[0;39m [2m---[0;39m [2m[nio-9999-exec-6][0;39m [36mc.ssafy.vue.controller.BoardController  [0;39m [2m:[0;39m listArticle - 호출
[2m2021-11-21 21:22:30.135[0;39m [32m INFO[0;39m [35m21264[0;39m [2m---[0;39m [2m[nio-9999-exec-7][0;39m [36mc.ssafy.vue.controller.BoardController  [0;39m [2m:[0;39m listArticle - 호출
[2m2021-11-21 21:22:31.679[0;39m [32m INFO[0;39m [35m21264[0;39m [2m---[0;39m [2m[nio-9999-exec-8][0;39m [36mc.ssafy.vue.controller.BoardController  [0;39m [2m:[0;39m listArticle - 호출
[2m2021-11-21 21:24:22.507[0;39m [32m INFO[0;39m [35m21264[0;39m [2m---[0;39m [2m[io-9999-exec-10][0;39m [36mc.ssafy.vue.controller.BoardController  [0;39m [2m:[0;39m listArticle - 호출
[2m2021-11-21 21:25:28.813[0;39m [32m INFO[0;39m [35m21264[0;39m [2m---[0;39m [2m[nio-9999-exec-2][0;39m [36mc.ssafy.vue.controller.BoardController  [0;39m [2m:[0;39m listArticle - 호출
[2m2021-11-21 21:25:30.590[0;39m [32m INFO[0;39m [35m21264[0;39m [2m---[0;39m [2m[nio-9999-exec-3][0;39m [36mc.ssafy.vue.controller.BoardController  [0;39m [2m:[0;39m getArticle - 호출 : 13
[2m2021-11-21 21:25:46.928[0;39m [32m INFO[0;39m [35m21264[0;39m [2m---[0;39m [2m[nio-9999-exec-4][0;39m [36mc.ssafy.vue.controller.BoardController  [0;39m [2m:[0;39m listArticle - 호출
[2m2021-11-21 21:26:27.504[0;39m [32m INFO[0;39m [35m21264[0;39m [2m---[0;39m [2m[nio-9999-exec-5][0;39m [36mc.ssafy.vue.controller.BoardController  [0;39m [2m:[0;39m getArticle - 호출 : 13
[2m2021-11-21 21:26:33.199[0;39m [32m INFO[0;39m [35m21264[0;39m [2m---[0;39m [2m[nio-9999-exec-6][0;39m [36mc.ssafy.vue.controller.BoardController  [0;39m [2m:[0;39m getArticle - 호출 : 13
[2m2021-11-21 21:29:18.010[0;39m [32m INFO[0;39m [35m21264[0;39m [2m---[0;39m [2m[nio-9999-exec-8][0;39m [36mc.ssafy.vue.controller.BoardController  [0;39m [2m:[0;39m listArticle - 호출
[2m2021-11-21 21:29:20.231[0;39m [32m INFO[0;39m [35m21264[0;39m [2m---[0;39m [2m[nio-9999-exec-9][0;39m [36mc.ssafy.vue.controller.BoardController  [0;39m [2m:[0;39m listArticle - 호출
[2m2021-11-21 21:29:27.441[0;39m [32m INFO[0;39m [35m21264[0;39m [2m---[0;39m [2m[io-9999-exec-10][0;39m [36mc.ssafy.vue.controller.BoardController  [0;39m [2m:[0;39m listArticle - 호출
[2m2021-11-21 21:31:56.038[0;39m [32m INFO[0;39m [35m21264[0;39m [2m---[0;39m [2m[nio-9999-exec-2][0;39m [36mc.ssafy.vue.controller.BoardController  [0;39m [2m:[0;39m listArticle - 호출
[2m2021-11-21 21:31:57.479[0;39m [32m INFO[0;39m [35m21264[0;39m [2m---[0;39m [2m[nio-9999-exec-3][0;39m [36mc.ssafy.vue.controller.BoardController  [0;39m [2m:[0;39m getArticle - 호출 : 13
[2m2021-11-21 21:32:00.427[0;39m [32m INFO[0;39m [35m21264[0;39m [2m---[0;39m [2m[nio-9999-exec-4][0;39m [36mc.ssafy.vue.controller.BoardController  [0;39m [2m:[0;39m listArticle - 호출
[2m2021-11-21 21:32:18.709[0;39m [32m INFO[0;39m [35m21264[0;39m [2m---[0;39m [2m[nio-9999-exec-5][0;39m [36mc.ssafy.vue.controller.BoardController  [0;39m [2m:[0;39m getArticle - 호출 : 13
[2m2021-11-21 21:32:21.460[0;39m [32m INFO[0;39m [35m21264[0;39m [2m---[0;39m [2m[nio-9999-exec-6][0;39m [36mc.ssafy.vue.controller.BoardController  [0;39m [2m:[0;39m listArticle - 호출
[2m2021-11-21 21:32:22.628[0;39m [32m INFO[0;39m [35m21264[0;39m [2m---[0;39m [2m[nio-9999-exec-7][0;39m [36mc.ssafy.vue.controller.BoardController  [0;39m [2m:[0;39m getArticle - 호출 : 12
[2m2021-11-21 21:32:27.319[0;39m [32m INFO[0;39m [35m21264[0;39m [2m---[0;39m [2m[nio-9999-exec-8][0;39m [36mc.ssafy.vue.controller.BoardController  [0;39m [2m:[0;39m getArticle - 호출 : 12
[2m2021-11-21 21:32:54.306[0;39m [32m INFO[0;39m [35m21264[0;39m [2m---[0;39m [2m[nio-9999-exec-9][0;39m [36mc.ssafy.vue.controller.BoardController  [0;39m [2m:[0;39m getArticle - 호출 : 12
[2m2021-11-21 21:32:57.121[0;39m [32m INFO[0;39m [35m21264[0;39m [2m---[0;39m [2m[io-9999-exec-10][0;39m [36mc.ssafy.vue.controller.BoardController  [0;39m [2m:[0;39m listArticle - 호출
[2m2021-11-21 21:32:59.277[0;39m [32m INFO[0;39m [35m21264[0;39m [2m---[0;39m [2m[nio-9999-exec-1][0;39m [36mc.ssafy.vue.controller.BoardController  [0;39m [2m:[0;39m getArticle - 호출 : 13
[2m2021-11-21 21:33:03.997[0;39m [32m INFO[0;39m [35m21264[0;39m [2m---[0;39m [2m[nio-9999-exec-2][0;39m [36mc.ssafy.vue.controller.BoardController  [0;39m [2m:[0;39m listArticle - 호출
[2m2021-11-21 21:33:04.724[0;39m [32m INFO[0;39m [35m21264[0;39m [2m---[0;39m [2m[nio-9999-exec-3][0;39m [36mc.ssafy.vue.controller.BoardController  [0;39m [2m:[0;39m getArticle - 호출 : 12
[2m2021-11-21 21:33:09.007[0;39m [32m INFO[0;39m [35m21264[0;39m [2m---[0;39m [2m[nio-9999-exec-4][0;39m [36mc.ssafy.vue.controller.BoardController  [0;39m [2m:[0;39m listArticle - 호출
[2m2021-11-21 21:33:24.041[0;39m [32m INFO[0;39m [35m21264[0;39m [2m---[0;39m [2m[nio-9999-exec-5][0;39m [36mc.ssafy.vue.controller.BoardController  [0;39m [2m:[0;39m getArticle - 호출 : 13
[2m2021-11-21 21:33:26.844[0;39m [32m INFO[0;39m [35m21264[0;39m [2m---[0;39m [2m[nio-9999-exec-6][0;39m [36mc.ssafy.vue.controller.BoardController  [0;39m [2m:[0;39m listArticle - 호출
[2m2021-11-21 21:33:28.185[0;39m [32m INFO[0;39m [35m21264[0;39m [2m---[0;39m [2m[nio-9999-exec-7][0;39m [36mc.ssafy.vue.controller.BoardController  [0;39m [2m:[0;39m getArticle - 호출 : 12
[2m2021-11-21 21:33:38.287[0;39m [32m INFO[0;39m [35m21264[0;39m [2m---[0;39m [2m[nio-9999-exec-8][0;39m [36mc.ssafy.vue.controller.BoardController  [0;39m [2m:[0;39m listArticle - 호출
[2m2021-11-21 21:34:10.306[0;39m [32m INFO[0;39m [35m21264[0;39m [2m---[0;39m [2m[nio-9999-exec-9][0;39m [36mc.ssafy.vue.controller.BoardController  [0;39m [2m:[0;39m listArticle - 호출
[2m2021-11-21 21:34:11.697[0;39m [32m INFO[0;39m [35m21264[0;39m [2m---[0;39m [2m[io-9999-exec-10][0;39m [36mc.ssafy.vue.controller.BoardController  [0;39m [2m:[0;39m getArticle - 호출 : 13
[2m2021-11-21 21:34:12.598[0;39m [32m INFO[0;39m [35m21264[0;39m [2m---[0;39m [2m[nio-9999-exec-1][0;39m [36mc.ssafy.vue.controller.BoardController  [0;39m [2m:[0;39m listArticle - 호출
[2m2021-11-21 21:34:13.506[0;39m [32m INFO[0;39m [35m21264[0;39m [2m---[0;39m [2m[nio-9999-exec-2][0;39m [36mc.ssafy.vue.controller.BoardController  [0;39m [2m:[0;39m getArticle - 호출 : 11
[2m2021-11-21 21:34:15.390[0;39m [32m INFO[0;39m [35m21264[0;39m [2m---[0;39m [2m[nio-9999-exec-3][0;39m [36mc.ssafy.vue.controller.BoardController  [0;39m [2m:[0;39m listArticle - 호출
[2m2021-11-21 21:35:41.503[0;39m [32m INFO[0;39m [35m21264[0;39m [2m---[0;39m [2m[nio-9999-exec-5][0;39m [36mc.ssafy.vue.controller.BoardController  [0;39m [2m:[0;39m getArticle - 호출 : 13
[2m2021-11-21 21:35:43.534[0;39m [32m INFO[0;39m [35m21264[0;39m [2m---[0;39m [2m[nio-9999-exec-6][0;39m [36mc.ssafy.vue.controller.BoardController  [0;39m [2m:[0;39m listArticle - 호출
[2m2021-11-21 21:38:03.864[0;39m [32m INFO[0;39m [35m21264[0;39m [2m---[0;39m [2m[nio-9999-exec-8][0;39m [36mc.ssafy.vue.controller.BoardController  [0;39m [2m:[0;39m listArticle - 호출
[2m2021-11-21 21:38:05.705[0;39m [32m INFO[0;39m [35m21264[0;39m [2m---[0;39m [2m[nio-9999-exec-9][0;39m [36mc.ssafy.vue.controller.BoardController  [0;39m [2m:[0;39m getArticle - 호출 : 13
[2m2021-11-21 21:38:08.412[0;39m [32m INFO[0;39m [35m21264[0;39m [2m---[0;39m [2m[io-9999-exec-10][0;39m [36mc.ssafy.vue.controller.BoardController  [0;39m [2m:[0;39m listArticle - 호출
[2m2021-11-21 21:38:08.646[0;39m [32m INFO[0;39m [35m21264[0;39m [2m---[0;39m [2m[nio-9999-exec-1][0;39m [36mc.ssafy.vue.controller.BoardController  [0;39m [2m:[0;39m getArticle - 호출 : 12
[2m2021-11-21 21:40:16.307[0;39m [32m INFO[0;39m [35m21264[0;39m [2m---[0;39m [2m[nio-9999-exec-3][0;39m [36mc.ssafy.vue.controller.BoardController  [0;39m [2m:[0;39m getArticle - 호출 : 12
[2m2021-11-21 21:43:52.043[0;39m [32m INFO[0;39m [35m21264[0;39m [2m---[0;39m [2m[nio-9999-exec-5][0;39m [36mc.ssafy.vue.controller.BoardController  [0;39m [2m:[0;39m listArticle - 호출
[2m2021-11-21 21:43:53.383[0;39m [32m INFO[0;39m [35m21264[0;39m [2m---[0;39m [2m[nio-9999-exec-6][0;39m [36mc.ssafy.vue.controller.BoardController  [0;39m [2m:[0;39m getArticle - 호출 : 13
[2m2021-11-21 21:44:21.673[0;39m [32m INFO[0;39m [35m21264[0;39m [2m---[0;39m [2m[nio-9999-exec-7][0;39m [36mc.ssafy.vue.controller.BoardController  [0;39m [2m:[0;39m getArticle - 호출 : 13
[2m2021-11-21 21:44:40.105[0;39m [32m INFO[0;39m [35m21264[0;39m [2m---[0;39m [2m[nio-9999-exec-8][0;39m [36mc.ssafy.vue.controller.BoardController  [0;39m [2m:[0;39m modifyArticle - 호출
[2m2021-11-21 21:45:36.877[0;39m [32m INFO[0;39m [35m21264[0;39m [2m---[0;39m [2m[nio-9999-exec-9][0;39m [36mc.ssafy.vue.controller.BoardController  [0;39m [2m:[0;39m getArticle - 호출 : 13
[2m2021-11-21 21:45:39.206[0;39m [32m INFO[0;39m [35m21264[0;39m [2m---[0;39m [2m[io-9999-exec-10][0;39m [36mc.ssafy.vue.controller.BoardController  [0;39m [2m:[0;39m modifyArticle - 호출
[2m2021-11-21 21:45:40.023[0;39m [32m INFO[0;39m [35m21264[0;39m [2m---[0;39m [2m[nio-9999-exec-1][0;39m [36mc.ssafy.vue.controller.BoardController  [0;39m [2m:[0;39m listArticle - 호출
[2m2021-11-21 21:45:42.327[0;39m [32m INFO[0;39m [35m21264[0;39m [2m---[0;39m [2m[nio-9999-exec-2][0;39m [36mc.ssafy.vue.controller.BoardController  [0;39m [2m:[0;39m getArticle - 호출 : 13
[2m2021-11-21 21:45:47.273[0;39m [32m INFO[0;39m [35m21264[0;39m [2m---[0;39m [2m[nio-9999-exec-3][0;39m [36mc.ssafy.vue.controller.BoardController  [0;39m [2m:[0;39m getArticle - 호출 : 13
[2m2021-11-21 21:45:50.136[0;39m [32m INFO[0;39m [35m21264[0;39m [2m---[0;39m [2m[nio-9999-exec-4][0;39m [36mc.ssafy.vue.controller.BoardController  [0;39m [2m:[0;39m modifyArticle - 호출
[2m2021-11-21 21:45:50.986[0;39m [32m INFO[0;39m [35m21264[0;39m [2m---[0;39m [2m[nio-9999-exec-5][0;39m [36mc.ssafy.vue.controller.BoardController  [0;39m [2m:[0;39m listArticle - 호출
[2m2021-11-21 21:45:52.378[0;39m [32m INFO[0;39m [35m21264[0;39m [2m---[0;39m [2m[nio-9999-exec-6][0;39m [36mc.ssafy.vue.controller.BoardController  [0;39m [2m:[0;39m getArticle - 호출 : 13
[2m2021-11-21 21:45:56.911[0;39m [32m INFO[0;39m [35m21264[0;39m [2m---[0;39m [2m[nio-9999-exec-8][0;39m [36mc.ssafy.vue.controller.BoardController  [0;39m [2m:[0;39m deleteArticle - 호출
[2m2021-11-21 21:47:05.846[0;39m [32m INFO[0;39m [35m21264[0;39m [2m---[0;39m [2m[io-9999-exec-10][0;39m [36mc.ssafy.vue.controller.BoardController  [0;39m [2m:[0;39m getArticle - 호출 : 13
[2m2021-11-21 21:47:07.417[0;39m [32m INFO[0;39m [35m21264[0;39m [2m---[0;39m [2m[nio-9999-exec-1][0;39m [36mc.ssafy.vue.controller.BoardController  [0;39m [2m:[0;39m listArticle - 호출
[2m2021-11-21 21:47:08.906[0;39m [32m INFO[0;39m [35m21264[0;39m [2m---[0;39m [2m[nio-9999-exec-2][0;39m [36mc.ssafy.vue.controller.BoardController  [0;39m [2m:[0;39m getArticle - 호출 : 12
[2m2021-11-21 21:47:11.570[0;39m [32m INFO[0;39m [35m21264[0;39m [2m---[0;39m [2m[nio-9999-exec-4][0;39m [36mc.ssafy.vue.controller.BoardController  [0;39m [2m:[0;39m deleteArticle - 호출
[2m2021-11-21 21:47:11.592[0;39m [32m INFO[0;39m [35m21264[0;39m [2m---[0;39m [2m[nio-9999-exec-5][0;39m [36mc.ssafy.vue.controller.BoardController  [0;39m [2m:[0;39m listArticle - 호출
[2m2021-11-21 21:47:19.357[0;39m [32m INFO[0;39m [35m21264[0;39m [2m---[0;39m [2m[nio-9999-exec-6][0;39m [36mc.ssafy.vue.controller.BoardController  [0;39m [2m:[0;39m getArticle - 호출 : 11
[2m2021-11-21 21:47:19.928[0;39m [32m INFO[0;39m [35m21264[0;39m [2m---[0;39m [2m[nio-9999-exec-7][0;39m [36mc.ssafy.vue.controller.BoardController  [0;39m [2m:[0;39m listArticle - 호출
[2m2021-11-21 21:53:54.892[0;39m [32m INFO[0;39m [35m21264[0;39m [2m---[0;39m [2m[nio-9999-exec-9][0;39m [36mc.ssafy.vue.controller.BoardController  [0;39m [2m:[0;39m listArticle - 호출
[2m2021-11-21 21:55:34.941[0;39m [32m INFO[0;39m [35m21264[0;39m [2m---[0;39m [2m[nio-9999-exec-1][0;39m [36mc.ssafy.vue.controller.BoardController  [0;39m [2m:[0;39m listArticle - 호출
[2m2021-11-21 21:55:54.331[0;39m [32m INFO[0;39m [35m21264[0;39m [2m---[0;39m [2m[nio-9999-exec-2][0;39m [36mc.ssafy.vue.controller.BoardController  [0;39m [2m:[0;39m listArticle - 호출
[2m2021-11-21 21:55:59.288[0;39m [32m INFO[0;39m [35m21264[0;39m [2m---[0;39m [2m[nio-9999-exec-3][0;39m [36mc.ssafy.vue.controller.BoardController  [0;39m [2m:[0;39m listArticle - 호출
[2m2021-11-21 21:56:01.041[0;39m [32m INFO[0;39m [35m21264[0;39m [2m---[0;39m [2m[nio-9999-exec-4][0;39m [36mc.ssafy.vue.controller.BoardController  [0;39m [2m:[0;39m listArticle - 호출
[2m2021-11-21 21:56:04.069[0;39m [32m INFO[0;39m [35m21264[0;39m [2m---[0;39m [2m[nio-9999-exec-5][0;39m [36mc.ssafy.vue.controller.BoardController  [0;39m [2m:[0;39m listArticle - 호출
[2m2021-11-21 21:58:32.416[0;39m [32m INFO[0;39m [35m21264[0;39m [2m---[0;39m [2m[nio-9999-exec-7][0;39m [36mc.ssafy.vue.controller.BoardController  [0;39m [2m:[0;39m listArticle - 호출
[2m2021-11-21 21:59:48.366[0;39m [32m INFO[0;39m [35m21264[0;39m [2m---[0;39m [2m[nio-9999-exec-9][0;39m [36mcom.ssafy.vue.controller.QnaController  [0;39m [2m:[0;39m listArticle - 호출
[2m2021-11-21 22:10:18.442[0;39m [32m INFO[0;39m [35m21264[0;39m [2m---[0;39m [2m[nio-9999-exec-1][0;39m [36mcom.ssafy.vue.controller.QnaController  [0;39m [2m:[0;39m listArticle - 호출
[2m2021-11-21 22:10:28.084[0;39m [32m INFO[0;39m [35m21264[0;39m [2m---[0;39m [2m[nio-9999-exec-2][0;39m [36mcom.ssafy.vue.controller.QnaController  [0;39m [2m:[0;39m listArticle - 호출
[2m2021-11-21 22:22:24.053[0;39m [32m INFO[0;39m [35m21264[0;39m [2m---[0;39m [2m[nio-9999-exec-4][0;39m [36mcom.ssafy.vue.controller.QnaController  [0;39m [2m:[0;39m listArticle - 호출
[2m2021-11-21 22:28:55.487[0;39m [32m INFO[0;39m [35m21264[0;39m [2m---[0;39m [2m[nio-9999-exec-6][0;39m [36mcom.ssafy.vue.controller.QnaController  [0;39m [2m:[0;39m listArticle - 호출
[2m2021-11-21 22:29:02.347[0;39m [32m INFO[0;39m [35m21264[0;39m [2m---[0;39m [2m[nio-9999-exec-7][0;39m [36mcom.ssafy.vue.controller.QnaController  [0;39m [2m:[0;39m listArticle - 호출
[2m2021-11-21 22:29:19.495[0;39m [32m INFO[0;39m [35m21264[0;39m [2m---[0;39m [2m[nio-9999-exec-8][0;39m [36mcom.ssafy.vue.controller.QnaController  [0;39m [2m:[0;39m listArticle - 호출
[2m2021-11-21 22:35:10.866[0;39m [32m INFO[0;39m [35m21264[0;39m [2m---[0;39m [2m[io-9999-exec-10][0;39m [36mcom.ssafy.vue.controller.QnaController  [0;39m [2m:[0;39m listArticle - 호출
[2m2021-11-21 22:35:12.781[0;39m [32m INFO[0;39m [35m21264[0;39m [2m---[0;39m [2m[nio-9999-exec-1][0;39m [36mcom.ssafy.vue.controller.QnaController  [0;39m [2m:[0;39m listArticle - 호출
[2m2021-11-21 22:35:23.534[0;39m [32m INFO[0;39m [35m21264[0;39m [2m---[0;39m [2m[nio-9999-exec-3][0;39m [36mcom.ssafy.vue.controller.QnaController  [0;39m [2m:[0;39m writeArticle - 호출
[2m2021-11-21 22:35:24.519[0;39m [32m INFO[0;39m [35m21264[0;39m [2m---[0;39m [2m[nio-9999-exec-4][0;39m [36mcom.ssafy.vue.controller.QnaController  [0;39m [2m:[0;39m listArticle - 호출
[2m2021-11-21 22:37:04.680[0;39m [32m INFO[0;39m [35m21264[0;39m [2m---[0;39m [2m[nio-9999-exec-6][0;39m [36mcom.ssafy.vue.controller.QnaController  [0;39m [2m:[0;39m listArticle - 호출
[2m2021-11-21 22:37:06.878[0;39m [32m INFO[0;39m [35m21264[0;39m [2m---[0;39m [2m[nio-9999-exec-7][0;39m [36mcom.ssafy.vue.controller.QnaController  [0;39m [2m:[0;39m listArticle - 호출
[2m2021-11-21 22:39:37.294[0;39m [32m INFO[0;39m [35m21264[0;39m [2m---[0;39m [2m[nio-9999-exec-9][0;39m [36mcom.ssafy.vue.controller.QnaController  [0;39m [2m:[0;39m listArticle - 호출
[2m2021-11-21 22:39:38.913[0;39m [32m INFO[0;39m [35m21264[0;39m [2m---[0;39m [2m[io-9999-exec-10][0;39m [36mcom.ssafy.vue.controller.QnaController  [0;39m [2m:[0;39m ~~~~~~~getArticle - 호출 :~~~~~~~~~~ 16
[2m2021-11-21 22:39:38.951[0;39m [32m INFO[0;39m [35m21264[0;39m [2m---[0;39m [2m[nio-9999-exec-1][0;39m [36mcom.ssafy.vue.controller.MemoController [0;39m [2m:[0;39m listArticle - 호출
[2m2021-11-21 22:40:07.336[0;39m [32m INFO[0;39m [35m21264[0;39m [2m---[0;39m [2m[nio-9999-exec-2][0;39m [36mcom.ssafy.vue.controller.QnaController  [0;39m [2m:[0;39m ~~~~~~~getArticle - 호출 :~~~~~~~~~~ 16
[2m2021-11-21 22:40:07.441[0;39m [32m INFO[0;39m [35m21264[0;39m [2m---[0;39m [2m[nio-9999-exec-3][0;39m [36mcom.ssafy.vue.controller.MemoController [0;39m [2m:[0;39m listArticle - 호출
[2m2021-11-21 22:40:34.370[0;39m [32m INFO[0;39m [35m21264[0;39m [2m---[0;39m [2m[nio-9999-exec-4][0;39m [36mcom.ssafy.vue.controller.QnaController  [0;39m [2m:[0;39m listArticle - 호출
[2m2021-11-21 22:40:36.110[0;39m [32m INFO[0;39m [35m21264[0;39m [2m---[0;39m [2m[nio-9999-exec-5][0;39m [36mcom.ssafy.vue.controller.QnaController  [0;39m [2m:[0;39m ~~~~~~~getArticle - 호출 :~~~~~~~~~~ 7
[2m2021-11-21 22:40:36.169[0;39m [32m INFO[0;39m [35m21264[0;39m [2m---[0;39m [2m[nio-9999-exec-6][0;39m [36mcom.ssafy.vue.controller.MemoController [0;39m [2m:[0;39m listArticle - 호출
[2m2021-11-21 22:40:38.057[0;39m [32m INFO[0;39m [35m21264[0;39m [2m---[0;39m [2m[nio-9999-exec-7][0;39m [36mcom.ssafy.vue.controller.QnaController  [0;39m [2m:[0;39m listArticle - 호출
[2m2021-11-21 22:40:43.844[0;39m [32m INFO[0;39m [35m21264[0;39m [2m---[0;39m [2m[nio-9999-exec-8][0;39m [36mcom.ssafy.vue.controller.QnaController  [0;39m [2m:[0;39m ~~~~~~~getArticle - 호출 :~~~~~~~~~~ 1
[2m2021-11-21 22:40:43.872[0;39m [32m INFO[0;39m [35m21264[0;39m [2m---[0;39m [2m[nio-9999-exec-9][0;39m [36mcom.ssafy.vue.controller.MemoController [0;39m [2m:[0;39m listArticle - 호출
[2m2021-11-21 22:44:36.635[0;39m [32m INFO[0;39m [35m21264[0;39m [2m---[0;39m [2m[nio-9999-exec-1][0;39m [36mcom.ssafy.vue.controller.QnaController  [0;39m [2m:[0;39m listArticle - 호출
[2m2021-11-21 22:44:38.917[0;39m [32m INFO[0;39m [35m21264[0;39m [2m---[0;39m [2m[nio-9999-exec-2][0;39m [36mcom.ssafy.vue.controller.QnaController  [0;39m [2m:[0;39m ~~~~~~~getArticle - 호출 :~~~~~~~~~~ 2
[2m2021-11-21 22:44:38.944[0;39m [32m INFO[0;39m [35m21264[0;39m [2m---[0;39m [2m[nio-9999-exec-3][0;39m [36mcom.ssafy.vue.controller.MemoController [0;39m [2m:[0;39m listArticle - 호출
[2m2021-11-21 22:45:06.874[0;39m [32m INFO[0;39m [35m21264[0;39m [2m---[0;39m [2m[nio-9999-exec-4][0;39m [36mcom.ssafy.vue.controller.QnaController  [0;39m [2m:[0;39m ~~~~~~~getArticle - 호출 :~~~~~~~~~~ 2
[2m2021-11-21 22:45:06.898[0;39m [32m INFO[0;39m [35m21264[0;39m [2m---[0;39m [2m[nio-9999-exec-5][0;39m [36mcom.ssafy.vue.controller.MemoController [0;39m [2m:[0;39m listArticle - 호출
[2m2021-11-21 22:45:51.024[0;39m [32m INFO[0;39m [35m21264[0;39m [2m---[0;39m [2m[nio-9999-exec-6][0;39m [36mcom.ssafy.vue.controller.QnaController  [0;39m [2m:[0;39m ~~~~~~~getArticle - 호출 :~~~~~~~~~~ 2
[2m2021-11-21 22:45:51.135[0;39m [32m INFO[0;39m [35m21264[0;39m [2m---[0;39m [2m[nio-9999-exec-7][0;39m [36mcom.ssafy.vue.controller.MemoController [0;39m [2m:[0;39m listArticle - 호출
[2m2021-11-21 22:45:52.987[0;39m [32m INFO[0;39m [35m21264[0;39m [2m---[0;39m [2m[nio-9999-exec-8][0;39m [36mcom.ssafy.vue.controller.QnaController  [0;39m [2m:[0;39m ~~~~~~~getArticle - 호출 :~~~~~~~~~~ 2
[2m2021-11-21 22:46:04.925[0;39m [32m INFO[0;39m [35m21264[0;39m [2m---[0;39m [2m[nio-9999-exec-9][0;39m [36mcom.ssafy.vue.controller.QnaController  [0;39m [2m:[0;39m modifyArticle - 호출
[2m2021-11-21 22:46:53.241[0;39m [32m INFO[0;39m [35m21264[0;39m [2m---[0;39m [2m[io-9999-exec-10][0;39m [36mcom.ssafy.vue.controller.QnaController  [0;39m [2m:[0;39m ~~~~~~~getArticle - 호출 :~~~~~~~~~~ 2
[2m2021-11-21 22:46:55.888[0;39m [32m INFO[0;39m [35m21264[0;39m [2m---[0;39m [2m[nio-9999-exec-1][0;39m [36mcom.ssafy.vue.controller.QnaController  [0;39m [2m:[0;39m ~~~~~~~getArticle - 호출 :~~~~~~~~~~ 2
[2m2021-11-21 22:46:56.806[0;39m [32m INFO[0;39m [35m21264[0;39m [2m---[0;39m [2m[nio-9999-exec-2][0;39m [36mcom.ssafy.vue.controller.QnaController  [0;39m [2m:[0;39m listArticle - 호출
[2m2021-11-21 22:46:58.687[0;39m [32m INFO[0;39m [35m21264[0;39m [2m---[0;39m [2m[nio-9999-exec-3][0;39m [36mcom.ssafy.vue.controller.QnaController  [0;39m [2m:[0;39m listArticle - 호출
[2m2021-11-21 22:46:59.744[0;39m [32m INFO[0;39m [35m21264[0;39m [2m---[0;39m [2m[nio-9999-exec-4][0;39m [36mcom.ssafy.vue.controller.QnaController  [0;39m [2m:[0;39m ~~~~~~~getArticle - 호출 :~~~~~~~~~~ 16
[2m2021-11-21 22:46:59.784[0;39m [32m INFO[0;39m [35m21264[0;39m [2m---[0;39m [2m[nio-9999-exec-5][0;39m [36mcom.ssafy.vue.controller.MemoController [0;39m [2m:[0;39m listArticle - 호출
[2m2021-11-21 22:47:03.598[0;39m [32m INFO[0;39m [35m21264[0;39m [2m---[0;39m [2m[nio-9999-exec-6][0;39m [36mcom.ssafy.vue.controller.QnaController  [0;39m [2m:[0;39m listArticle - 호출
[2m2021-11-21 22:47:06.107[0;39m [32m INFO[0;39m [35m21264[0;39m [2m---[0;39m [2m[nio-9999-exec-7][0;39m [36mcom.ssafy.vue.controller.QnaController  [0;39m [2m:[0;39m ~~~~~~~getArticle - 호출 :~~~~~~~~~~ 2
[2m2021-11-21 22:47:06.138[0;39m [32m INFO[0;39m [35m21264[0;39m [2m---[0;39m [2m[nio-9999-exec-8][0;39m [36mcom.ssafy.vue.controller.MemoController [0;39m [2m:[0;39m listArticle - 호출
[2m2021-11-21 22:47:08.281[0;39m [32m INFO[0;39m [35m21264[0;39m [2m---[0;39m [2m[nio-9999-exec-9][0;39m [36mcom.ssafy.vue.controller.QnaController  [0;39m [2m:[0;39m ~~~~~~~getArticle - 호출 :~~~~~~~~~~ 2
[2m2021-11-21 22:47:14.893[0;39m [32m INFO[0;39m [35m21264[0;39m [2m---[0;39m [2m[io-9999-exec-10][0;39m [36mcom.ssafy.vue.controller.QnaController  [0;39m [2m:[0;39m listArticle - 호출
[2m2021-11-21 22:47:18.586[0;39m [32m INFO[0;39m [35m21264[0;39m [2m---[0;39m [2m[nio-9999-exec-1][0;39m [36mcom.ssafy.vue.controller.QnaController  [0;39m [2m:[0;39m ~~~~~~~getArticle - 호출 :~~~~~~~~~~ 2
[2m2021-11-21 22:47:18.613[0;39m [32m INFO[0;39m [35m21264[0;39m [2m---[0;39m [2m[nio-9999-exec-2][0;39m [36mcom.ssafy.vue.controller.MemoController [0;39m [2m:[0;39m listArticle - 호출
[2m2021-11-21 22:48:50.711[0;39m [32m INFO[0;39m [35m21264[0;39m [2m---[0;39m [2m[nio-9999-exec-4][0;39m [36mcom.ssafy.vue.controller.QnaController  [0;39m [2m:[0;39m ~~~~~~~getArticle - 호출 :~~~~~~~~~~ 2
[2m2021-11-21 22:48:56.873[0;39m [32m INFO[0;39m [35m21264[0;39m [2m---[0;39m [2m[nio-9999-exec-5][0;39m [36mcom.ssafy.vue.controller.QnaController  [0;39m [2m:[0;39m modifyArticle - 호출
[2m2021-11-21 22:48:57.840[0;39m [33m WARN[0;39m [35m21264[0;39m [2m---[0;39m [2m[nio-9999-exec-6][0;39m [36m.w.s.m.s.DefaultHandlerExceptionResolver[0;39m [2m:[0;39m Resolved [org.springframework.web.method.annotation.MethodArgumentTypeMismatchException: Failed to convert value of type 'java.lang.String' to required type 'int'; nested exception is java.lang.NumberFormatException: For input string: "undefined"]
[2m2021-11-21 22:49:21.527[0;39m [32m INFO[0;39m [35m21264[0;39m [2m---[0;39m [2m[nio-9999-exec-7][0;39m [36mcom.ssafy.vue.controller.QnaController  [0;39m [2m:[0;39m ~~~~~~~getArticle - 호출 :~~~~~~~~~~ 2
[2m2021-11-21 22:49:23.940[0;39m [32m INFO[0;39m [35m21264[0;39m [2m---[0;39m [2m[nio-9999-exec-8][0;39m [36mcom.ssafy.vue.controller.QnaController  [0;39m [2m:[0;39m ~~~~~~~getArticle - 호출 :~~~~~~~~~~ 2
[2m2021-11-21 22:49:24.207[0;39m [32m INFO[0;39m [35m21264[0;39m [2m---[0;39m [2m[nio-9999-exec-9][0;39m [36mcom.ssafy.vue.controller.QnaController  [0;39m [2m:[0;39m listArticle - 호출
[2m2021-11-21 22:49:26.194[0;39m [32m INFO[0;39m [35m21264[0;39m [2m---[0;39m [2m[io-9999-exec-10][0;39m [36mcom.ssafy.vue.controller.QnaController  [0;39m [2m:[0;39m listArticle - 호출
[2m2021-11-21 22:49:27.352[0;39m [32m INFO[0;39m [35m21264[0;39m [2m---[0;39m [2m[nio-9999-exec-1][0;39m [36mcom.ssafy.vue.controller.QnaController  [0;39m [2m:[0;39m ~~~~~~~getArticle - 호출 :~~~~~~~~~~ 2
[2m2021-11-21 22:49:27.387[0;39m [32m INFO[0;39m [35m21264[0;39m [2m---[0;39m [2m[nio-9999-exec-2][0;39m [36mcom.ssafy.vue.controller.MemoController [0;39m [2m:[0;39m listArticle - 호출
[2m2021-11-21 22:49:28.689[0;39m [32m INFO[0;39m [35m21264[0;39m [2m---[0;39m [2m[nio-9999-exec-3][0;39m [36mcom.ssafy.vue.controller.QnaController  [0;39m [2m:[0;39m ~~~~~~~getArticle - 호출 :~~~~~~~~~~ 2
[2m2021-11-21 22:49:32.721[0;39m [32m INFO[0;39m [35m21264[0;39m [2m---[0;39m [2m[nio-9999-exec-4][0;39m [36mcom.ssafy.vue.controller.QnaController  [0;39m [2m:[0;39m modifyArticle - 호출
[2m2021-11-21 22:49:33.574[0;39m [32m INFO[0;39m [35m21264[0;39m [2m---[0;39m [2m[nio-9999-exec-5][0;39m [36mcom.ssafy.vue.controller.QnaController  [0;39m [2m:[0;39m ~~~~~~~getArticle - 호출 :~~~~~~~~~~ 2
[2m2021-11-21 22:49:33.608[0;39m [32m INFO[0;39m [35m21264[0;39m [2m---[0;39m [2m[nio-9999-exec-6][0;39m [36mcom.ssafy.vue.controller.MemoController [0;39m [2m:[0;39m listArticle - 호출
[2m2021-11-21 22:50:05.661[0;39m [32m INFO[0;39m [35m21264[0;39m [2m---[0;39m [2m[nio-9999-exec-7][0;39m [36mcom.ssafy.vue.controller.QnaController  [0;39m [2m:[0;39m ~~~~~~~getArticle - 호출 :~~~~~~~~~~ 2
[2m2021-11-21 22:50:05.755[0;39m [32m INFO[0;39m [35m21264[0;39m [2m---[0;39m [2m[nio-9999-exec-8][0;39m [36mcom.ssafy.vue.controller.MemoController [0;39m [2m:[0;39m listArticle - 호출
[2m2021-11-21 22:50:47.841[0;39m [32m INFO[0;39m [35m21264[0;39m [2m---[0;39m [2m[nio-9999-exec-9][0;39m [36mcom.ssafy.vue.controller.QnaController  [0;39m [2m:[0;39m ~~~~~~~getArticle - 호출 :~~~~~~~~~~ 2
[2m2021-11-21 22:50:47.965[0;39m [32m INFO[0;39m [35m21264[0;39m [2m---[0;39m [2m[io-9999-exec-10][0;39m [36mcom.ssafy.vue.controller.MemoController [0;39m [2m:[0;39m listArticle - 호출
[2m2021-11-21 22:50:51.465[0;39m [32m INFO[0;39m [35m21264[0;39m [2m---[0;39m [2m[nio-9999-exec-1][0;39m [36mcom.ssafy.vue.controller.QnaController  [0;39m [2m:[0;39m ~~~~~~~getArticle - 호출 :~~~~~~~~~~ 2
[2m2021-11-21 22:50:53.491[0;39m [32m INFO[0;39m [35m21264[0;39m [2m---[0;39m [2m[nio-9999-exec-2][0;39m [36mc.ssafy.vue.controller.BoardController  [0;39m [2m:[0;39m listArticle - 호출
[2m2021-11-21 22:50:55.049[0;39m [32m INFO[0;39m [35m21264[0;39m [2m---[0;39m [2m[nio-9999-exec-3][0;39m [36mc.ssafy.vue.controller.BoardController  [0;39m [2m:[0;39m getArticle - 호출 : 11
[2m2021-11-21 22:50:56.789[0;39m [32m INFO[0;39m [35m21264[0;39m [2m---[0;39m [2m[nio-9999-exec-4][0;39m [36mc.ssafy.vue.controller.BoardController  [0;39m [2m:[0;39m listArticle - 호출
[2m2021-11-21 22:50:57.709[0;39m [32m INFO[0;39m [35m21264[0;39m [2m---[0;39m [2m[nio-9999-exec-5][0;39m [36mc.ssafy.vue.controller.BoardController  [0;39m [2m:[0;39m getArticle - 호출 : 11
[2m2021-11-21 22:50:59.982[0;39m [32m INFO[0;39m [35m21264[0;39m [2m---[0;39m [2m[nio-9999-exec-7][0;39m [36mc.ssafy.vue.controller.BoardController  [0;39m [2m:[0;39m deleteArticle - 호출
[2m2021-11-21 22:51:00.020[0;39m [32m INFO[0;39m [35m21264[0;39m [2m---[0;39m [2m[nio-9999-exec-8][0;39m [36mc.ssafy.vue.controller.BoardController  [0;39m [2m:[0;39m listArticle - 호출
[2m2021-11-21 22:51:07.833[0;39m [32m INFO[0;39m [35m21264[0;39m [2m---[0;39m [2m[nio-9999-exec-9][0;39m [36mc.ssafy.vue.controller.BoardController  [0;39m [2m:[0;39m getArticle - 호출 : 2
[2m2021-11-21 22:51:09.649[0;39m [32m INFO[0;39m [35m21264[0;39m [2m---[0;39m [2m[io-9999-exec-10][0;39m [36mc.ssafy.vue.controller.BoardController  [0;39m [2m:[0;39m listArticle - 호출
[2m2021-11-21 22:51:10.613[0;39m [32m INFO[0;39m [35m21264[0;39m [2m---[0;39m [2m[nio-9999-exec-1][0;39m [36mc.ssafy.vue.controller.BoardController  [0;39m [2m:[0;39m getArticle - 호출 : 3
[2m2021-11-21 22:51:11.875[0;39m [32m INFO[0;39m [35m21264[0;39m [2m---[0;39m [2m[nio-9999-exec-2][0;39m [36mc.ssafy.vue.controller.BoardController  [0;39m [2m:[0;39m listArticle - 호출
[2m2021-11-21 22:51:13.048[0;39m [32m INFO[0;39m [35m21264[0;39m [2m---[0;39m [2m[nio-9999-exec-3][0;39m [36mc.ssafy.vue.controller.BoardController  [0;39m [2m:[0;39m getArticle - 호출 : 1
[2m2021-11-21 22:51:14.506[0;39m [32m INFO[0;39m [35m21264[0;39m [2m---[0;39m [2m[nio-9999-exec-4][0;39m [36mc.ssafy.vue.controller.BoardController  [0;39m [2m:[0;39m listArticle - 호출
[2m2021-11-21 22:51:15.438[0;39m [32m INFO[0;39m [35m21264[0;39m [2m---[0;39m [2m[nio-9999-exec-5][0;39m [36mc.ssafy.vue.controller.BoardController  [0;39m [2m:[0;39m getArticle - 호출 : 11
[2m2021-11-21 22:51:18.724[0;39m [32m INFO[0;39m [35m21264[0;39m [2m---[0;39m [2m[nio-9999-exec-6][0;39m [36mc.ssafy.vue.controller.BoardController  [0;39m [2m:[0;39m listArticle - 호출
[2m2021-11-21 22:51:21.191[0;39m [32m INFO[0;39m [35m21264[0;39m [2m---[0;39m [2m[nio-9999-exec-7][0;39m [36mc.ssafy.vue.controller.BoardController  [0;39m [2m:[0;39m getArticle - 호출 : 1
[2m2021-11-21 22:51:22.203[0;39m [32m INFO[0;39m [35m21264[0;39m [2m---[0;39m [2m[nio-9999-exec-8][0;39m [36mc.ssafy.vue.controller.BoardController  [0;39m [2m:[0;39m listArticle - 호출
[2m2021-11-21 22:51:24.504[0;39m [32m INFO[0;39m [35m21264[0;39m [2m---[0;39m [2m[nio-9999-exec-9][0;39m [36mc.ssafy.vue.controller.BoardController  [0;39m [2m:[0;39m getArticle - 호출 : 2
[2m2021-11-21 22:51:25.632[0;39m [32m INFO[0;39m [35m21264[0;39m [2m---[0;39m [2m[io-9999-exec-10][0;39m [36mc.ssafy.vue.controller.BoardController  [0;39m [2m:[0;39m listArticle - 호출
[2m2021-11-21 22:51:26.438[0;39m [32m INFO[0;39m [35m21264[0;39m [2m---[0;39m [2m[nio-9999-exec-1][0;39m [36mc.ssafy.vue.controller.BoardController  [0;39m [2m:[0;39m getArticle - 호출 : 3
[2m2021-11-21 22:51:31.400[0;39m [32m INFO[0;39m [35m21264[0;39m [2m---[0;39m [2m[nio-9999-exec-2][0;39m [36mc.ssafy.vue.controller.BoardController  [0;39m [2m:[0;39m listArticle - 호출
[2m2021-11-21 22:52:06.138[0;39m [32m INFO[0;39m [35m21264[0;39m [2m---[0;39m [2m[nio-9999-exec-3][0;39m [36mcom.ssafy.vue.controller.QnaController  [0;39m [2m:[0;39m listArticle - 호출
[2m2021-11-21 22:52:09.881[0;39m [32m INFO[0;39m [35m21264[0;39m [2m---[0;39m [2m[nio-9999-exec-4][0;39m [36mcom.ssafy.vue.controller.QnaController  [0;39m [2m:[0;39m ~~~~~~~getArticle - 호출 :~~~~~~~~~~ 2
[2m2021-11-21 22:52:09.908[0;39m [32m INFO[0;39m [35m21264[0;39m [2m---[0;39m [2m[nio-9999-exec-5][0;39m [36mcom.ssafy.vue.controller.MemoController [0;39m [2m:[0;39m listArticle - 호출
[2m2021-11-21 22:52:16.910[0;39m [32m INFO[0;39m [35m21264[0;39m [2m---[0;39m [2m[nio-9999-exec-6][0;39m [36mcom.ssafy.vue.controller.QnaController  [0;39m [2m:[0;39m listArticle - 호출
[2m2021-11-21 22:52:19.908[0;39m [32m INFO[0;39m [35m21264[0;39m [2m---[0;39m [2m[nio-9999-exec-7][0;39m [36mcom.ssafy.vue.controller.QnaController  [0;39m [2m:[0;39m ~~~~~~~getArticle - 호출 :~~~~~~~~~~ 16
[2m2021-11-21 22:52:19.931[0;39m [32m INFO[0;39m [35m21264[0;39m [2m---[0;39m [2m[nio-9999-exec-8][0;39m [36mcom.ssafy.vue.controller.MemoController [0;39m [2m:[0;39m listArticle - 호출
[2m2021-11-21 22:52:23.173[0;39m [32m INFO[0;39m [35m21264[0;39m [2m---[0;39m [2m[io-9999-exec-10][0;39m [36mcom.ssafy.vue.controller.QnaController  [0;39m [2m:[0;39m deleteArticle - 호출
[2m2021-11-21 22:52:24.223[0;39m [32m INFO[0;39m [35m21264[0;39m [2m---[0;39m [2m[nio-9999-exec-1][0;39m [36mcom.ssafy.vue.controller.QnaController  [0;39m [2m:[0;39m listArticle - 호출
[2m2021-11-21 22:52:34.531[0;39m [32m INFO[0;39m [35m21264[0;39m [2m---[0;39m [2m[nio-9999-exec-2][0;39m [36mcom.ssafy.vue.controller.QnaController  [0;39m [2m:[0;39m ~~~~~~~getArticle - 호출 :~~~~~~~~~~ 15
[2m2021-11-21 22:52:34.573[0;39m [32m INFO[0;39m [35m21264[0;39m [2m---[0;39m [2m[nio-9999-exec-3][0;39m [36mcom.ssafy.vue.controller.MemoController [0;39m [2m:[0;39m listArticle - 호출
[2m2021-11-21 22:52:36.921[0;39m [32m INFO[0;39m [35m21264[0;39m [2m---[0;39m [2m[nio-9999-exec-4][0;39m [36mcom.ssafy.vue.controller.QnaController  [0;39m [2m:[0;39m listArticle - 호출
[2m2021-11-21 22:52:40.857[0;39m [32m INFO[0;39m [35m21264[0;39m [2m---[0;39m [2m[nio-9999-exec-5][0;39m [36mcom.ssafy.vue.controller.QnaController  [0;39m [2m:[0;39m ~~~~~~~getArticle - 호출 :~~~~~~~~~~ 2
[2m2021-11-21 22:52:40.882[0;39m [32m INFO[0;39m [35m21264[0;39m [2m---[0;39m [2m[nio-9999-exec-6][0;39m [36mcom.ssafy.vue.controller.MemoController [0;39m [2m:[0;39m listArticle - 호출
[2m2021-11-21 22:52:58.102[0;39m [32m INFO[0;39m [35m21264[0;39m [2m---[0;39m [2m[nio-9999-exec-7][0;39m [36mcom.ssafy.vue.controller.QnaController  [0;39m [2m:[0;39m listArticle - 호출
[2m2021-11-21 22:52:58.964[0;39m [32m INFO[0;39m [35m21264[0;39m [2m---[0;39m [2m[nio-9999-exec-8][0;39m [36mcom.ssafy.vue.controller.QnaController  [0;39m [2m:[0;39m ~~~~~~~getArticle - 호출 :~~~~~~~~~~ 15
[2m2021-11-21 22:52:58.991[0;39m [32m INFO[0;39m [35m21264[0;39m [2m---[0;39m [2m[nio-9999-exec-9][0;39m [36mcom.ssafy.vue.controller.MemoController [0;39m [2m:[0;39m listArticle - 호출
[2m2021-11-21 22:53:05.501[0;39m [32m INFO[0;39m [35m21264[0;39m [2m---[0;39m [2m[nio-9999-exec-1][0;39m [36mcom.ssafy.vue.controller.MemoController [0;39m [2m:[0;39m writeArticle - 호출
[2m2021-11-21 22:53:07.229[0;39m [32m INFO[0;39m [35m21264[0;39m [2m---[0;39m [2m[nio-9999-exec-2][0;39m [36mcom.ssafy.vue.controller.QnaController  [0;39m [2m:[0;39m ~~~~~~~getArticle - 호출 :~~~~~~~~~~ 15
[2m2021-11-21 22:53:07.322[0;39m [32m INFO[0;39m [35m21264[0;39m [2m---[0;39m [2m[nio-9999-exec-3][0;39m [36mcom.ssafy.vue.controller.MemoController [0;39m [2m:[0;39m listArticle - 호출
[2m2021-11-21 22:53:16.833[0;39m [32m INFO[0;39m [35m21264[0;39m [2m---[0;39m [2m[nio-9999-exec-4][0;39m [36mcom.ssafy.vue.controller.QnaController  [0;39m [2m:[0;39m listArticle - 호출
[2m2021-11-21 22:57:14.040[0;39m [32m INFO[0;39m [35m21264[0;39m [2m---[0;39m [2m[nio-9999-exec-6][0;39m [36mcom.ssafy.vue.controller.QnaController  [0;39m [2m:[0;39m listArticle - 호출
[2m2021-11-21 22:57:16.851[0;39m [32m INFO[0;39m [35m21264[0;39m [2m---[0;39m [2m[nio-9999-exec-7][0;39m [36mcom.ssafy.vue.controller.QnaController  [0;39m [2m:[0;39m ~~~~~~~getArticle - 호출 :~~~~~~~~~~ 15
[2m2021-11-21 22:57:16.898[0;39m [32m INFO[0;39m [35m21264[0;39m [2m---[0;39m [2m[nio-9999-exec-8][0;39m [36mcom.ssafy.vue.controller.MemoController [0;39m [2m:[0;39m listArticle - 호출
[2m2021-11-21 22:57:24.391[0;39m [32m INFO[0;39m [35m21264[0;39m [2m---[0;39m [2m[nio-9999-exec-9][0;39m [36mcom.ssafy.vue.controller.QnaController  [0;39m [2m:[0;39m listArticle - 호출
[2m2021-11-21 22:57:49.212[0;39m [32m INFO[0;39m [35m21264[0;39m [2m---[0;39m [2m[io-9999-exec-10][0;39m [36mcom.ssafy.vue.controller.QnaController  [0;39m [2m:[0;39m ~~~~~~~getArticle - 호출 :~~~~~~~~~~ 15
[2m2021-11-21 22:57:49.243[0;39m [32m INFO[0;39m [35m21264[0;39m [2m---[0;39m [2m[nio-9999-exec-1][0;39m [36mcom.ssafy.vue.controller.MemoController [0;39m [2m:[0;39m listArticle - 호출
[2m2021-11-21 22:57:50.908[0;39m [32m INFO[0;39m [35m21264[0;39m [2m---[0;39m [2m[nio-9999-exec-2][0;39m [36mcom.ssafy.vue.controller.MemoController [0;39m [2m:[0;39m getArticle - 호출 : 51
[2m2021-11-21 22:57:59.159[0;39m [32m INFO[0;39m [35m21264[0;39m [2m---[0;39m [2m[nio-9999-exec-3][0;39m [36mcom.ssafy.vue.controller.MemoController [0;39m [2m:[0;39m modifyArticle - 호출
[2m2021-11-21 23:00:16.134[0;39m [32m INFO[0;39m [35m21264[0;39m [2m---[0;39m [2m[nio-9999-exec-5][0;39m [36mcom.ssafy.vue.controller.MemoController [0;39m [2m:[0;39m getArticle - 호출 : 51
[2m2021-11-21 23:00:18.296[0;39m [32m INFO[0;39m [35m21264[0;39m [2m---[0;39m [2m[nio-9999-exec-6][0;39m [36mc.ssafy.vue.controller.BoardController  [0;39m [2m:[0;39m listArticle - 호출
[2m2021-11-21 23:00:18.941[0;39m [32m INFO[0;39m [35m21264[0;39m [2m---[0;39m [2m[nio-9999-exec-7][0;39m [36mcom.ssafy.vue.controller.QnaController  [0;39m [2m:[0;39m listArticle - 호출
[2m2021-11-21 23:00:20.967[0;39m [32m INFO[0;39m [35m21264[0;39m [2m---[0;39m [2m[nio-9999-exec-8][0;39m [36mcom.ssafy.vue.controller.QnaController  [0;39m [2m:[0;39m listArticle - 호출
[2m2021-11-21 23:00:22.617[0;39m [32m INFO[0;39m [35m21264[0;39m [2m---[0;39m [2m[nio-9999-exec-9][0;39m [36mcom.ssafy.vue.controller.QnaController  [0;39m [2m:[0;39m ~~~~~~~getArticle - 호출 :~~~~~~~~~~ 15
[2m2021-11-21 23:00:22.654[0;39m [32m INFO[0;39m [35m21264[0;39m [2m---[0;39m [2m[io-9999-exec-10][0;39m [36mcom.ssafy.vue.controller.MemoController [0;39m [2m:[0;39m listArticle - 호출
[2m2021-11-21 23:00:25.206[0;39m [32m INFO[0;39m [35m21264[0;39m [2m---[0;39m [2m[nio-9999-exec-1][0;39m [36mcom.ssafy.vue.controller.MemoController [0;39m [2m:[0;39m getArticle - 호출 : 51
[2m2021-11-21 23:00:31.102[0;39m [32m INFO[0;39m [35m21264[0;39m [2m---[0;39m [2m[nio-9999-exec-2][0;39m [36mcom.ssafy.vue.controller.MemoController [0;39m [2m:[0;39m modifyArticle - 호출
[2m2021-11-21 23:00:32.153[0;39m [32m INFO[0;39m [35m21264[0;39m [2m---[0;39m [2m[nio-9999-exec-3][0;39m [36mcom.ssafy.vue.controller.QnaController  [0;39m [2m:[0;39m ~~~~~~~getArticle - 호출 :~~~~~~~~~~ 15
[2m2021-11-21 23:00:32.181[0;39m [32m INFO[0;39m [35m21264[0;39m [2m---[0;39m [2m[nio-9999-exec-4][0;39m [36mcom.ssafy.vue.controller.MemoController [0;39m [2m:[0;39m listArticle - 호출
[2m2021-11-21 23:00:45.968[0;39m [32m INFO[0;39m [35m21264[0;39m [2m---[0;39m [2m[nio-9999-exec-6][0;39m [36mcom.ssafy.vue.controller.MemoController [0;39m [2m:[0;39m deleteArticle - 호출
[2m2021-11-21 23:00:48.133[0;39m [32m INFO[0;39m [35m21264[0;39m [2m---[0;39m [2m[nio-9999-exec-7][0;39m [36mcom.ssafy.vue.controller.QnaController  [0;39m [2m:[0;39m listArticle - 호출
[2m2021-11-21 23:00:49.916[0;39m [32m INFO[0;39m [35m21264[0;39m [2m---[0;39m [2m[nio-9999-exec-8][0;39m [36mcom.ssafy.vue.controller.QnaController  [0;39m [2m:[0;39m ~~~~~~~getArticle - 호출 :~~~~~~~~~~ 15
[2m2021-11-21 23:00:49.948[0;39m [32m INFO[0;39m [35m21264[0;39m [2m---[0;39m [2m[nio-9999-exec-9][0;39m [36mcom.ssafy.vue.controller.MemoController [0;39m [2m:[0;39m listArticle - 호출
[2m2021-11-21 23:01:29.486[0;39m [32m INFO[0;39m [35m21264[0;39m [2m---[0;39m [2m[io-9999-exec-10][0;39m [36mcom.ssafy.vue.controller.MemoController [0;39m [2m:[0;39m writeArticle - 호출
[2m2021-11-21 23:01:30.934[0;39m [32m INFO[0;39m [35m21264[0;39m [2m---[0;39m [2m[nio-9999-exec-1][0;39m [36mcom.ssafy.vue.controller.QnaController  [0;39m [2m:[0;39m ~~~~~~~getArticle - 호출 :~~~~~~~~~~ 15
[2m2021-11-21 23:01:31.021[0;39m [32m INFO[0;39m [35m21264[0;39m [2m---[0;39m [2m[nio-9999-exec-2][0;39m [36mcom.ssafy.vue.controller.MemoController [0;39m [2m:[0;39m listArticle - 호출
[2m2021-11-21 23:01:33.602[0;39m [32m INFO[0;39m [35m21264[0;39m [2m---[0;39m [2m[nio-9999-exec-4][0;39m [36mcom.ssafy.vue.controller.MemoController [0;39m [2m:[0;39m deleteArticle - 호출
[2m2021-11-21 23:02:38.285[0;39m [32m INFO[0;39m [35m21264[0;39m [2m---[0;39m [2m[nio-9999-exec-6][0;39m [36mcom.ssafy.vue.controller.QnaController  [0;39m [2m:[0;39m ~~~~~~~getArticle - 호출 :~~~~~~~~~~ 15
[2m2021-11-21 23:02:38.374[0;39m [32m INFO[0;39m [35m21264[0;39m [2m---[0;39m [2m[nio-9999-exec-7][0;39m [36mcom.ssafy.vue.controller.MemoController [0;39m [2m:[0;39m listArticle - 호출
[2m2021-11-21 23:02:40.737[0;39m [32m INFO[0;39m [35m21264[0;39m [2m---[0;39m [2m[nio-9999-exec-8][0;39m [36mcom.ssafy.vue.controller.MemoController [0;39m [2m:[0;39m writeArticle - 호출
[2m2021-11-21 23:02:41.962[0;39m [32m INFO[0;39m [35m21264[0;39m [2m---[0;39m [2m[nio-9999-exec-9][0;39m [36mcom.ssafy.vue.controller.QnaController  [0;39m [2m:[0;39m ~~~~~~~getArticle - 호출 :~~~~~~~~~~ 15
[2m2021-11-21 23:02:42.101[0;39m [32m INFO[0;39m [35m21264[0;39m [2m---[0;39m [2m[io-9999-exec-10][0;39m [36mcom.ssafy.vue.controller.MemoController [0;39m [2m:[0;39m listArticle - 호출
[2m2021-11-21 23:02:45.116[0;39m [32m INFO[0;39m [35m21264[0;39m [2m---[0;39m [2m[nio-9999-exec-2][0;39m [36mcom.ssafy.vue.controller.MemoController [0;39m [2m:[0;39m deleteArticle - 호출
[2m2021-11-21 23:02:47.500[0;39m [32m INFO[0;39m [35m21264[0;39m [2m---[0;39m [2m[nio-9999-exec-3][0;39m [36mcom.ssafy.vue.controller.QnaController  [0;39m [2m:[0;39m ~~~~~~~getArticle - 호출 :~~~~~~~~~~ 15
[2m2021-11-21 23:02:47.592[0;39m [32m INFO[0;39m [35m21264[0;39m [2m---[0;39m [2m[nio-9999-exec-4][0;39m [36mcom.ssafy.vue.controller.MemoController [0;39m [2m:[0;39m listArticle - 호출
[2m2021-11-21 23:02:58.782[0;39m [32m INFO[0;39m [35m21264[0;39m [2m---[0;39m [2m[nio-9999-exec-5][0;39m [36mcom.ssafy.vue.controller.QnaController  [0;39m [2m:[0;39m ~~~~~~~getArticle - 호출 :~~~~~~~~~~ 15
[2m2021-11-21 23:02:58.851[0;39m [32m INFO[0;39m [35m21264[0;39m [2m---[0;39m [2m[nio-9999-exec-6][0;39m [36mcom.ssafy.vue.controller.MemoController [0;39m [2m:[0;39m listArticle - 호출
[2m2021-11-21 23:03:21.046[0;39m [32m INFO[0;39m [35m21264[0;39m [2m---[0;39m [2m[nio-9999-exec-7][0;39m [36mcom.ssafy.vue.controller.QnaController  [0;39m [2m:[0;39m ~~~~~~~getArticle - 호출 :~~~~~~~~~~ 15
[2m2021-11-21 23:03:21.128[0;39m [32m INFO[0;39m [35m21264[0;39m [2m---[0;39m [2m[nio-9999-exec-8][0;39m [36mcom.ssafy.vue.controller.MemoController [0;39m [2m:[0;39m listArticle - 호출
[2m2021-11-21 23:03:23.681[0;39m [32m INFO[0;39m [35m21264[0;39m [2m---[0;39m [2m[nio-9999-exec-9][0;39m [36mcom.ssafy.vue.controller.QnaController  [0;39m [2m:[0;39m listArticle - 호출
[2m2021-11-21 23:03:25.753[0;39m [32m INFO[0;39m [35m21264[0;39m [2m---[0;39m [2m[io-9999-exec-10][0;39m [36mcom.ssafy.vue.controller.QnaController  [0;39m [2m:[0;39m ~~~~~~~getArticle - 호출 :~~~~~~~~~~ 14
[2m2021-11-21 23:03:25.780[0;39m [32m INFO[0;39m [35m21264[0;39m [2m---[0;39m [2m[nio-9999-exec-1][0;39m [36mcom.ssafy.vue.controller.MemoController [0;39m [2m:[0;39m listArticle - 호출
[2m2021-11-21 23:03:26.797[0;39m [32m INFO[0;39m [35m21264[0;39m [2m---[0;39m [2m[nio-9999-exec-2][0;39m [36mcom.ssafy.vue.controller.QnaController  [0;39m [2m:[0;39m listArticle - 호출
[2m2021-11-21 23:03:28.443[0;39m [32m INFO[0;39m [35m21264[0;39m [2m---[0;39m [2m[nio-9999-exec-3][0;39m [36mcom.ssafy.vue.controller.QnaController  [0;39m [2m:[0;39m ~~~~~~~getArticle - 호출 :~~~~~~~~~~ 10
[2m2021-11-21 23:03:28.482[0;39m [32m INFO[0;39m [35m21264[0;39m [2m---[0;39m [2m[nio-9999-exec-4][0;39m [36mcom.ssafy.vue.controller.MemoController [0;39m [2m:[0;39m listArticle - 호출
[2m2021-11-21 23:03:29.885[0;39m [32m INFO[0;39m [35m21264[0;39m [2m---[0;39m [2m[nio-9999-exec-5][0;39m [36mcom.ssafy.vue.controller.QnaController  [0;39m [2m:[0;39m listArticle - 호출
[2m2021-11-21 23:04:45.485[0;39m [32m INFO[0;39m [35m21264[0;39m [2m---[0;39m [2m[nio-9999-exec-7][0;39m [36mc.s.vue.controller.HouseMapController   [0;39m [2m:[0;39m sido - 호출
[2m2021-11-21 23:05:09.085[0;39m [32m INFO[0;39m [35m21264[0;39m [2m---[0;39m [2m[nio-9999-exec-8][0;39m [36mc.s.vue.controller.HouseMapController   [0;39m [2m:[0;39m gugun - 호출
[2m2021-11-21 23:15:50.419[0;39m [32m INFO[0;39m [35m21264[0;39m [2m---[0;39m [2m[io-9999-exec-10][0;39m [36mc.s.vue.controller.HouseMapController   [0;39m [2m:[0;39m sido - 호출
[2m2021-11-21 23:15:52.229[0;39m [32m INFO[0;39m [35m21264[0;39m [2m---[0;39m [2m[nio-9999-exec-1][0;39m [36mc.s.vue.controller.HouseMapController   [0;39m [2m:[0;39m gugun - 호출
[2m2021-11-21 23:22:12.752[0;39m [32m INFO[0;39m [35m21264[0;39m [2m---[0;39m [2m[nio-9999-exec-4][0;39m [36mc.ssafy.vue.controller.BoardController  [0;39m [2m:[0;39m listArticle - 호출
[2m2021-11-21 23:22:14.007[0;39m [32m INFO[0;39m [35m21264[0;39m [2m---[0;39m [2m[nio-9999-exec-5][0;39m [36mc.s.vue.controller.HouseMapController   [0;39m [2m:[0;39m sido - 호출
[2m2021-11-21 23:22:16.993[0;39m [32m INFO[0;39m [35m21264[0;39m [2m---[0;39m [2m[nio-9999-exec-6][0;39m [36mc.s.vue.controller.HouseMapController   [0;39m [2m:[0;39m gugun - 호출
[2m2021-11-21 23:22:52.182[0;39m [32m INFO[0;39m [35m21264[0;39m [2m---[0;39m [2m[nio-9999-exec-7][0;39m [36mc.s.vue.controller.HouseMapController   [0;39m [2m:[0;39m sido - 호출
[2m2021-11-21 23:22:57.497[0;39m [32m INFO[0;39m [35m21264[0;39m [2m---[0;39m [2m[nio-9999-exec-8][0;39m [36mc.s.vue.controller.HouseMapController   [0;39m [2m:[0;39m gugun - 호출
[2m2021-11-21 23:23:08.903[0;39m [32m INFO[0;39m [35m21264[0;39m [2m---[0;39m [2m[nio-9999-exec-9][0;39m [36mc.s.vue.controller.HouseMapController   [0;39m [2m:[0;39m sido - 호출
[2m2021-11-21 23:23:11.305[0;39m [32m INFO[0;39m [35m21264[0;39m [2m---[0;39m [2m[io-9999-exec-10][0;39m [36mc.s.vue.controller.HouseMapController   [0;39m [2m:[0;39m gugun - 호출
[2m2021-11-21 23:40:04.782[0;39m [32m INFO[0;39m [35m21264[0;39m [2m---[0;39m [2m[nio-9999-exec-2][0;39m [36mc.s.vue.controller.HouseMapController   [0;39m [2m:[0;39m sido - 호출
[2m2021-11-21 23:58:49.882[0;39m [32m INFO[0;39m [35m21264[0;39m [2m---[0;39m [2m[nio-9999-exec-4][0;39m [36mc.s.vue.controller.HouseMapController   [0;39m [2m:[0;39m sido - 호출
[2m2021-11-21 23:59:45.405[0;39m [32mDEBUG[0;39m [35m21264[0;39m [2m---[0;39m [2m[nio-9999-exec-6][0;39m [36mc.ssafy.vue.controller.MemberController [0;39m [2m:[0;39m memberDto info : com.ssafy.vue.model.MemberDto@5619fd0a
