[2m2021-11-24 00:28:16.101[0;39m [32m INFO[0;39m [35m4084[0;39m [2m---[0;39m [2m[nio-9999-exec-5][0;39m [36mc.s.vue.controller.HouseMapController   [0;39m [2m:[0;39m sido - 호출
[2m2021-11-24 00:28:24.066[0;39m [32m INFO[0;39m [35m4084[0;39m [2m---[0;39m [2m[nio-9999-exec-6][0;39m [36mc.s.vue.controller.HouseMapController   [0;39m [2m:[0;39m gugun - 호출
[2m2021-11-24 00:29:27.346[0;39m [32m INFO[0;39m [35m4084[0;39m [2m---[0;39m [2m[nio-9999-exec-9][0;39m [36mc.s.vue.controller.HouseMapController   [0;39m [2m:[0;39m sido - 호출
[2m2021-11-24 00:31:47.489[0;39m [32m INFO[0;39m [35m4084[0;39m [2m---[0;39m [2m[nio-9999-exec-1][0;39m [36mc.s.vue.controller.HouseMapController   [0;39m [2m:[0;39m sido - 호출
[2m2021-11-24 00:33:34.904[0;39m [32m INFO[0;39m [35m4084[0;39m [2m---[0;39m [2m[nio-9999-exec-3][0;39m [36mc.s.vue.controller.HouseMapController   [0;39m [2m:[0;39m sido - 호출
[2m2021-11-24 01:11:16.494[0;39m [32m INFO[0;39m [35m4084[0;39m [2m---[0;39m [2m[nio-9999-exec-5][0;39m [36mc.s.vue.controller.HouseMapController   [0;39m [2m:[0;39m sido - 호출
[2m2021-11-24 01:11:46.513[0;39m [32m INFO[0;39m [35m4084[0;39m [2m---[0;39m [2m[nio-9999-exec-6][0;39m [36mc.s.vue.controller.HouseMapController   [0;39m [2m:[0;39m sido - 호출
[2m2021-11-24 01:11:52.788[0;39m [32m INFO[0;39m [35m4084[0;39m [2m---[0;39m [2m[nio-9999-exec-7][0;39m [36mc.s.vue.controller.HouseMapController   [0;39m [2m:[0;39m sido - 호출
[2m2021-11-24 01:12:08.805[0;39m [32m INFO[0;39m [35m4084[0;39m [2m---[0;39m [2m[nio-9999-exec-8][0;39m [36mc.s.vue.controller.HouseMapController   [0;39m [2m:[0;39m sido - 호출
[2m2021-11-24 01:26:55.830[0;39m [32m INFO[0;39m [35m4084[0;39m [2m---[0;39m [2m[io-9999-exec-10][0;39m [36mc.s.vue.controller.HouseMapController   [0;39m [2m:[0;39m sido - 호출
[2m2021-11-24 01:27:12.737[0;39m [32m INFO[0;39m [35m4084[0;39m [2m---[0;39m [2m[nio-9999-exec-1][0;39m [36mc.s.vue.controller.HouseMapController   [0;39m [2m:[0;39m gugun - 호출
[2m2021-11-24 01:29:34.702[0;39m [32m INFO[0;39m [35m4084[0;39m [2m---[0;39m [2m[nio-9999-exec-4][0;39m [36mc.s.vue.controller.HouseMapController   [0;39m [2m:[0;39m sido - 호출
[2m2021-11-24 01:32:54.347[0;39m [32m INFO[0;39m [35m4084[0;39m [2m---[0;39m [2m[nio-9999-exec-6][0;39m [36mc.s.vue.controller.HouseMapController   [0;39m [2m:[0;39m sido - 호출
[2m2021-11-24 01:55:48.451[0;39m [32m INFO[0;39m [35m4084[0;39m [2m---[0;39m [2m[(304)-127.0.0.1][0;39m [36minMXBeanRegistrar$SpringApplicationAdmin[0;39m [2m:[0;39m Application shutdown requested.
[2m2021-11-24 09:11:51.510[0;39m [32m INFO[0;39m [35m1574[0;39m [2m---[0;39m [2m[  restartedMain][0;39m [36m.e.DevToolsPropertyDefaultsPostProcessor[0;39m [2m:[0;39m Devtools property defaults active! Set 'spring.devtools.add-properties' to 'false' to disable
[2m2021-11-24 09:11:51.511[0;39m [32m INFO[0;39m [35m1574[0;39m [2m---[0;39m [2m[  restartedMain][0;39m [36m.e.DevToolsPropertyDefaultsPostProcessor[0;39m [2m:[0;39m For additional web related logging consider setting the 'logging.level.web' property to 'DEBUG'
[2m2021-11-24 09:11:52.069[0;39m [32m INFO[0;39m [35m1574[0;39m [2m---[0;39m [2m[  restartedMain][0;39m [36mo.s.b.w.embedded.tomcat.TomcatWebServer [0;39m [2m:[0;39m Tomcat initialized with port(s): 9999 (http)
[2m2021-11-24 09:11:52.097[0;39m [32m INFO[0;39m [35m1574[0;39m [2m---[0;39m [2m[  restartedMain][0;39m [36mw.s.c.ServletWebServerApplicationContext[0;39m [2m:[0;39m Root WebApplicationContext: initialization completed in 586 ms
[2m2021-11-24 09:11:52.459[0;39m [32m INFO[0;39m [35m1574[0;39m [2m---[0;39m [2m[  restartedMain][0;39m [36mo.s.b.d.a.OptionalLiveReloadServer      [0;39m [2m:[0;39m LiveReload server is running on port 35729
[2m2021-11-24 09:11:52.560[0;39m [32m INFO[0;39m [35m1574[0;39m [2m---[0;39m [2m[  restartedMain][0;39m [36mo.s.b.w.embedded.tomcat.TomcatWebServer [0;39m [2m:[0;39m Tomcat started on port(s): 9999 (http) with context path '/vue'
[2m2021-11-24 09:13:14.666[0;39m [32m INFO[0;39m [35m1574[0;39m [2m---[0;39m [2m[nio-9999-exec-1][0;39m [36mo.s.web.servlet.DispatcherServlet       [0;39m [2m:[0;39m Initializing Servlet 'dispatcherServlet'
[2m2021-11-24 09:13:14.670[0;39m [32m INFO[0;39m [35m1574[0;39m [2m---[0;39m [2m[nio-9999-exec-1][0;39m [36mo.s.web.servlet.DispatcherServlet       [0;39m [2m:[0;39m Completed initialization in 4 ms
[2m2021-11-24 09:13:14.696[0;39m [32m INFO[0;39m [35m1574[0;39m [2m---[0;39m [2m[nio-9999-exec-1][0;39m [36mc.s.vue.controller.HouseMapController   [0;39m [2m:[0;39m sido - 호출
[2m2021-11-24 09:13:30.723[0;39m [32m INFO[0;39m [35m1574[0;39m [2m---[0;39m [2m[nio-9999-exec-2][0;39m [36mc.s.vue.controller.HouseMapController   [0;39m [2m:[0;39m gugun - 호출
[2m2021-11-24 09:13:41.424[0;39m [32m INFO[0;39m [35m1574[0;39m [2m---[0;39m [2m[nio-9999-exec-4][0;39m [36mc.s.vue.controller.HouseMapController   [0;39m [2m:[0;39m sido - 호출
[2m2021-11-24 09:24:49.294[0;39m [32mDEBUG[0;39m [35m1574[0;39m [2m---[0;39m [2m[nio-9999-exec-7][0;39m [36mc.ssafy.vue.controller.MemberController [0;39m [2m:[0;39m 로그인 토큰정보 : eyJ0eXAiOiJKV1QiLCJyZWdEYXRlIjoxNjM3NzEzNDg5Mjc0LCJhbGciOiJIUzI1NiJ9.eyJleHAiOjE2Mzc3MTcwODksInN1YiI6ImFjY2Vzcy10b2tlbiIsInVzZXJpZCI6InNzYWZ5In0.4b1gxdcMWZY1d51R_YvetzFWwmzDQJLb8GjTQYPdxCA
[2m2021-11-24 09:24:49.332[0;39m [32m INFO[0;39m [35m1574[0;39m [2m---[0;39m [2m[nio-9999-exec-9][0;39m [36mc.ssafy.vue.controller.MemberController [0;39m [2m:[0;39m 사용 가능한 토큰!!!
[2m2021-11-24 09:24:55.758[0;39m [32m INFO[0;39m [35m1574[0;39m [2m---[0;39m [2m[io-9999-exec-10][0;39m [36mcom.ssafy.vue.controller.QnaController  [0;39m [2m:[0;39m listArticle - 호출
[2m2021-11-24 09:28:48.859[0;39m [32m INFO[0;39m [35m1574[0;39m [2m---[0;39m [2m[nio-9999-exec-2][0;39m [36mcom.ssafy.vue.controller.QnaController  [0;39m [2m:[0;39m listArticle - 호출
[2m2021-11-24 09:28:57.759[0;39m [32m INFO[0;39m [35m1574[0;39m [2m---[0;39m [2m[nio-9999-exec-3][0;39m [36mc.ssafy.vue.controller.BoardController  [0;39m [2m:[0;39m listArticle - 호출
[2m2021-11-24 09:31:55.380[0;39m [32m INFO[0;39m [35m1574[0;39m [2m---[0;39m [2m[nio-9999-exec-5][0;39m [36mc.ssafy.vue.controller.BoardController  [0;39m [2m:[0;39m listArticle - 호출
[2m2021-11-24 09:31:55.415[0;39m [32m INFO[0;39m [35m1574[0;39m [2m---[0;39m [2m[nio-9999-exec-6][0;39m [36mc.ssafy.vue.controller.BoardController  [0;39m [2m:[0;39m listArticle - 호출
[2m2021-11-24 09:32:16.216[0;39m [32m INFO[0;39m [35m1574[0;39m [2m---[0;39m [2m[nio-9999-exec-7][0;39m [36mc.ssafy.vue.controller.BoardController  [0;39m [2m:[0;39m listArticle - 호출
[2m2021-11-24 09:32:25.405[0;39m [32m INFO[0;39m [35m1574[0;39m [2m---[0;39m [2m[nio-9999-exec-8][0;39m [36mc.ssafy.vue.controller.BoardController  [0;39m [2m:[0;39m getArticle - 호출 : 6
[2m2021-11-24 09:32:57.620[0;39m [32m INFO[0;39m [35m1574[0;39m [2m---[0;39m [2m[io-9999-exec-10][0;39m [36mc.ssafy.vue.controller.BoardController  [0;39m [2m:[0;39m getArticle - 호출 : 6
[2m2021-11-24 09:33:10.161[0;39m [32m INFO[0;39m [35m1574[0;39m [2m---[0;39m [2m[nio-9999-exec-1][0;39m [36mc.ssafy.vue.controller.BoardController  [0;39m [2m:[0;39m listArticle - 호출
[2m2021-11-24 09:33:13.766[0;39m [32m INFO[0;39m [35m1574[0;39m [2m---[0;39m [2m[nio-9999-exec-2][0;39m [36mc.ssafy.vue.controller.BoardController  [0;39m [2m:[0;39m getArticle - 호출 : 5
[2m2021-11-24 09:33:15.947[0;39m [32m INFO[0;39m [35m1574[0;39m [2m---[0;39m [2m[nio-9999-exec-3][0;39m [36mc.ssafy.vue.controller.BoardController  [0;39m [2m:[0;39m listArticle - 호출
[2m2021-11-24 09:33:17.303[0;39m [32m INFO[0;39m [35m1574[0;39m [2m---[0;39m [2m[nio-9999-exec-4][0;39m [36mc.ssafy.vue.controller.BoardController  [0;39m [2m:[0;39m getArticle - 호출 : 1
[2m2021-11-24 09:33:33.410[0;39m [32m INFO[0;39m [35m1574[0;39m [2m---[0;39m [2m[nio-9999-exec-5][0;39m [36mc.s.vue.controller.HouseMapController   [0;39m [2m:[0;39m sido - 호출
[2m2021-11-24 09:33:36.697[0;39m [32m INFO[0;39m [35m1574[0;39m [2m---[0;39m [2m[nio-9999-exec-6][0;39m [36mc.ssafy.vue.controller.BoardController  [0;39m [2m:[0;39m listArticle - 호출
[2m2021-11-24 09:33:40.360[0;39m [32m INFO[0;39m [35m1574[0;39m [2m---[0;39m [2m[nio-9999-exec-7][0;39m [36mc.s.vue.controller.HouseMapController   [0;39m [2m:[0;39m sido - 호출
[2m2021-11-24 09:33:43.690[0;39m [32m INFO[0;39m [35m1574[0;39m [2m---[0;39m [2m[nio-9999-exec-8][0;39m [36mc.s.vue.controller.HouseMapController   [0;39m [2m:[0;39m sido - 호출
[2m2021-11-24 09:33:51.946[0;39m [32m INFO[0;39m [35m1574[0;39m [2m---[0;39m [2m[nio-9999-exec-9][0;39m [36mc.s.vue.controller.HouseMapController   [0;39m [2m:[0;39m sido - 호출
[2m2021-11-24 09:33:56.862[0;39m [32m INFO[0;39m [35m1574[0;39m [2m---[0;39m [2m[io-9999-exec-10][0;39m [36mc.s.vue.controller.HouseMapController   [0;39m [2m:[0;39m sido - 호출
[2m2021-11-24 09:34:12.365[0;39m [32m INFO[0;39m [35m1574[0;39m [2m---[0;39m [2m[nio-9999-exec-1][0;39m [36mcom.ssafy.vue.controller.QnaController  [0;39m [2m:[0;39m listArticle - 호출
[2m2021-11-24 09:34:30.012[0;39m [32m INFO[0;39m [35m1574[0;39m [2m---[0;39m [2m[nio-9999-exec-2][0;39m [36mc.s.vue.controller.HouseMapController   [0;39m [2m:[0;39m sido - 호출
[2m2021-11-24 09:34:36.403[0;39m [32m INFO[0;39m [35m1574[0;39m [2m---[0;39m [2m[nio-9999-exec-3][0;39m [36mcom.ssafy.vue.controller.QnaController  [0;39m [2m:[0;39m listArticle - 호출
[2m2021-11-24 09:34:37.509[0;39m [32m INFO[0;39m [35m1574[0;39m [2m---[0;39m [2m[nio-9999-exec-4][0;39m [36mc.ssafy.vue.controller.BoardController  [0;39m [2m:[0;39m listArticle - 호출
[2m2021-11-24 09:36:34.165[0;39m [32m INFO[0;39m [35m1574[0;39m [2m---[0;39m [2m[nio-9999-exec-6][0;39m [36mc.ssafy.vue.controller.BoardController  [0;39m [2m:[0;39m getArticle - 호출 : 1
[2m2021-11-24 09:36:49.892[0;39m [32mDEBUG[0;39m [35m1574[0;39m [2m---[0;39m [2m[nio-9999-exec-7][0;39m [36mc.ssafy.vue.controller.MemberController [0;39m [2m:[0;39m 로그인 토큰정보 : eyJ0eXAiOiJKV1QiLCJyZWdEYXRlIjoxNjM3NzE0MjA5ODkxLCJhbGciOiJIUzI1NiJ9.eyJleHAiOjE2Mzc3MTc4MDksInN1YiI6ImFjY2Vzcy10b2tlbiIsInVzZXJpZCI6ImFkbWluIn0.PFTtQlm0CC65nMegzMPGA5B4GpS0vPdvTnX-4N9MlDg
[2m2021-11-24 09:36:49.919[0;39m [32m INFO[0;39m [35m1574[0;39m [2m---[0;39m [2m[nio-9999-exec-9][0;39m [36mc.ssafy.vue.controller.MemberController [0;39m [2m:[0;39m 사용 가능한 토큰!!!
[2m2021-11-24 09:37:13.101[0;39m [32mDEBUG[0;39m [35m1574[0;39m [2m---[0;39m [2m[io-9999-exec-10][0;39m [36mc.ssafy.vue.controller.MemberController [0;39m [2m:[0;39m 로그인 토큰정보 : eyJ0eXAiOiJKV1QiLCJyZWdEYXRlIjoxNjM3NzE0MjMzMTAwLCJhbGciOiJIUzI1NiJ9.eyJleHAiOjE2Mzc3MTc4MzMsInN1YiI6ImFjY2Vzcy10b2tlbiIsInVzZXJpZCI6ImFkbWluIn0.UP89IdmHqPnWREn9B0G5cQmUwNTSit1kkD75jBU584Q
[2m2021-11-24 09:37:13.118[0;39m [32m INFO[0;39m [35m1574[0;39m [2m---[0;39m [2m[nio-9999-exec-1][0;39m [36mc.ssafy.vue.controller.MemberController [0;39m [2m:[0;39m 사용 가능한 토큰!!!
[2m2021-11-24 10:11:35.484[0;39m [32m INFO[0;39m [35m1574[0;39m [2m---[0;39m [2m[nio-9999-exec-4][0;39m [36mcom.ssafy.vue.controller.QnaController  [0;39m [2m:[0;39m listArticle - 호출
[2m2021-11-24 10:11:39.093[0;39m [32m INFO[0;39m [35m1574[0;39m [2m---[0;39m [2m[nio-9999-exec-5][0;39m [36mc.s.vue.controller.HouseMapController   [0;39m [2m:[0;39m sido - 호출
[2m2021-11-24 10:22:13.003[0;39m [32m INFO[0;39m [35m1574[0;39m [2m---[0;39m [2m[nio-9999-exec-7][0;39m [36mc.s.vue.controller.HouseMapController   [0;39m [2m:[0;39m sido - 호출
[2m2021-11-24 10:32:17.688[0;39m [32m INFO[0;39m [35m1574[0;39m [2m---[0;39m [2m[nio-9999-exec-9][0;39m [36mc.s.vue.controller.HouseMapController   [0;39m [2m:[0;39m sido - 호출
[2m2021-11-24 10:35:13.113[0;39m [32m INFO[0;39m [35m1574[0;39m [2m---[0;39m [2m[nio-9999-exec-1][0;39m [36mc.s.vue.controller.HouseMapController   [0;39m [2m:[0;39m sido - 호출
[2m2021-11-24 10:35:54.464[0;39m [32m INFO[0;39m [35m1574[0;39m [2m---[0;39m [2m[nio-9999-exec-2][0;39m [36mc.s.vue.controller.HouseMapController   [0;39m [2m:[0;39m sido - 호출
[2m2021-11-24 10:38:23.642[0;39m [32m INFO[0;39m [35m1574[0;39m [2m---[0;39m [2m[nio-9999-exec-4][0;39m [36mc.s.vue.controller.HouseMapController   [0;39m [2m:[0;39m sido - 호출
[2m2021-11-24 10:42:00.838[0;39m [32m INFO[0;39m [35m1574[0;39m [2m---[0;39m [2m[nio-9999-exec-6][0;39m [36mc.s.vue.controller.HouseMapController   [0;39m [2m:[0;39m sido - 호출
[2m2021-11-24 10:42:52.285[0;39m [32m INFO[0;39m [35m1574[0;39m [2m---[0;39m [2m[nio-9999-exec-7][0;39m [36mc.s.vue.controller.HouseMapController   [0;39m [2m:[0;39m sido - 호출
[2m2021-11-24 10:44:22.920[0;39m [32m INFO[0;39m [35m1574[0;39m [2m---[0;39m [2m[nio-9999-exec-9][0;39m [36mc.s.vue.controller.HouseMapController   [0;39m [2m:[0;39m sido - 호출
[2m2021-11-24 10:45:00.708[0;39m [32m INFO[0;39m [35m1574[0;39m [2m---[0;39m [2m[io-9999-exec-10][0;39m [36mc.s.vue.controller.HouseMapController   [0;39m [2m:[0;39m gugun - 호출
[2m2021-11-24 10:46:43.094[0;39m [32m INFO[0;39m [35m1574[0;39m [2m---[0;39m [2m[nio-9999-exec-3][0;39m [36mc.s.vue.controller.HouseMapController   [0;39m [2m:[0;39m sido - 호출
[2m2021-11-24 10:49:40.675[0;39m [32m INFO[0;39m [35m1574[0;39m [2m---[0;39m [2m[nio-9999-exec-5][0;39m [36mc.s.vue.controller.HouseMapController   [0;39m [2m:[0;39m sido - 호출
[2m2021-11-24 10:52:02.601[0;39m [32m INFO[0;39m [35m1574[0;39m [2m---[0;39m [2m[nio-9999-exec-7][0;39m [36mc.s.vue.controller.HouseMapController   [0;39m [2m:[0;39m sido - 호출
[2m2021-11-24 10:54:24.206[0;39m [32m INFO[0;39m [35m1574[0;39m [2m---[0;39m [2m[nio-9999-exec-9][0;39m [36mc.s.vue.controller.HouseMapController   [0;39m [2m:[0;39m sido - 호출
[2m2021-11-24 10:56:05.509[0;39m [32m INFO[0;39m [35m1574[0;39m [2m---[0;39m [2m[nio-9999-exec-1][0;39m [36mc.s.vue.controller.HouseMapController   [0;39m [2m:[0;39m sido - 호출
[2m2021-11-24 11:05:00.520[0;39m [32m INFO[0;39m [35m1574[0;39m [2m---[0;39m [2m[nio-9999-exec-3][0;39m [36mc.s.vue.controller.HouseMapController   [0;39m [2m:[0;39m sido - 호출
[2m2021-11-24 11:05:24.635[0;39m [32m INFO[0;39m [35m1574[0;39m [2m---[0;39m [2m[nio-9999-exec-4][0;39m [36mc.s.vue.controller.HouseMapController   [0;39m [2m:[0;39m gugun - 호출
[2m2021-11-24 11:05:26.761[0;39m [32m INFO[0;39m [35m1574[0;39m [2m---[0;39m [2m[nio-9999-exec-5][0;39m [36mc.s.vue.controller.HouseMapController   [0;39m [2m:[0;39m gugun - 호출
[2m2021-11-24 11:16:53.817[0;39m [32m INFO[0;39m [35m1574[0;39m [2m---[0;39m [2m[nio-9999-exec-8][0;39m [36mc.s.vue.controller.HouseMapController   [0;39m [2m:[0;39m sido - 호출
[2m2021-11-24 11:16:58.400[0;39m [32m INFO[0;39m [35m1574[0;39m [2m---[0;39m [2m[io-9999-exec-10][0;39m [36mc.s.vue.controller.HouseMapController   [0;39m [2m:[0;39m gugun - 호출
[2m2021-11-24 11:18:17.989[0;39m [32mDEBUG[0;39m [35m1574[0;39m [2m---[0;39m [2m[nio-9999-exec-4][0;39m [36mc.ssafy.vue.controller.MemberController [0;39m [2m:[0;39m 로그인 토큰정보 : eyJ0eXAiOiJKV1QiLCJyZWdEYXRlIjoxNjM3NzIwMjk3OTg3LCJhbGciOiJIUzI1NiJ9.eyJleHAiOjE2Mzc3MjM4OTcsInN1YiI6ImFjY2Vzcy10b2tlbiIsInVzZXJpZCI6ImFkbWluIn0.95rHRI54xZ7swMgVFz2wfvAUsAS5meVdQuwrAR_MWSk
[2m2021-11-24 11:18:18.018[0;39m [32m INFO[0;39m [35m1574[0;39m [2m---[0;39m [2m[nio-9999-exec-6][0;39m [36mc.ssafy.vue.controller.MemberController [0;39m [2m:[0;39m 사용 가능한 토큰!!!
[2m2021-11-24 11:19:15.903[0;39m [32m INFO[0;39m [35m1574[0;39m [2m---[0;39m [2m[nio-9999-exec-7][0;39m [36mc.ssafy.vue.controller.BoardController  [0;39m [2m:[0;39m listArticle - 호출
[2m2021-11-24 11:19:17.389[0;39m [32m INFO[0;39m [35m1574[0;39m [2m---[0;39m [2m[nio-9999-exec-8][0;39m [36mc.s.vue.controller.HouseMapController   [0;39m [2m:[0;39m sido - 호출
[2m2021-11-24 11:19:57.262[0;39m [32m INFO[0;39m [35m1574[0;39m [2m---[0;39m [2m[nio-9999-exec-9][0;39m [36mc.s.vue.controller.HouseMapController   [0;39m [2m:[0;39m sido - 호출
[2m2021-11-24 11:20:12.861[0;39m [32m INFO[0;39m [35m1574[0;39m [2m---[0;39m [2m[io-9999-exec-10][0;39m [36mc.ssafy.vue.controller.BoardController  [0;39m [2m:[0;39m listArticle - 호출
[2m2021-11-24 12:41:22.039[0;39m [32m INFO[0;39m [35m1574[0;39m [2m---[0;39m [2m[nio-9999-exec-2][0;39m [36mcom.ssafy.vue.controller.QnaController  [0;39m [2m:[0;39m listArticle - 호출
[2m2021-11-24 12:44:59.081[0;39m [32m INFO[0;39m [35m1574[0;39m [2m---[0;39m [2m[nio-9999-exec-4][0;39m [36mc.ssafy.vue.controller.BoardController  [0;39m [2m:[0;39m listArticle - 호출
[2m2021-11-24 12:45:01.416[0;39m [32m INFO[0;39m [35m1574[0;39m [2m---[0;39m [2m[nio-9999-exec-5][0;39m [36mc.s.vue.controller.HouseMapController   [0;39m [2m:[0;39m sido - 호출
[2m2021-11-24 12:50:29.267[0;39m [32m INFO[0;39m [35m1574[0;39m [2m---[0;39m [2m[nio-9999-exec-7][0;39m [36mc.s.vue.controller.HouseMapController   [0;39m [2m:[0;39m gugun - 호출
[2m2021-11-24 13:00:58.048[0;39m [32m INFO[0;39m [35m1574[0;39m [2m---[0;39m [2m[io-9999-exec-10][0;39m [36mc.s.vue.controller.HouseMapController   [0;39m [2m:[0;39m sido - 호출
[2m2021-11-24 13:00:58.173[0;39m [32m INFO[0;39m [35m1574[0;39m [2m---[0;39m [2m[nio-9999-exec-1][0;39m [36mc.s.vue.controller.HouseMapController   [0;39m [2m:[0;39m sido - 호출
[2m2021-11-24 13:01:05.945[0;39m [32m INFO[0;39m [35m1574[0;39m [2m---[0;39m [2m[nio-9999-exec-2][0;39m [36mc.s.vue.controller.HouseMapController   [0;39m [2m:[0;39m gugun - 호출
[2m2021-11-24 13:01:22.985[0;39m [32m INFO[0;39m [35m1574[0;39m [2m---[0;39m [2m[nio-9999-exec-4][0;39m [36mc.s.vue.controller.HouseMapController   [0;39m [2m:[0;39m sido - 호출
[2m2021-11-24 13:01:23.014[0;39m [32m INFO[0;39m [35m1574[0;39m [2m---[0;39m [2m[nio-9999-exec-5][0;39m [36mc.s.vue.controller.HouseMapController   [0;39m [2m:[0;39m sido - 호출
[2m2021-11-24 13:01:26.000[0;39m [32m INFO[0;39m [35m1574[0;39m [2m---[0;39m [2m[nio-9999-exec-6][0;39m [36mc.s.vue.controller.HouseMapController   [0;39m [2m:[0;39m gugun - 호출
[2m2021-11-24 13:04:52.260[0;39m [32m INFO[0;39m [35m1574[0;39m [2m---[0;39m [2m[io-9999-exec-10][0;39m [36mcom.ssafy.vue.controller.QnaController  [0;39m [2m:[0;39m listArticle - 호출
[2m2021-11-24 13:05:22.795[0;39m [32m INFO[0;39m [35m1574[0;39m [2m---[0;39m [2m[nio-9999-exec-1][0;39m [36mc.s.vue.controller.HouseMapController   [0;39m [2m:[0;39m sido - 호출
[2m2021-11-24 13:05:27.633[0;39m [32m INFO[0;39m [35m1574[0;39m [2m---[0;39m [2m[nio-9999-exec-2][0;39m [36mc.s.vue.controller.HouseMapController   [0;39m [2m:[0;39m gugun - 호출
[2m2021-11-24 13:09:04.309[0;39m [32m INFO[0;39m [35m1574[0;39m [2m---[0;39m [2m[nio-9999-exec-5][0;39m [36mc.s.vue.controller.HouseMapController   [0;39m [2m:[0;39m sido - 호출
[2m2021-11-24 13:09:06.892[0;39m [32m INFO[0;39m [35m1574[0;39m [2m---[0;39m [2m[nio-9999-exec-6][0;39m [36mc.s.vue.controller.HouseMapController   [0;39m [2m:[0;39m gugun - 호출
[2m2021-11-24 14:08:45.248[0;39m [33m WARN[0;39m [35m1574[0;39m [2m---[0;39m [2m[l-1 housekeeper][0;39m [36mcom.zaxxer.hikari.pool.HikariPool       [0;39m [2m:[0;39m HikariPool-1 - Retrograde clock change detected (housekeeper delta=27s943ms), soft-evicting connections from pool.
[2m2021-11-24 14:09:59.408[0;39m [32m INFO[0;39m [35m1574[0;39m [2m---[0;39m [2m[nio-9999-exec-9][0;39m [36mc.s.vue.controller.HouseMapController   [0;39m [2m:[0;39m sido - 호출
[2m2021-11-24 14:38:14.503[0;39m [32mDEBUG[0;39m [35m1574[0;39m [2m---[0;39m [2m[nio-9999-exec-2][0;39m [36mc.ssafy.vue.controller.MemberController [0;39m [2m:[0;39m 로그인 토큰정보 : eyJ0eXAiOiJKV1QiLCJyZWdEYXRlIjoxNjM3NzMyMjk0NTAwLCJhbGciOiJIUzI1NiJ9.eyJleHAiOjE2Mzc3MzU4OTQsInN1YiI6ImFjY2Vzcy10b2tlbiIsInVzZXJpZCI6ImFkbWluIn0.xwde20QUnoxDph8PkQfLmmu--EELaFwWmDrqo79iVz4
[2m2021-11-24 14:38:14.539[0;39m [32m INFO[0;39m [35m1574[0;39m [2m---[0;39m [2m[nio-9999-exec-4][0;39m [36mc.ssafy.vue.controller.MemberController [0;39m [2m:[0;39m 사용 가능한 토큰!!!
[2m2021-11-24 14:38:39.692[0;39m [32mDEBUG[0;39m [35m1574[0;39m [2m---[0;39m [2m[nio-9999-exec-5][0;39m [36mc.ssafy.vue.controller.MemberController [0;39m [2m:[0;39m 로그인 토큰정보 : eyJ0eXAiOiJKV1QiLCJyZWdEYXRlIjoxNjM3NzMyMzE5Njg1LCJhbGciOiJIUzI1NiJ9.eyJleHAiOjE2Mzc3MzU5MTksInN1YiI6ImFjY2Vzcy10b2tlbiIsInVzZXJpZCI6InNzYWZ5In0.EHn0ORTXmuKk0FG2fiKe0Ejppy0MWbHQEQtO-ACTe0U
[2m2021-11-24 14:38:39.740[0;39m [32m INFO[0;39m [35m1574[0;39m [2m---[0;39m [2m[nio-9999-exec-7][0;39m [36mc.ssafy.vue.controller.MemberController [0;39m [2m:[0;39m 사용 가능한 토큰!!!
[2m2021-11-24 14:39:15.498[0;39m [32mDEBUG[0;39m [35m1574[0;39m [2m---[0;39m [2m[nio-9999-exec-9][0;39m [36mc.ssafy.vue.controller.MemberController [0;39m [2m:[0;39m 로그인 토큰정보 : eyJ0eXAiOiJKV1QiLCJyZWdEYXRlIjoxNjM3NzMyMzU1NDk3LCJhbGciOiJIUzI1NiJ9.eyJleHAiOjE2Mzc3MzU5NTUsInN1YiI6ImFjY2Vzcy10b2tlbiIsInVzZXJpZCI6InNzYWZ5In0.0D9p9A9D6sxGvgaMjmR3D8DPLqNYOKNBoRdEFfKruKE
[2m2021-11-24 14:39:15.520[0;39m [32m INFO[0;39m [35m1574[0;39m [2m---[0;39m [2m[io-9999-exec-10][0;39m [36mc.ssafy.vue.controller.MemberController [0;39m [2m:[0;39m 사용 가능한 토큰!!!
[2m2021-11-24 14:39:30.980[0;39m [32mDEBUG[0;39m [35m1574[0;39m [2m---[0;39m [2m[nio-9999-exec-1][0;39m [36mc.ssafy.vue.controller.MemberController [0;39m [2m:[0;39m 로그인 토큰정보 : eyJ0eXAiOiJKV1QiLCJyZWdEYXRlIjoxNjM3NzMyMzcwOTc5LCJhbGciOiJIUzI1NiJ9.eyJleHAiOjE2Mzc3MzU5NzAsInN1YiI6ImFjY2Vzcy10b2tlbiIsInVzZXJpZCI6ImFkbWluIn0.KK2z9xkCb3xXCVAE6XtPOvC6rcvrzMljqCJ3fKF1NDM
[2m2021-11-24 14:39:31.001[0;39m [32m INFO[0;39m [35m1574[0;39m [2m---[0;39m [2m[nio-9999-exec-2][0;39m [36mc.ssafy.vue.controller.MemberController [0;39m [2m:[0;39m 사용 가능한 토큰!!!
[2m2021-11-24 14:41:18.012[0;39m [32mDEBUG[0;39m [35m1574[0;39m [2m---[0;39m [2m[nio-9999-exec-7][0;39m [36mc.ssafy.vue.controller.MemberController [0;39m [2m:[0;39m 로그인 토큰정보 : eyJ0eXAiOiJKV1QiLCJyZWdEYXRlIjoxNjM3NzMyNDc4MDExLCJhbGciOiJIUzI1NiJ9.eyJleHAiOjE2Mzc3MzYwNzgsInN1YiI6ImFjY2Vzcy10b2tlbiIsInVzZXJpZCI6ImFkbWluIn0.hVKjpT-l3j1X3T1JQcgGyFktznrBPMZwasmjSwT4chg
[2m2021-11-24 14:41:18.034[0;39m [32m INFO[0;39m [35m1574[0;39m [2m---[0;39m [2m[nio-9999-exec-8][0;39m [36mc.ssafy.vue.controller.MemberController [0;39m [2m:[0;39m 사용 가능한 토큰!!!
[2m2021-11-24 14:42:25.542[0;39m [32mDEBUG[0;39m [35m1574[0;39m [2m---[0;39m [2m[io-9999-exec-10][0;39m [36mc.ssafy.vue.controller.MemberController [0;39m [2m:[0;39m 로그인 토큰정보 : eyJ0eXAiOiJKV1QiLCJyZWdEYXRlIjoxNjM3NzMyNTQ1NTQxLCJhbGciOiJIUzI1NiJ9.eyJleHAiOjE2Mzc3MzYxNDUsInN1YiI6ImFjY2Vzcy10b2tlbiIsInVzZXJpZCI6InNzYWZ5In0.12Ciziw0jwdqBozDFOVLsjZay7dNaPRAG9wE2mVMsEA
[2m2021-11-24 14:42:25.558[0;39m [32m INFO[0;39m [35m1574[0;39m [2m---[0;39m [2m[nio-9999-exec-1][0;39m [36mc.ssafy.vue.controller.MemberController [0;39m [2m:[0;39m 사용 가능한 토큰!!!
[2m2021-11-24 14:44:55.685[0;39m [32mDEBUG[0;39m [35m1574[0;39m [2m---[0;39m [2m[nio-9999-exec-3][0;39m [36mc.ssafy.vue.controller.MemberController [0;39m [2m:[0;39m 로그인 토큰정보 : eyJ0eXAiOiJKV1QiLCJyZWdEYXRlIjoxNjM3NzMyNjk1NjgzLCJhbGciOiJIUzI1NiJ9.eyJleHAiOjE2Mzc3MzYyOTUsInN1YiI6ImFjY2Vzcy10b2tlbiIsInVzZXJpZCI6InNzYWZ5In0.dCOGQsk9hOZ0Q6qaJ-9gElSqoNlMEdln1lBR2TiWUpc
[2m2021-11-24 14:44:55.705[0;39m [32m INFO[0;39m [35m1574[0;39m [2m---[0;39m [2m[nio-9999-exec-4][0;39m [36mc.ssafy.vue.controller.MemberController [0;39m [2m:[0;39m 사용 가능한 토큰!!!
[2m2021-11-24 14:45:18.063[0;39m [32mDEBUG[0;39m [35m1574[0;39m [2m---[0;39m [2m[nio-9999-exec-5][0;39m [36mc.ssafy.vue.controller.MemberController [0;39m [2m:[0;39m 로그인 토큰정보 : eyJ0eXAiOiJKV1QiLCJyZWdEYXRlIjoxNjM3NzMyNzE4MDYzLCJhbGciOiJIUzI1NiJ9.eyJleHAiOjE2Mzc3MzYzMTgsInN1YiI6ImFjY2Vzcy10b2tlbiIsInVzZXJpZCI6ImFkbWluIn0.ZQpW2TTwR8vXY487FvruMksWt2b8L4jdjfWNrxon_TI
[2m2021-11-24 14:45:18.084[0;39m [32m INFO[0;39m [35m1574[0;39m [2m---[0;39m [2m[nio-9999-exec-6][0;39m [36mc.ssafy.vue.controller.MemberController [0;39m [2m:[0;39m 사용 가능한 토큰!!!
[2m2021-11-24 14:49:24.930[0;39m [32mDEBUG[0;39m [35m1574[0;39m [2m---[0;39m [2m[nio-9999-exec-8][0;39m [36mc.ssafy.vue.controller.MemberController [0;39m [2m:[0;39m 로그인 토큰정보 : eyJ0eXAiOiJKV1QiLCJyZWdEYXRlIjoxNjM3NzMyOTY0OTI4LCJhbGciOiJIUzI1NiJ9.eyJleHAiOjE2Mzc3MzY1NjQsInN1YiI6ImFjY2Vzcy10b2tlbiIsInVzZXJpZCI6InNzYWZ5In0.gwAquTl2UNy8mMXNOOGrc74DoO-Nurg3Z5OFGMYGV-o
[2m2021-11-24 14:49:24.954[0;39m [32m INFO[0;39m [35m1574[0;39m [2m---[0;39m [2m[nio-9999-exec-9][0;39m [36mc.ssafy.vue.controller.MemberController [0;39m [2m:[0;39m 사용 가능한 토큰!!!
[2m2021-11-24 14:49:40.137[0;39m [32mDEBUG[0;39m [35m1574[0;39m [2m---[0;39m [2m[io-9999-exec-10][0;39m [36mc.ssafy.vue.controller.MemberController [0;39m [2m:[0;39m 로그인 토큰정보 : eyJ0eXAiOiJKV1QiLCJyZWdEYXRlIjoxNjM3NzMyOTgwMTM3LCJhbGciOiJIUzI1NiJ9.eyJleHAiOjE2Mzc3MzY1ODAsInN1YiI6ImFjY2Vzcy10b2tlbiIsInVzZXJpZCI6ImFkbWluIn0.CoXsSztdtYpG4n8RHA3xGuihs_Q_CwPykk-ohvq7L2s
[2m2021-11-24 14:49:40.154[0;39m [32m INFO[0;39m [35m1574[0;39m [2m---[0;39m [2m[nio-9999-exec-1][0;39m [36mc.ssafy.vue.controller.MemberController [0;39m [2m:[0;39m 사용 가능한 토큰!!!
[2m2021-11-24 14:51:09.797[0;39m [32mDEBUG[0;39m [35m1574[0;39m [2m---[0;39m [2m[nio-9999-exec-3][0;39m [36mc.ssafy.vue.controller.MemberController [0;39m [2m:[0;39m 로그인 토큰정보 : eyJ0eXAiOiJKV1QiLCJyZWdEYXRlIjoxNjM3NzMzMDY5Nzk1LCJhbGciOiJIUzI1NiJ9.eyJleHAiOjE2Mzc3MzY2NjksInN1YiI6ImFjY2Vzcy10b2tlbiIsInVzZXJpZCI6InNzYWZ5In0.3bA0otHBbepekfMmLmwGZc1LIHiWA2qpqHlUvX-u6Ac
[2m2021-11-24 14:51:09.816[0;39m [32m INFO[0;39m [35m1574[0;39m [2m---[0;39m [2m[nio-9999-exec-4][0;39m [36mc.ssafy.vue.controller.MemberController [0;39m [2m:[0;39m 사용 가능한 토큰!!!
[2m2021-11-24 14:52:48.792[0;39m [32mDEBUG[0;39m [35m1574[0;39m [2m---[0;39m [2m[nio-9999-exec-6][0;39m [36mc.ssafy.vue.controller.MemberController [0;39m [2m:[0;39m 로그인 토큰정보 : eyJ0eXAiOiJKV1QiLCJyZWdEYXRlIjoxNjM3NzMzMTY4NzkxLCJhbGciOiJIUzI1NiJ9.eyJleHAiOjE2Mzc3MzY3NjgsInN1YiI6ImFjY2Vzcy10b2tlbiIsInVzZXJpZCI6ImFkbWluIn0.z8jyWZ_MvJbAS25SnuuyApnYii4IoRoCIQTGyDzTPqk
[2m2021-11-24 14:52:48.805[0;39m [32m INFO[0;39m [35m1574[0;39m [2m---[0;39m [2m[nio-9999-exec-7][0;39m [36mc.ssafy.vue.controller.MemberController [0;39m [2m:[0;39m 사용 가능한 토큰!!!
[2m2021-11-24 14:53:11.244[0;39m [32mDEBUG[0;39m [35m1574[0;39m [2m---[0;39m [2m[nio-9999-exec-8][0;39m [36mc.ssafy.vue.controller.MemberController [0;39m [2m:[0;39m 로그인 토큰정보 : eyJ0eXAiOiJKV1QiLCJyZWdEYXRlIjoxNjM3NzMzMTkxMjQzLCJhbGciOiJIUzI1NiJ9.eyJleHAiOjE2Mzc3MzY3OTEsInN1YiI6ImFjY2Vzcy10b2tlbiIsInVzZXJpZCI6InNzYWZ5In0.QPo4C4KnB8KSQ0cKtRJbth2HvRyspGpH20bTwGH7gCI
[2m2021-11-24 14:53:11.256[0;39m [32m INFO[0;39m [35m1574[0;39m [2m---[0;39m [2m[nio-9999-exec-9][0;39m [36mc.ssafy.vue.controller.MemberController [0;39m [2m:[0;39m 사용 가능한 토큰!!!
[2m2021-11-24 14:53:29.226[0;39m [32mDEBUG[0;39m [35m1574[0;39m [2m---[0;39m [2m[io-9999-exec-10][0;39m [36mc.ssafy.vue.controller.MemberController [0;39m [2m:[0;39m 로그인 토큰정보 : eyJ0eXAiOiJKV1QiLCJyZWdEYXRlIjoxNjM3NzMzMjA5MjI2LCJhbGciOiJIUzI1NiJ9.eyJleHAiOjE2Mzc3MzY4MDksInN1YiI6ImFjY2Vzcy10b2tlbiIsInVzZXJpZCI6ImFkbWluIn0.n9nP-TYQ_T7qo5BKDRX0cKYoOTSi6WxYUnWIbXe7Ox0
[2m2021-11-24 14:53:29.239[0;39m [32m INFO[0;39m [35m1574[0;39m [2m---[0;39m [2m[nio-9999-exec-1][0;39m [36mc.ssafy.vue.controller.MemberController [0;39m [2m:[0;39m 사용 가능한 토큰!!!
[2m2021-11-24 14:57:02.933[0;39m [32mDEBUG[0;39m [35m1574[0;39m [2m---[0;39m [2m[nio-9999-exec-4][0;39m [36mc.ssafy.vue.controller.MemberController [0;39m [2m:[0;39m 로그인 토큰정보 : eyJ0eXAiOiJKV1QiLCJyZWdEYXRlIjoxNjM3NzMzNDIyOTMyLCJhbGciOiJIUzI1NiJ9.eyJleHAiOjE2Mzc3MzcwMjIsInN1YiI6ImFjY2Vzcy10b2tlbiIsInVzZXJpZCI6InNzYWZ5In0.VMYLMG9aR-16hnNKYvdugBK7-bGWov1pi85aot17FaU
[2m2021-11-24 14:57:02.967[0;39m [32m INFO[0;39m [35m1574[0;39m [2m---[0;39m [2m[nio-9999-exec-6][0;39m [36mc.ssafy.vue.controller.MemberController [0;39m [2m:[0;39m 사용 가능한 토큰!!!
[2m2021-11-24 15:02:53.507[0;39m [32mDEBUG[0;39m [35m1574[0;39m [2m---[0;39m [2m[nio-9999-exec-7][0;39m [36mc.ssafy.vue.controller.MemberController [0;39m [2m:[0;39m 로그인 토큰정보 : eyJ0eXAiOiJKV1QiLCJyZWdEYXRlIjoxNjM3NzMzNzczNTA2LCJhbGciOiJIUzI1NiJ9.eyJleHAiOjE2Mzc3MzczNzMsInN1YiI6ImFjY2Vzcy10b2tlbiIsInVzZXJpZCI6InNzYWZ5In0.iFVt1Qc0nkNZBny-7Cl4fLWD_wsrB9IjryJlORcEnmE
[2m2021-11-24 15:02:53.530[0;39m [32m INFO[0;39m [35m1574[0;39m [2m---[0;39m [2m[nio-9999-exec-8][0;39m [36mc.ssafy.vue.controller.MemberController [0;39m [2m:[0;39m 사용 가능한 토큰!!!
[2m2021-11-24 15:06:15.978[0;39m [32mDEBUG[0;39m [35m1574[0;39m [2m---[0;39m [2m[io-9999-exec-10][0;39m [36mc.ssafy.vue.controller.MemberController [0;39m [2m:[0;39m 로그인 토큰정보 : eyJ0eXAiOiJKV1QiLCJyZWdEYXRlIjoxNjM3NzMzOTc1OTc3LCJhbGciOiJIUzI1NiJ9.eyJleHAiOjE2Mzc3Mzc1NzUsInN1YiI6ImFjY2Vzcy10b2tlbiIsInVzZXJpZCI6InNzYWZ5In0.uUNivauUhKSpXSTYmSTaNNqipzvHAETV4ztwVu6iF8M
[2m2021-11-24 15:06:16.003[0;39m [32m INFO[0;39m [35m1574[0;39m [2m---[0;39m [2m[nio-9999-exec-1][0;39m [36mc.ssafy.vue.controller.MemberController [0;39m [2m:[0;39m 사용 가능한 토큰!!!
[2m2021-11-24 15:16:00.136[0;39m [32mDEBUG[0;39m [35m1574[0;39m [2m---[0;39m [2m[nio-9999-exec-3][0;39m [36mc.ssafy.vue.controller.MemberController [0;39m [2m:[0;39m 로그인 토큰정보 : eyJ0eXAiOiJKV1QiLCJyZWdEYXRlIjoxNjM3NzM0NTYwMTM1LCJhbGciOiJIUzI1NiJ9.eyJleHAiOjE2Mzc3MzgxNjAsInN1YiI6ImFjY2Vzcy10b2tlbiIsInVzZXJpZCI6ImFkbWluIn0.vKsFTgwLhMjqCuvrT-YASHqLcSqa51f8HIEVa9QP6cU
[2m2021-11-24 15:16:00.170[0;39m [32m INFO[0;39m [35m1574[0;39m [2m---[0;39m [2m[nio-9999-exec-5][0;39m [36mc.ssafy.vue.controller.MemberController [0;39m [2m:[0;39m 사용 가능한 토큰!!!
[2m2021-11-24 15:16:30.473[0;39m [32mDEBUG[0;39m [35m1574[0;39m [2m---[0;39m [2m[nio-9999-exec-6][0;39m [36mc.ssafy.vue.controller.MemberController [0;39m [2m:[0;39m 로그인 토큰정보 : eyJ0eXAiOiJKV1QiLCJyZWdEYXRlIjoxNjM3NzM0NTkwNDczLCJhbGciOiJIUzI1NiJ9.eyJleHAiOjE2Mzc3MzgxOTAsInN1YiI6ImFjY2Vzcy10b2tlbiIsInVzZXJpZCI6ImFkbWluIn0.b9NJSYIHkbEZ9OTzJ-bvTLrbOhGcA-UvTItnMIfBpGE
[2m2021-11-24 15:16:30.489[0;39m [32m INFO[0;39m [35m1574[0;39m [2m---[0;39m [2m[nio-9999-exec-7][0;39m [36mc.ssafy.vue.controller.MemberController [0;39m [2m:[0;39m 사용 가능한 토큰!!!
[2m2021-11-24 15:20:01.396[0;39m [32mDEBUG[0;39m [35m1574[0;39m [2m---[0;39m [2m[nio-9999-exec-9][0;39m [36mc.ssafy.vue.controller.MemberController [0;39m [2m:[0;39m 로그인 토큰정보 : eyJ0eXAiOiJKV1QiLCJyZWdEYXRlIjoxNjM3NzM0ODAxMzk0LCJhbGciOiJIUzI1NiJ9.eyJleHAiOjE2Mzc3Mzg0MDEsInN1YiI6ImFjY2Vzcy10b2tlbiIsInVzZXJpZCI6ImFkbWluIn0.1sMT5hOdrbK6Actf-3YgF3knx0fcRxLGaH-RXhP9Uy0
[2m2021-11-24 15:20:01.416[0;39m [32m INFO[0;39m [35m1574[0;39m [2m---[0;39m [2m[io-9999-exec-10][0;39m [36mc.ssafy.vue.controller.MemberController [0;39m [2m:[0;39m 사용 가능한 토큰!!!
[2m2021-11-24 15:20:21.804[0;39m [32mDEBUG[0;39m [35m1574[0;39m [2m---[0;39m [2m[nio-9999-exec-1][0;39m [36mc.ssafy.vue.controller.MemberController [0;39m [2m:[0;39m 로그인 토큰정보 : eyJ0eXAiOiJKV1QiLCJyZWdEYXRlIjoxNjM3NzM0ODIxODAzLCJhbGciOiJIUzI1NiJ9.eyJleHAiOjE2Mzc3Mzg0MjEsInN1YiI6ImFjY2Vzcy10b2tlbiIsInVzZXJpZCI6InNzYWZ5In0.Jam_sRk4Gvqhi1I_FJG4umCPpQXG7qNResMv436q1dI
[2m2021-11-24 15:20:21.820[0;39m [32m INFO[0;39m [35m1574[0;39m [2m---[0;39m [2m[nio-9999-exec-2][0;39m [36mc.ssafy.vue.controller.MemberController [0;39m [2m:[0;39m 사용 가능한 토큰!!!
[2m2021-11-24 15:25:54.663[0;39m [32mDEBUG[0;39m [35m1574[0;39m [2m---[0;39m [2m[nio-9999-exec-4][0;39m [36mc.ssafy.vue.controller.MemberController [0;39m [2m:[0;39m 로그인 토큰정보 : eyJ0eXAiOiJKV1QiLCJyZWdEYXRlIjoxNjM3NzM1MTU0NjYyLCJhbGciOiJIUzI1NiJ9.eyJleHAiOjE2Mzc3Mzg3NTQsInN1YiI6ImFjY2Vzcy10b2tlbiIsInVzZXJpZCI6ImFkbWluIn0.EKiC-FpGNqAOWKo4bEX6PqLZPc2F7LvJ23_o0KWLlok
[2m2021-11-24 15:25:54.683[0;39m [32m INFO[0;39m [35m1574[0;39m [2m---[0;39m [2m[nio-9999-exec-5][0;39m [36mc.ssafy.vue.controller.MemberController [0;39m [2m:[0;39m 사용 가능한 토큰!!!
[2m2021-11-24 16:21:35.325[0;39m [32mDEBUG[0;39m [35m1574[0;39m [2m---[0;39m [2m[nio-9999-exec-7][0;39m [36mc.ssafy.vue.controller.MemberController [0;39m [2m:[0;39m 로그인 토큰정보 : eyJ0eXAiOiJKV1QiLCJyZWdEYXRlIjoxNjM3NzM4NDk1MzIzLCJhbGciOiJIUzI1NiJ9.eyJleHAiOjE2Mzc3NDIwOTUsInN1YiI6ImFjY2Vzcy10b2tlbiIsInVzZXJpZCI6InNzYWZ5In0.29yizCSUa8jLIBzE3mASLzAo_oeZg2SEipiis_a-IgY
[2m2021-11-24 16:21:35.347[0;39m [32m INFO[0;39m [35m1574[0;39m [2m---[0;39m [2m[nio-9999-exec-8][0;39m [36mc.ssafy.vue.controller.MemberController [0;39m [2m:[0;39m 사용 가능한 토큰!!!
[2m2021-11-24 16:22:04.449[0;39m [32mDEBUG[0;39m [35m1574[0;39m [2m---[0;39m [2m[nio-9999-exec-9][0;39m [36mc.ssafy.vue.controller.MemberController [0;39m [2m:[0;39m 로그인 토큰정보 : eyJ0eXAiOiJKV1QiLCJyZWdEYXRlIjoxNjM3NzM4NTI0NDQ3LCJhbGciOiJIUzI1NiJ9.eyJleHAiOjE2Mzc3NDIxMjQsInN1YiI6ImFjY2Vzcy10b2tlbiIsInVzZXJpZCI6ImFkbWluIn0.ywlRVkh-ZKmqEtcAWOuUhA9fge9O26W1gj0_gZ7r7Kc
[2m2021-11-24 16:22:04.472[0;39m [32m INFO[0;39m [35m1574[0;39m [2m---[0;39m [2m[io-9999-exec-10][0;39m [36mc.ssafy.vue.controller.MemberController [0;39m [2m:[0;39m 사용 가능한 토큰!!!
[2m2021-11-24 16:22:16.968[0;39m [32mDEBUG[0;39m [35m1574[0;39m [2m---[0;39m [2m[nio-9999-exec-1][0;39m [36mc.ssafy.vue.controller.MemberController [0;39m [2m:[0;39m 로그인 토큰정보 : eyJ0eXAiOiJKV1QiLCJyZWdEYXRlIjoxNjM3NzM4NTM2OTY3LCJhbGciOiJIUzI1NiJ9.eyJleHAiOjE2Mzc3NDIxMzYsInN1YiI6ImFjY2Vzcy10b2tlbiIsInVzZXJpZCI6InNzYWZ5In0.T0w7bsvkeurC7W-WMw9upavwJZpj4cOpeyYwpULmm_M
[2m2021-11-24 16:22:16.984[0;39m [32m INFO[0;39m [35m1574[0;39m [2m---[0;39m [2m[nio-9999-exec-2][0;39m [36mc.ssafy.vue.controller.MemberController [0;39m [2m:[0;39m 사용 가능한 토큰!!!
[2m2021-11-24 16:25:05.829[0;39m [32mDEBUG[0;39m [35m1574[0;39m [2m---[0;39m [2m[nio-9999-exec-4][0;39m [36mc.ssafy.vue.controller.MemberController [0;39m [2m:[0;39m 로그인 토큰정보 : eyJ0eXAiOiJKV1QiLCJyZWdEYXRlIjoxNjM3NzM4NzA1ODI5LCJhbGciOiJIUzI1NiJ9.eyJleHAiOjE2Mzc3NDIzMDUsInN1YiI6ImFjY2Vzcy10b2tlbiIsInVzZXJpZCI6InNzYWZ5In0.Om1Y-P9SSykCEptPS4Tvxtr6vp0Sw14DSOKBXjI1YlU
[2m2021-11-24 16:25:05.846[0;39m [32m INFO[0;39m [35m1574[0;39m [2m---[0;39m [2m[nio-9999-exec-5][0;39m [36mc.ssafy.vue.controller.MemberController [0;39m [2m:[0;39m 사용 가능한 토큰!!!
[2m2021-11-24 16:31:30.464[0;39m [32mDEBUG[0;39m [35m1574[0;39m [2m---[0;39m [2m[nio-9999-exec-7][0;39m [36mc.ssafy.vue.controller.MemberController [0;39m [2m:[0;39m 로그인 토큰정보 : eyJ0eXAiOiJKV1QiLCJyZWdEYXRlIjoxNjM3NzM5MDkwNDYzLCJhbGciOiJIUzI1NiJ9.eyJleHAiOjE2Mzc3NDI2OTAsInN1YiI6ImFjY2Vzcy10b2tlbiIsInVzZXJpZCI6InNzYWZ5In0.zOitXcGTuMH3vSvf7RB4_Relm0ltcnlF_OrgBN9k7Cs
[2m2021-11-24 16:31:30.481[0;39m [32m INFO[0;39m [35m1574[0;39m [2m---[0;39m [2m[nio-9999-exec-8][0;39m [36mc.ssafy.vue.controller.MemberController [0;39m [2m:[0;39m 사용 가능한 토큰!!!
[2m2021-11-24 16:36:44.442[0;39m [32mDEBUG[0;39m [35m1574[0;39m [2m---[0;39m [2m[io-9999-exec-10][0;39m [36mc.ssafy.vue.controller.MemberController [0;39m [2m:[0;39m 로그인 토큰정보 : eyJ0eXAiOiJKV1QiLCJyZWdEYXRlIjoxNjM3NzM5NDA0NDQxLCJhbGciOiJIUzI1NiJ9.eyJleHAiOjE2Mzc3NDMwMDQsInN1YiI6ImFjY2Vzcy10b2tlbiIsInVzZXJpZCI6InNzYWZ5In0.bF-NZUKpZi33q95yX0hyvSFIjdVCzAcPWKHwtpUZ-ww
[2m2021-11-24 16:36:44.463[0;39m [32m INFO[0;39m [35m1574[0;39m [2m---[0;39m [2m[nio-9999-exec-1][0;39m [36mc.ssafy.vue.controller.MemberController [0;39m [2m:[0;39m 사용 가능한 토큰!!!
[2m2021-11-24 16:37:51.909[0;39m [32mDEBUG[0;39m [35m1574[0;39m [2m---[0;39m [2m[nio-9999-exec-4][0;39m [36mc.ssafy.vue.controller.MemberController [0;39m [2m:[0;39m 로그인 토큰정보 : eyJ0eXAiOiJKV1QiLCJyZWdEYXRlIjoxNjM3NzM5NDcxOTA4LCJhbGciOiJIUzI1NiJ9.eyJleHAiOjE2Mzc3NDMwNzEsInN1YiI6ImFjY2Vzcy10b2tlbiIsInVzZXJpZCI6InNzYWZ5In0.iXHWrH7K1-TK7kLGbie5ia98bYqOVKbPr8TzSJtocD0
[2m2021-11-24 16:37:51.941[0;39m [32m INFO[0;39m [35m1574[0;39m [2m---[0;39m [2m[nio-9999-exec-6][0;39m [36mc.ssafy.vue.controller.MemberController [0;39m [2m:[0;39m 사용 가능한 토큰!!!
[2m2021-11-24 16:38:04.752[0;39m [32m INFO[0;39m [35m1574[0;39m [2m---[0;39m [2m[nio-9999-exec-7][0;39m [36mcom.ssafy.vue.controller.QnaController  [0;39m [2m:[0;39m listArticle - 호출
[2m2021-11-24 16:38:45.297[0;39m [32mDEBUG[0;39m [35m1574[0;39m [2m---[0;39m [2m[nio-9999-exec-8][0;39m [36mc.ssafy.vue.controller.MemberController [0;39m [2m:[0;39m 로그인 토큰정보 : eyJ0eXAiOiJKV1QiLCJyZWdEYXRlIjoxNjM3NzM5NTI1Mjk1LCJhbGciOiJIUzI1NiJ9.eyJleHAiOjE2Mzc3NDMxMjUsInN1YiI6ImFjY2Vzcy10b2tlbiIsInVzZXJpZCI6ImFkbWluIn0.8KBBIRqZiNI_6PFbP2SCFqYbga-cDenPaev0ulXNYoI
[2m2021-11-24 16:38:45.320[0;39m [32m INFO[0;39m [35m1574[0;39m [2m---[0;39m [2m[nio-9999-exec-9][0;39m [36mc.ssafy.vue.controller.MemberController [0;39m [2m:[0;39m 사용 가능한 토큰!!!
[2m2021-11-24 16:39:25.919[0;39m [32m INFO[0;39m [35m1574[0;39m [2m---[0;39m [2m[io-9999-exec-10][0;39m [36mc.s.vue.controller.HouseMapController   [0;39m [2m:[0;39m sido - 호출
[2m2021-11-24 16:39:31.020[0;39m [32mDEBUG[0;39m [35m1574[0;39m [2m---[0;39m [2m[nio-9999-exec-1][0;39m [36mc.ssafy.vue.controller.MemberController [0;39m [2m:[0;39m 로그인 토큰정보 : eyJ0eXAiOiJKV1QiLCJyZWdEYXRlIjoxNjM3NzM5NTcxMDE5LCJhbGciOiJIUzI1NiJ9.eyJleHAiOjE2Mzc3NDMxNzEsInN1YiI6ImFjY2Vzcy10b2tlbiIsInVzZXJpZCI6InNzYWZ5In0.QTdLX_WsWXpYSHztCySM9-hWU_R-ipr8RvHDr_CO6-4
[2m2021-11-24 16:39:31.054[0;39m [32m INFO[0;39m [35m1574[0;39m [2m---[0;39m [2m[nio-9999-exec-2][0;39m [36mc.ssafy.vue.controller.MemberController [0;39m [2m:[0;39m 사용 가능한 토큰!!!
[2m2021-11-24 16:40:33.241[0;39m [32mDEBUG[0;39m [35m1574[0;39m [2m---[0;39m [2m[nio-9999-exec-5][0;39m [36mc.ssafy.vue.controller.MemberController [0;39m [2m:[0;39m 로그인 토큰정보 : eyJ0eXAiOiJKV1QiLCJyZWdEYXRlIjoxNjM3NzM5NjMzMjQxLCJhbGciOiJIUzI1NiJ9.eyJleHAiOjE2Mzc3NDMyMzMsInN1YiI6ImFjY2Vzcy10b2tlbiIsInVzZXJpZCI6InNzYWZ5In0.aJ9u9VsQWLJA5trPyqCnzYaQWn-myH-EAsOnq2V7bIM
[2m2021-11-24 16:40:33.259[0;39m [32m INFO[0;39m [35m1574[0;39m [2m---[0;39m [2m[nio-9999-exec-6][0;39m [36mc.ssafy.vue.controller.MemberController [0;39m [2m:[0;39m 사용 가능한 토큰!!!
[2m2021-11-24 16:41:55.204[0;39m [32mDEBUG[0;39m [35m1574[0;39m [2m---[0;39m [2m[nio-9999-exec-8][0;39m [36mc.ssafy.vue.controller.MemberController [0;39m [2m:[0;39m 로그인 토큰정보 : eyJ0eXAiOiJKV1QiLCJyZWdEYXRlIjoxNjM3NzM5NzE1MjAxLCJhbGciOiJIUzI1NiJ9.eyJleHAiOjE2Mzc3NDMzMTUsInN1YiI6ImFjY2Vzcy10b2tlbiIsInVzZXJpZCI6InNzYWZ5In0.v6og3dcXs8lg619LY4JMbsT0JR8hExHcEsgRGCA9WTg
[2m2021-11-24 16:41:55.223[0;39m [32m INFO[0;39m [35m1574[0;39m [2m---[0;39m [2m[nio-9999-exec-9][0;39m [36mc.ssafy.vue.controller.MemberController [0;39m [2m:[0;39m 사용 가능한 토큰!!!
[2m2021-11-24 16:49:57.849[0;39m [32m INFO[0;39m [35m1574[0;39m [2m---[0;39m [2m[nio-9999-exec-1][0;39m [36mc.s.vue.controller.HouseMapController   [0;39m [2m:[0;39m sido - 호출
[2m2021-11-24 16:50:18.766[0;39m [32mDEBUG[0;39m [35m1574[0;39m [2m---[0;39m [2m[nio-9999-exec-2][0;39m [36mc.ssafy.vue.controller.MemberController [0;39m [2m:[0;39m 로그인 토큰정보 : eyJ0eXAiOiJKV1QiLCJyZWdEYXRlIjoxNjM3NzQwMjE4NzY1LCJhbGciOiJIUzI1NiJ9.eyJleHAiOjE2Mzc3NDM4MTgsInN1YiI6ImFjY2Vzcy10b2tlbiIsInVzZXJpZCI6InNzYWZ5In0.YPA4TjlIKS8GirhUx9zPekjAfoWPihEqQyI-tAz4NWo
[2m2021-11-24 16:50:18.786[0;39m [32m INFO[0;39m [35m1574[0;39m [2m---[0;39m [2m[nio-9999-exec-3][0;39m [36mc.ssafy.vue.controller.MemberController [0;39m [2m:[0;39m 사용 가능한 토큰!!!
[2m2021-11-24 16:50:52.987[0;39m [32m INFO[0;39m [35m1574[0;39m [2m---[0;39m [2m[nio-9999-exec-4][0;39m [36mc.s.vue.controller.HouseMapController   [0;39m [2m:[0;39m sido - 호출
[2m2021-11-24 16:51:03.682[0;39m [32m INFO[0;39m [35m1574[0;39m [2m---[0;39m [2m[nio-9999-exec-5][0;39m [36mc.s.vue.controller.HouseMapController   [0;39m [2m:[0;39m gugun - 호출
[2m2021-11-24 16:51:53.326[0;39m [32m INFO[0;39m [35m1574[0;39m [2m---[0;39m [2m[nio-9999-exec-7][0;39m [36mc.ssafy.vue.controller.BoardController  [0;39m [2m:[0;39m listArticle - 호출
[2m2021-11-24 16:52:03.289[0;39m [32m INFO[0;39m [35m1574[0;39m [2m---[0;39m [2m[nio-9999-exec-8][0;39m [36mc.ssafy.vue.controller.BoardController  [0;39m [2m:[0;39m getArticle - 호출 : 6
[2m2021-11-24 16:52:05.077[0;39m [32m INFO[0;39m [35m1574[0;39m [2m---[0;39m [2m[nio-9999-exec-9][0;39m [36mc.ssafy.vue.controller.BoardController  [0;39m [2m:[0;39m listArticle - 호출
[2m2021-11-24 16:52:06.886[0;39m [32m INFO[0;39m [35m1574[0;39m [2m---[0;39m [2m[io-9999-exec-10][0;39m [36mcom.ssafy.vue.controller.QnaController  [0;39m [2m:[0;39m listArticle - 호출
[2m2021-11-24 16:52:23.304[0;39m [32m INFO[0;39m [35m1574[0;39m [2m---[0;39m [2m[nio-9999-exec-1][0;39m [36mcom.ssafy.vue.controller.QnaController  [0;39m [2m:[0;39m ~~~~~~~getArticle - 호출 :~~~~~~~~~~ 13
[2m2021-11-24 16:52:23.372[0;39m [32m INFO[0;39m [35m1574[0;39m [2m---[0;39m [2m[nio-9999-exec-2][0;39m [36mcom.ssafy.vue.controller.MemoController [0;39m [2m:[0;39m listArticle - 호출
[2m2021-11-24 16:53:05.866[0;39m [32mDEBUG[0;39m [35m1574[0;39m [2m---[0;39m [2m[nio-9999-exec-5][0;39m [36mc.ssafy.vue.controller.MemberController [0;39m [2m:[0;39m 로그인 토큰정보 : eyJ0eXAiOiJKV1QiLCJyZWdEYXRlIjoxNjM3NzQwMzg1ODY1LCJhbGciOiJIUzI1NiJ9.eyJleHAiOjE2Mzc3NDM5ODUsInN1YiI6ImFjY2Vzcy10b2tlbiIsInVzZXJpZCI6InNzYWZ5In0.hgclfwmgzzHlALBwRFvSdusU_gIo3PFlv1Do1Y4tOnc
[2m2021-11-24 16:53:05.883[0;39m [32m INFO[0;39m [35m1574[0;39m [2m---[0;39m [2m[nio-9999-exec-7][0;39m [36mc.ssafy.vue.controller.MemberController [0;39m [2m:[0;39m 사용 가능한 토큰!!!
[2m2021-11-24 16:53:09.129[0;39m [32m INFO[0;39m [35m1574[0;39m [2m---[0;39m [2m[nio-9999-exec-8][0;39m [36mc.ssafy.vue.controller.BoardController  [0;39m [2m:[0;39m listArticle - 호출
[2m2021-11-24 16:53:11.011[0;39m [32m INFO[0;39m [35m1574[0;39m [2m---[0;39m [2m[nio-9999-exec-9][0;39m [36mcom.ssafy.vue.controller.QnaController  [0;39m [2m:[0;39m listArticle - 호출
[2m2021-11-24 16:53:14.663[0;39m [32m INFO[0;39m [35m1574[0;39m [2m---[0;39m [2m[io-9999-exec-10][0;39m [36mcom.ssafy.vue.controller.QnaController  [0;39m [2m:[0;39m ~~~~~~~getArticle - 호출 :~~~~~~~~~~ 11
[2m2021-11-24 16:53:14.709[0;39m [32m INFO[0;39m [35m1574[0;39m [2m---[0;39m [2m[nio-9999-exec-1][0;39m [36mcom.ssafy.vue.controller.MemoController [0;39m [2m:[0;39m listArticle - 호출
[2m2021-11-24 16:54:45.952[0;39m [32m INFO[0;39m [35m1574[0;39m [2m---[0;39m [2m[nio-9999-exec-3][0;39m [36mcom.ssafy.vue.controller.QnaController  [0;39m [2m:[0;39m listArticle - 호출
[2m2021-11-24 16:56:10.500[0;39m [32m INFO[0;39m [35m1574[0;39m [2m---[0;39m [2m[nio-9999-exec-5][0;39m [36mc.ssafy.vue.controller.BoardController  [0;39m [2m:[0;39m listArticle - 호출
[2m2021-11-24 16:56:19.086[0;39m [32mDEBUG[0;39m [35m1574[0;39m [2m---[0;39m [2m[nio-9999-exec-7][0;39m [36mc.ssafy.vue.controller.MemberController [0;39m [2m:[0;39m 로그인 토큰정보 : eyJ0eXAiOiJKV1QiLCJyZWdEYXRlIjoxNjM3NzQwNTc5MDg2LCJhbGciOiJIUzI1NiJ9.eyJleHAiOjE2Mzc3NDQxNzksInN1YiI6ImFjY2Vzcy10b2tlbiIsInVzZXJpZCI6InNzYWZ5In0.HS5nP3q7Ma3b_EEsATErPAnjvQlEBRtvG72yH-AoPH8
[2m2021-11-24 16:56:19.096[0;39m [32m INFO[0;39m [35m1574[0;39m [2m---[0;39m [2m[nio-9999-exec-8][0;39m [36mc.ssafy.vue.controller.MemberController [0;39m [2m:[0;39m 사용 가능한 토큰!!!
[2m2021-11-24 16:57:01.078[0;39m [32m INFO[0;39m [35m1574[0;39m [2m---[0;39m [2m[nio-9999-exec-9][0;39m [36mc.s.vue.controller.HouseMapController   [0;39m [2m:[0;39m sido - 호출
[2m2021-11-24 17:17:23.019[0;39m [32m INFO[0;39m [35m1574[0;39m [2m---[0;39m [2m[nio-9999-exec-1][0;39m [36mc.s.vue.controller.HouseMapController   [0;39m [2m:[0;39m sido - 호출
[2m2021-11-24 17:21:34.896[0;39m [32mDEBUG[0;39m [35m1574[0;39m [2m---[0;39m [2m[nio-9999-exec-3][0;39m [36mc.ssafy.vue.controller.MemberController [0;39m [2m:[0;39m 로그인 토큰정보 : eyJ0eXAiOiJKV1QiLCJyZWdEYXRlIjoxNjM3NzQyMDk0ODk0LCJhbGciOiJIUzI1NiJ9.eyJleHAiOjE2Mzc3NDU2OTQsInN1YiI6ImFjY2Vzcy10b2tlbiIsInVzZXJpZCI6InNzYWZ5In0.Tr4PUiOna8BKwKz_cZ8Mb5Une2LRwLuJfg__pFevgBg
[2m2021-11-24 17:21:34.920[0;39m [32m INFO[0;39m [35m1574[0;39m [2m---[0;39m [2m[nio-9999-exec-4][0;39m [36mc.ssafy.vue.controller.MemberController [0;39m [2m:[0;39m 사용 가능한 토큰!!!
[2m2021-11-24 17:33:36.803[0;39m [32mDEBUG[0;39m [35m1574[0;39m [2m---[0;39m [2m[nio-9999-exec-7][0;39m [36mc.ssafy.vue.controller.MemberController [0;39m [2m:[0;39m 로그인 토큰정보 : eyJ0eXAiOiJKV1QiLCJyZWdEYXRlIjoxNjM3NzQyODE2ODAyLCJhbGciOiJIUzI1NiJ9.eyJleHAiOjE2Mzc3NDY0MTYsInN1YiI6ImFjY2Vzcy10b2tlbiIsInVzZXJpZCI6InNzYWZ5In0.DhVD4MLu4shfUzCsKswyRedxISv4XaVmROe1JpCnVQE
[2m2021-11-24 17:33:36.823[0;39m [32m INFO[0;39m [35m1574[0;39m [2m---[0;39m [2m[nio-9999-exec-8][0;39m [36mc.ssafy.vue.controller.MemberController [0;39m [2m:[0;39m 사용 가능한 토큰!!!
[2m2021-11-24 17:42:42.348[0;39m [32m INFO[0;39m [35m1574[0;39m [2m---[0;39m [2m[io-9999-exec-10][0;39m [36mc.s.vue.controller.HouseMapController   [0;39m [2m:[0;39m sido - 호출
[2m2021-11-24 17:42:50.334[0;39m [32mDEBUG[0;39m [35m1574[0;39m [2m---[0;39m [2m[nio-9999-exec-5][0;39m [36mc.ssafy.vue.controller.MemberController [0;39m [2m:[0;39m memberDto info : com.ssafy.vue.model.MemberDto@4e514ead
[2m2021-11-24 17:49:51.735[0;39m [32m INFO[0;39m [35m1574[0;39m [2m---[0;39m [2m[(528)-127.0.0.1][0;39m [36minMXBeanRegistrar$SpringApplicationAdmin[0;39m [2m:[0;39m Application shutdown requested.
[2m2021-11-24 21:10:49.460[0;39m [32m INFO[0;39m [35m1642[0;39m [2m---[0;39m [2m[  restartedMain][0;39m [36m.e.DevToolsPropertyDefaultsPostProcessor[0;39m [2m:[0;39m Devtools property defaults active! Set 'spring.devtools.add-properties' to 'false' to disable
[2m2021-11-24 21:10:49.461[0;39m [32m INFO[0;39m [35m1642[0;39m [2m---[0;39m [2m[  restartedMain][0;39m [36m.e.DevToolsPropertyDefaultsPostProcessor[0;39m [2m:[0;39m For additional web related logging consider setting the 'logging.level.web' property to 'DEBUG'
[2m2021-11-24 21:10:50.151[0;39m [32m INFO[0;39m [35m1642[0;39m [2m---[0;39m [2m[  restartedMain][0;39m [36mo.s.b.w.embedded.tomcat.TomcatWebServer [0;39m [2m:[0;39m Tomcat initialized with port(s): 9999 (http)
[2m2021-11-24 21:10:50.181[0;39m [32m INFO[0;39m [35m1642[0;39m [2m---[0;39m [2m[  restartedMain][0;39m [36mw.s.c.ServletWebServerApplicationContext[0;39m [2m:[0;39m Root WebApplicationContext: initialization completed in 720 ms
[2m2021-11-24 21:10:50.557[0;39m [32m INFO[0;39m [35m1642[0;39m [2m---[0;39m [2m[  restartedMain][0;39m [36mo.s.b.d.a.OptionalLiveReloadServer      [0;39m [2m:[0;39m LiveReload server is running on port 35729
[2m2021-11-24 21:10:50.663[0;39m [32m INFO[0;39m [35m1642[0;39m [2m---[0;39m [2m[  restartedMain][0;39m [36mo.s.b.w.embedded.tomcat.TomcatWebServer [0;39m [2m:[0;39m Tomcat started on port(s): 9999 (http) with context path '/vue'
[2m2021-11-24 21:17:42.621[0;39m [32m INFO[0;39m [35m1642[0;39m [2m---[0;39m [2m[nio-9999-exec-1][0;39m [36mo.s.web.servlet.DispatcherServlet       [0;39m [2m:[0;39m Initializing Servlet 'dispatcherServlet'
[2m2021-11-24 21:17:42.624[0;39m [32m INFO[0;39m [35m1642[0;39m [2m---[0;39m [2m[nio-9999-exec-1][0;39m [36mo.s.web.servlet.DispatcherServlet       [0;39m [2m:[0;39m Completed initialization in 2 ms
[2m2021-11-24 21:17:43.095[0;39m [32mDEBUG[0;39m [35m1642[0;39m [2m---[0;39m [2m[nio-9999-exec-2][0;39m [36mc.ssafy.vue.controller.MemberController [0;39m [2m:[0;39m 로그인 토큰정보 : eyJ0eXAiOiJKV1QiLCJyZWdEYXRlIjoxNjM3NzU2MjYzMDc2LCJhbGciOiJIUzI1NiJ9.eyJleHAiOjE2Mzc3NTk4NjMsInN1YiI6ImFjY2Vzcy10b2tlbiIsInVzZXJpZCI6InNzYWZ5In0.uyKLMZTbqGN-EwXea-Am3Qyhh2Ogqm1K6c_YUMATx14
[2m2021-11-24 21:17:43.125[0;39m [32m INFO[0;39m [35m1642[0;39m [2m---[0;39m [2m[nio-9999-exec-4][0;39m [36mc.ssafy.vue.controller.MemberController [0;39m [2m:[0;39m 사용 가능한 토큰!!!
[2m2021-11-24 21:26:27.816[0;39m [32mDEBUG[0;39m [35m1642[0;39m [2m---[0;39m [2m[nio-9999-exec-6][0;39m [36mc.ssafy.vue.controller.MemberController [0;39m [2m:[0;39m 로그인 토큰정보 : eyJ0eXAiOiJKV1QiLCJyZWdEYXRlIjoxNjM3NzU2Nzg3ODE1LCJhbGciOiJIUzI1NiJ9.eyJleHAiOjE2Mzc3NjAzODcsInN1YiI6ImFjY2Vzcy10b2tlbiIsInVzZXJpZCI6ImFkbWluIn0.Hu1aJQlHRIgdceZsUTLorUDmKQElRcT97ZvMmWnoxEQ
[2m2021-11-24 21:26:27.836[0;39m [32m INFO[0;39m [35m1642[0;39m [2m---[0;39m [2m[nio-9999-exec-8][0;39m [36mc.ssafy.vue.controller.MemberController [0;39m [2m:[0;39m 사용 가능한 토큰!!!
[2m2021-11-24 21:26:57.968[0;39m [32m INFO[0;39m [35m1642[0;39m [2m---[0;39m [2m[nio-9999-exec-9][0;39m [36mc.s.vue.controller.HouseMapController   [0;39m [2m:[0;39m sido - 호출
[2m2021-11-24 21:27:02.878[0;39m [32m INFO[0;39m [35m1642[0;39m [2m---[0;39m [2m[io-9999-exec-10][0;39m [36mc.s.vue.controller.HouseMapController   [0;39m [2m:[0;39m gugun - 호출
[2m2021-11-24 21:35:16.854[0;39m [32m INFO[0;39m [35m1642[0;39m [2m---[0;39m [2m[nio-9999-exec-3][0;39m [36mc.s.vue.controller.HouseMapController   [0;39m [2m:[0;39m sido - 호출
[2m2021-11-24 21:35:18.879[0;39m [32m INFO[0;39m [35m1642[0;39m [2m---[0;39m [2m[nio-9999-exec-4][0;39m [36mc.s.vue.controller.HouseMapController   [0;39m [2m:[0;39m gugun - 호출
[2m2021-11-24 21:48:23.152[0;39m [32m INFO[0;39m [35m1642[0;39m [2m---[0;39m [2m[nio-9999-exec-9][0;39m [36mc.s.vue.controller.HouseMapController   [0;39m [2m:[0;39m gugun - 호출
[2m2021-11-24 21:48:40.364[0;39m [32m INFO[0;39m [35m1642[0;39m [2m---[0;39m [2m[io-9999-exec-10][0;39m [36mc.s.vue.controller.HouseMapController   [0;39m [2m:[0;39m gugun - 호출
[2m2021-11-24 23:00:51.879[0;39m [32mDEBUG[0;39m [35m1642[0;39m [2m---[0;39m [2m[nio-9999-exec-4][0;39m [36mc.ssafy.vue.controller.MemberController [0;39m [2m:[0;39m 로그인 토큰정보 : eyJ0eXAiOiJKV1QiLCJyZWdEYXRlIjoxNjM3NzYyNDUxODc4LCJhbGciOiJIUzI1NiJ9.eyJleHAiOjE2Mzc3NjYwNTEsInN1YiI6ImFjY2Vzcy10b2tlbiIsInVzZXJpZCI6InNzYWZ5In0.6BjTKnDFJlQerNaWNnPUh5OzldmGcGNuU_OOAvFPjlo
[2m2021-11-24 23:00:51.899[0;39m [32m INFO[0;39m [35m1642[0;39m [2m---[0;39m [2m[nio-9999-exec-6][0;39m [36mc.ssafy.vue.controller.MemberController [0;39m [2m:[0;39m 사용 가능한 토큰!!!
[2m2021-11-24 23:00:58.096[0;39m [32m INFO[0;39m [35m1642[0;39m [2m---[0;39m [2m[nio-9999-exec-7][0;39m [36mc.ssafy.vue.controller.BoardController  [0;39m [2m:[0;39m listArticle - 호출
[2m2021-11-24 23:00:59.688[0;39m [32m INFO[0;39m [35m1642[0;39m [2m---[0;39m [2m[nio-9999-exec-8][0;39m [36mcom.ssafy.vue.controller.QnaController  [0;39m [2m:[0;39m listArticle - 호출
[2m2021-11-24 23:26:33.238[0;39m [32mDEBUG[0;39m [35m1642[0;39m [2m---[0;39m [2m[io-9999-exec-10][0;39m [36mc.ssafy.vue.controller.MemberController [0;39m [2m:[0;39m 로그인 토큰정보 : eyJ0eXAiOiJKV1QiLCJyZWdEYXRlIjoxNjM3NzYzOTkzMjM3LCJhbGciOiJIUzI1NiJ9.eyJleHAiOjE2Mzc3Njc1OTMsInN1YiI6ImFjY2Vzcy10b2tlbiIsInVzZXJpZCI6ImFkbWluIn0.ZJI2a1OHUKY2B9EDm_48AVJmmYdYtDFEukScSNj3yME
[2m2021-11-24 23:26:33.255[0;39m [32m INFO[0;39m [35m1642[0;39m [2m---[0;39m [2m[nio-9999-exec-2][0;39m [36mc.ssafy.vue.controller.MemberController [0;39m [2m:[0;39m 사용 가능한 토큰!!!
[2m2021-11-24 23:27:57.263[0;39m [32m INFO[0;39m [35m1642[0;39m [2m---[0;39m [2m[       Thread-6][0;39m [36mcom.zaxxer.hikari.HikariDataSource      [0;39m [2m:[0;39m HikariPool-1 - Shutdown initiated...
[2m2021-11-24 23:27:57.263[0;39m [32mDEBUG[0;39m [35m1642[0;39m [2m---[0;39m [2m[       Thread-6][0;39m [36mcom.zaxxer.hikari.pool.HikariPool       [0;39m [2m:[0;39m HikariPool-1 - Before shutdown stats (total=10, active=0, idle=10, waiting=0)
[2m2021-11-24 23:27:57.264[0;39m [32mDEBUG[0;39m [35m1642[0;39m [2m---[0;39m [2m[nnection closer][0;39m [36mcom.zaxxer.hikari.pool.PoolBase         [0;39m [2m:[0;39m HikariPool-1 - Closing connection com.mysql.cj.jdbc.ConnectionImpl@5ee445d9: (connection evicted)
[2m2021-11-24 23:27:57.265[0;39m [32mDEBUG[0;39m [35m1642[0;39m [2m---[0;39m [2m[nnection closer][0;39m [36mcom.zaxxer.hikari.pool.PoolBase         [0;39m [2m:[0;39m HikariPool-1 - Closing connection com.mysql.cj.jdbc.ConnectionImpl@5023a075: (connection evicted)
[2m2021-11-24 23:27:57.266[0;39m [32mDEBUG[0;39m [35m1642[0;39m [2m---[0;39m [2m[nnection closer][0;39m [36mcom.zaxxer.hikari.pool.PoolBase         [0;39m [2m:[0;39m HikariPool-1 - Closing connection com.mysql.cj.jdbc.ConnectionImpl@541c2ea9: (connection evicted)
[2m2021-11-24 23:27:57.267[0;39m [32mDEBUG[0;39m [35m1642[0;39m [2m---[0;39m [2m[nnection closer][0;39m [36mcom.zaxxer.hikari.pool.PoolBase         [0;39m [2m:[0;39m HikariPool-1 - Closing connection com.mysql.cj.jdbc.ConnectionImpl@111eaa4e: (connection evicted)
[2m2021-11-24 23:27:57.267[0;39m [32mDEBUG[0;39m [35m1642[0;39m [2m---[0;39m [2m[nnection closer][0;39m [36mcom.zaxxer.hikari.pool.PoolBase         [0;39m [2m:[0;39m HikariPool-1 - Closing connection com.mysql.cj.jdbc.ConnectionImpl@6d28ef39: (connection evicted)
[2m2021-11-24 23:27:57.268[0;39m [32mDEBUG[0;39m [35m1642[0;39m [2m---[0;39m [2m[nnection closer][0;39m [36mcom.zaxxer.hikari.pool.PoolBase         [0;39m [2m:[0;39m HikariPool-1 - Closing connection com.mysql.cj.jdbc.ConnectionImpl@2045dae1: (connection evicted)
[2m2021-11-24 23:27:57.268[0;39m [32mDEBUG[0;39m [35m1642[0;39m [2m---[0;39m [2m[nnection closer][0;39m [36mcom.zaxxer.hikari.pool.PoolBase         [0;39m [2m:[0;39m HikariPool-1 - Closing connection com.mysql.cj.jdbc.ConnectionImpl@1599c126: (connection evicted)
[2m2021-11-24 23:27:57.268[0;39m [32mDEBUG[0;39m [35m1642[0;39m [2m---[0;39m [2m[nnection closer][0;39m [36mcom.zaxxer.hikari.pool.PoolBase         [0;39m [2m:[0;39m HikariPool-1 - Closing connection com.mysql.cj.jdbc.ConnectionImpl@71315501: (connection evicted)
[2m2021-11-24 23:27:57.270[0;39m [32mDEBUG[0;39m [35m1642[0;39m [2m---[0;39m [2m[nnection closer][0;39m [36mcom.zaxxer.hikari.pool.PoolBase         [0;39m [2m:[0;39m HikariPool-1 - Closing connection com.mysql.cj.jdbc.ConnectionImpl@5bca3d39: (connection evicted)
[2m2021-11-24 23:27:57.271[0;39m [32mDEBUG[0;39m [35m1642[0;39m [2m---[0;39m [2m[nnection closer][0;39m [36mcom.zaxxer.hikari.pool.PoolBase         [0;39m [2m:[0;39m HikariPool-1 - Closing connection com.mysql.cj.jdbc.ConnectionImpl@55d67673: (connection evicted)
[2m2021-11-24 23:27:57.271[0;39m [32mDEBUG[0;39m [35m1642[0;39m [2m---[0;39m [2m[       Thread-6][0;39m [36mcom.zaxxer.hikari.pool.HikariPool       [0;39m [2m:[0;39m HikariPool-1 - After shutdown stats (total=0, active=0, idle=0, waiting=0)
[2m2021-11-24 23:27:57.272[0;39m [32m INFO[0;39m [35m1642[0;39m [2m---[0;39m [2m[       Thread-6][0;39m [36mcom.zaxxer.hikari.HikariDataSource      [0;39m [2m:[0;39m HikariPool-1 - Shutdown completed.
[2m2021-11-24 23:27:59.351[0;39m [32m INFO[0;39m [35m1642[0;39m [2m---[0;39m [2m[  restartedMain][0;39m [36mo.s.b.w.embedded.tomcat.TomcatWebServer [0;39m [2m:[0;39m Tomcat initialized with port(s): 9999 (http)
[2m2021-11-24 23:27:59.354[0;39m [32m INFO[0;39m [35m1642[0;39m [2m---[0;39m [2m[  restartedMain][0;39m [36mw.s.c.ServletWebServerApplicationContext[0;39m [2m:[0;39m Root WebApplicationContext: initialization completed in 153 ms
[2m2021-11-24 23:27:59.479[0;39m [32m INFO[0;39m [35m1642[0;39m [2m---[0;39m [2m[  restartedMain][0;39m [36mo.s.b.d.a.OptionalLiveReloadServer      [0;39m [2m:[0;39m LiveReload server is running on port 35729
[2m2021-11-24 23:27:59.538[0;39m [32m INFO[0;39m [35m1642[0;39m [2m---[0;39m [2m[  restartedMain][0;39m [36mo.s.b.w.embedded.tomcat.TomcatWebServer [0;39m [2m:[0;39m Tomcat started on port(s): 9999 (http) with context path '/vue'
[2m2021-11-24 23:27:59.613[0;39m [32m INFO[0;39m [35m1642[0;39m [2m---[0;39m [2m[  restartedMain][0;39m [36m.ConditionEvaluationDeltaLoggingListener[0;39m [2m:[0;39m Condition evaluation unchanged
[2m2021-11-24 23:32:07.574[0;39m [32m INFO[0;39m [35m1642[0;39m [2m---[0;39m [2m[nio-9999-exec-1][0;39m [36mo.s.web.servlet.DispatcherServlet       [0;39m [2m:[0;39m Initializing Servlet 'dispatcherServlet'
[2m2021-11-24 23:32:07.582[0;39m [32m INFO[0;39m [35m1642[0;39m [2m---[0;39m [2m[nio-9999-exec-1][0;39m [36mo.s.web.servlet.DispatcherServlet       [0;39m [2m:[0;39m Completed initialization in 6 ms
